BLOCK00/SES002/SA002S12	SES002	0.712814	-52.1196	-52.8324
BLOCK00/SES002/SA002S13	SES002	0.519909	-52.2097	-52.7296
BLOCK00/SES002/SA002S23	SES002	0.68346	-52.1785	-52.8619
BLOCK00/SES002/SA002S26	SES002	0.515102	-52.0069	-52.522
BLOCK00/SES002/SA002S28	SES002	0.599339	-51.7487	-52.3481
BLOCK00/SES007/SA007S14	SES007	0.488689	-53.0995	-53.5882
BLOCK00/SES007/SA007S15	SES007	0.288948	-53.3932	-53.6821
BLOCK00/SES007/SA007S24	SES007	0.552601	-53.4134	-53.966
BLOCK00/SES007/SA007S27	SES007	0.372601	-53.7376	-54.1102
BLOCK00/SES007/SA007S29	SES007	0.637871	-52.3553	-52.9932
BLOCK00/SES008/SA008S11	SES008	0.305405	-53.6866	-53.992
BLOCK00/SES008/SA008S12	SES008	0.302219	-53.279	-53.5812
BLOCK00/SES008/SA008S19	SES008	0.448681	-52.4989	-52.9476
BLOCK00/SES008/SA008S22	SES008	0.33519	-53.3794	-53.7146
BLOCK00/SES008/SA008S29	SES008	0.464428	-52.9395	-53.404
BLOCK01/SES014/SA014S10	SES014	0.286812	-51.5708	-51.8576
BLOCK01/SES014/SA014S12	SES014	0.591522	-51.4426	-52.0341
BLOCK01/SES014/SA014S24	SES014	0.395439	-51.6448	-52.0402
BLOCK01/SES014/SA014S26	SES014	0.593037	-51.1335	-51.7265
BLOCK01/SES014/SA014S28	SES014	0.452488	-51.8035	-52.256
BLOCK01/SES016/SA016S12	SES016	0.346813	-53.8142	-54.161
BLOCK01/SES016/SA016S13	SES016	0.323036	-53.7649	-54.0879
BLOCK01/SES016/SA016S22	SES016	0.241585	-54.4863	-54.7279
BLOCK01/SES016/SA016S25	SES016	0.216805	-53.4271	-53.6439
BLOCK01/SES016/SA016S27	SES016	0.282696	-53.3036	-53.5863
BLOCK01/SES019/SA019S13	SES019	0.604332	-54.3114	-54.9158
BLOCK01/SES019/SA019S14	SES019	0.489063	-53.612	-54.101
BLOCK01/SES019/SA019S22	SES019	0.310295	-53.5755	-53.8858
BLOCK01/SES019/SA019S25	SES019	0.382915	-53.5686	-53.9515
BLOCK01/SES019/SA019S29	SES019	0.506779	-54.6141	-55.1209
BLOCK02/SES029/SA029S11	SES029	-0.049202	-53.8287	-53.7795
BLOCK02/SES029/SA029S12	SES029	-0.0631981	-53.5844	-53.5212
BLOCK02/SES029/SA029S20	SES029	-0.026783	-55.1383	-55.1115
BLOCK02/SES029/SA029S25	SES029	-0.0089798	-53.7786	-53.7696
BLOCK02/SES029/SA029S28	SES029	-0.0217476	-54.3152	-54.2935
BLOCK04/SES042/SA042S12	SES042	0.753761	-51.8589	-52.6126
BLOCK04/SES042/SA042S15	SES042	0.925293	-51.5769	-52.5022
BLOCK04/SES042/SA042S22	SES042	0.776005	-51.3323	-52.1083
BLOCK04/SES042/SA042S25	SES042	0.847778	-51.5238	-52.3715
BLOCK04/SES042/SA042S27	SES042	0.696796	-51.1483	-51.8451
BLOCK04/SES048/SA048S11	SES048	0.307846	-52.5242	-52.832
BLOCK04/SES048/SA048S12	SES048	0.3876	-51.8326	-52.2202
BLOCK04/SES048/SA048S20	SES048	0.396149	-52.0529	-52.4491
BLOCK04/SES048/SA048S23	SES048	0.242382	-53.2895	-53.5319
BLOCK04/SES048/SA048S27	SES048	0.437298	-51.8057	-52.243
BLOCK06/SES060/SA060S11	SES060	0.451916	-53.0149	-53.4668
BLOCK06/SES060/SA060S12	SES060	0.422619	-54.1259	-54.5485
BLOCK06/SES060/SA060S22	SES060	0.582058	-52.4808	-53.0629
BLOCK06/SES060/SA060S24	SES060	0.378761	-52.3014	-52.6802
BLOCK06/SES060/SA060S28	SES060	0.715504	-51.6986	-52.4141
BLOCK06/SES062/SA062S10	SES062	0.422997	-52.0373	-52.4603
BLOCK06/SES062/SA062S11	SES062	0.881561	-51.9913	-52.8728
BLOCK06/SES062/SA062S21	SES062	0.514973	-51.8461	-52.3611
BLOCK06/SES062/SA062S26	SES062	0.644493	-51.8067	-52.4512
BLOCK06/SES062/SA062S29	SES062	0.522144	-51.8637	-52.3858
BLOCK06/SES068/SA068S14	SES068	0.58316	-52.7693	-53.3525
BLOCK06/SES068/SA068S15	SES068	0.637123	-52.1111	-52.7482
BLOCK06/SES068/SA068S23	SES068	0.105022	-54.1381	-54.2431
BLOCK06/SES068/SA068S27	SES068	0.452557	-53.6913	-54.1438
BLOCK06/SES068/SA068S29	SES068	0.590511	-52.7215	-53.312
BLOCK08/SES082/SA082S12	SES082	0.213161	-52.3997	-52.6128
BLOCK08/SES082/SA082S14	SES082	0.116936	-52.9556	-53.0726
BLOCK08/SES082/SA082S21	SES082	0.0812645	-52.9303	-53.0116
BLOCK08/SES082/SA082S24	SES082	-0.0601883	-53.0957	-53.0355
BLOCK08/SES082/SA082S28	SES082	0.0529938	-52.9803	-53.0333
BLOCK08/SES083/SA083S14	SES083	0.611637	-53.262	-53.8736
BLOCK08/SES083/SA083S15	SES083	0.547325	-52.7512	-53.2985
BLOCK08/SES083/SA083S24	SES083	0.290558	-53.5864	-53.877
BLOCK08/SES083/SA083S26	SES083	0.329117	-52.4375	-52.7667
BLOCK08/SES083/SA083S29	SES083	0.468361	-52.759	-53.2274
BLOCK08/SES085/SA085S10	SES085	0.196964	-54.3272	-54.5242
BLOCK08/SES085/SA085S13	SES085	0.714722	-53.4291	-54.1439
BLOCK08/SES085/SA085S22	SES085	0.417709	-54.7667	-55.1844
BLOCK08/SES085/SA085S26	SES085	0.225792	-54.3668	-54.5926
BLOCK08/SES085/SA085S28	SES085	0.520561	-52.9286	-53.4492
BLOCK08/SES087/SA087S15	SES087	0.574566	-51.5753	-52.1499
BLOCK08/SES087/SA087S16	SES087	0.597618	-51.9627	-52.5603
BLOCK08/SES087/SA087S24	SES087	0.815331	-51.903	-52.7184
BLOCK08/SES087/SA087S26	SES087	0.646763	-51.5594	-52.2062
BLOCK08/SES087/SA087S29	SES087	0.770786	-51.741	-52.5117
BLOCK09/SES099/SA099S15	SES099	0.678493	-52.7486	-53.4271
BLOCK09/SES099/SA099S16	SES099	0.860985	-52.9408	-53.8018
BLOCK09/SES099/SA099S24	SES099	0.759914	-52.114	-52.8739
BLOCK09/SES099/SA099S26	SES099	0.793369	-52.4191	-53.2125
BLOCK09/SES099/SA099S29	SES099	0.540604	-52.3687	-52.9094
BLOCK10/SES101/SA101S11	SES101	0.718685	-52.7531	-53.4718
BLOCK10/SES101/SA101S13	SES101	0.688946	-53.0275	-53.7164
BLOCK10/SES101/SA101S22	SES101	0.301605	-53.2313	-53.5329
BLOCK10/SES101/SA101S24	SES101	0.668827	-52.9375	-53.6063
BLOCK10/SES101/SA101S28	SES101	0.299969	-53.9836	-54.2836
BLOCK10/SES104/SA104S11	SES104	0.606377	-51.4251	-52.0315
BLOCK10/SES104/SA104S12	SES104	0.558033	-51.8418	-52.3998
BLOCK10/SES104/SA104S21	SES104	0.546566	-52.3502	-52.8968
BLOCK10/SES104/SA104S24	SES104	0.52869	-52.2568	-52.7855
BLOCK10/SES104/SA104S28	SES104	0.395943	-51.7932	-52.1892
BLOCK10/SES105/SA105S12	SES105	0.175541	-53.0386	-53.2142
BLOCK10/SES105/SA105S13	SES105	0.167038	-52.9212	-53.0883
BLOCK10/SES105/SA105S22	SES105	0.132263	-53.6158	-53.7481
BLOCK10/SES105/SA105S26	SES105	0.131195	-53.2742	-53.4054
BLOCK10/SES105/SA105S29	SES105	0.126015	-53.7544	-53.8804
BLOCK10/SES106/SA106S09	SES106	0.249718	-52.9294	-53.1792
BLOCK10/SES106/SA106S11	SES106	0.486279	-52.3998	-52.8861
BLOCK10/SES106/SA106S22	SES106	0.0467834	-53.5789	-53.6257
BLOCK10/SES106/SA106S27	SES106	0.289982	-52.4927	-52.7827
BLOCK10/SES106/SA106S29	SES106	0.591316	-51.5302	-52.1215
BLOCK11/SES117/SA117S12	SES117	-0.0834198	-53.1769	-53.0935
BLOCK11/SES117/SA117S13	SES117	-0.00662613	-52.9084	-52.9017
BLOCK11/SES117/SA117S23	SES117	0.374756	-54.4365	-54.8112
BLOCK11/SES117/SA117S25	SES117	0.107536	-53.9901	-54.0976
BLOCK11/SES117/SA117S28	SES117	0.156864	-53.8555	-54.0123
BLOCK12/SES120/SA120S08	SES120	-0.0225258	-53.896	-53.8735
BLOCK12/SES120/SA120S11	SES120	0.106335	-54.2174	-54.3237
BLOCK12/SES120/SA120S22	SES120	-0.0801048	-54.0145	-53.9344
BLOCK12/SES120/SA120S24	SES120	0.0929718	-53.6814	-53.7743
BLOCK12/SES120/SA120S28	SES120	0.112251	-54.1757	-54.288
BLOCK12/SES125/SA125S13	SES125	0.425133	-51.6879	-52.1131
BLOCK12/SES125/SA125S14	SES125	0.361145	-52.053	-52.4142
BLOCK12/SES125/SA125S25	SES125	0.506813	-51.7166	-52.2234
BLOCK12/SES125/SA125S27	SES125	0.662384	-51.0496	-51.712
BLOCK12/SES125/SA125S29	SES125	0.475346	-51.7628	-52.2382
BLOCK12/SES127/SA127S11	SES127	0.238667	-53.358	-53.5966
BLOCK12/SES127/SA127S12	SES127	-0.359097	-54.2172	-53.8581
BLOCK12/SES127/SA127S23	SES127	0.087986	-53.4802	-53.5682
BLOCK12/SES127/SA127S25	SES127	-0.595234	-54.1637	-53.5685
BLOCK12/SES127/SA127S27	SES127	0.0877914	-53.39	-53.4778
BLOCK12/SES129/SA129S11	SES129	0.856476	-51.2129	-52.0693
BLOCK12/SES129/SA129S12	SES129	0.624725	-51.2895	-51.9142
BLOCK12/SES129/SA129S22	SES129	0.961357	-50.627	-51.5884
BLOCK12/SES129/SA129S27	SES129	1.00676	-50.5449	-51.5516
BLOCK12/SES129/SA129S29	SES129	1.00562	-50.8737	-51.8794
BLOCK14/SES142/SA142S11	SES142	0.29641	-54.7096	-55.006
BLOCK14/SES142/SA142S12	SES142	0.290668	-55.3023	-55.593
BLOCK14/SES142/SA142S24	SES142	0.479252	-55.3901	-55.8694
BLOCK14/SES142/SA142S27	SES142	0.250397	-53.9886	-54.239
BLOCK14/SES142/SA142S29	SES142	0.112713	-53.3248	-53.4375
BLOCK14/SES143/SA143S12	SES143	0.453056	-53.4487	-53.9017
BLOCK14/SES143/SA143S13	SES143	0.366299	-53.8326	-54.1989
BLOCK14/SES143/SA143S23	SES143	0.489395	-54.4063	-54.8957
BLOCK14/SES143/SA143S25	SES143	0.462757	-54.8376	-55.3003
BLOCK14/SES143/SA143S28	SES143	0.367722	-52.705	-53.0727
BLOCK14/SES144/SA144S09	SES144	0.224491	-52.7634	-52.9879
BLOCK14/SES144/SA144S11	SES144	0.237972	-54.1463	-54.3842
BLOCK14/SES144/SA144S21	SES144	0.0704765	-53.0016	-53.0721
BLOCK14/SES144/SA144S25	SES144	0.236359	-52.7638	-53.0002
BLOCK14/SES144/SA144S29	SES144	0.130981	-53.8618	-53.9928
BLOCK14/SES146/SA146S14	SES146	0.0167122	-53.3646	-53.3814
BLOCK14/SES146/SA146S15	SES146	0.105446	-53.3401	-53.4455
BLOCK14/SES146/SA146S24	SES146	0.0475616	-52.9958	-53.0434
BLOCK14/SES146/SA146S26	SES146	0.0414352	-53.9782	-54.0196
BLOCK14/SES146/SA146S29	SES146	0.0133667	-53.5305	-53.5438
BLOCK14/SES147/SA147S11	SES147	0.11911	-53.47	-53.5891
BLOCK14/SES147/SA147S13	SES147	0.334286	-53.1994	-53.5337
BLOCK14/SES147/SA147S23	SES147	0.302822	-54.7324	-55.0352
BLOCK14/SES147/SA147S26	SES147	0.185162	-53.5462	-53.7314
BLOCK14/SES147/SA147S28	SES147	0.472656	-54.4843	-54.957
BLOCK14/SES148/SA148S10	SES148	0.417645	-52.8486	-53.2662
BLOCK14/SES148/SA148S12	SES148	0.392792	-53.524	-53.9168
BLOCK14/SES148/SA148S22	SES148	0.521793	-52.4561	-52.9778
BLOCK14/SES148/SA148S26	SES148	0.344509	-53.4297	-53.7742
BLOCK14/SES148/SA148S29	SES148	0.387745	-53.4317	-53.8195
BLOCK14/SES149/SA149S13	SES149	0.231205	-53.6141	-53.8453
BLOCK14/SES149/SA149S14	SES149	0.293404	-52.5617	-52.8551
BLOCK14/SES149/SA149S24	SES149	0.146557	-52.6639	-52.8104
BLOCK14/SES149/SA149S26	SES149	0.217884	-52.3847	-52.6026
BLOCK14/SES149/SA149S28	SES149	0.27351	-52.8086	-53.0821
BLOCK15/SES158/SA158S13	SES158	0.462242	-53.4753	-53.9375
BLOCK15/SES158/SA158S14	SES158	0.181248	-53.3572	-53.5384
BLOCK15/SES158/SA158S23	SES158	0.472328	-53.1288	-53.6011
BLOCK15/SES158/SA158S26	SES158	0.398903	-53.4888	-53.8877
BLOCK15/SES158/SA158S28	SES158	0.287209	-52.9003	-53.1875
BLOCK16/SES162/SA162S10	SES162	0.553345	-52.8446	-53.3979
BLOCK16/SES162/SA162S11	SES162	0.196716	-54.0343	-54.231
BLOCK16/SES162/SA162S21	SES162	0.313904	-54.5451	-54.859
BLOCK16/SES162/SA162S24	SES162	0.356335	-54.2538	-54.6101
BLOCK16/SES162/SA162S27	SES162	0.406952	-53.8853	-54.2922
BLOCK16/SES167/SA167S14	SES167	0.691898	-52.4247	-53.1166
BLOCK16/SES167/SA167S15	SES167	0.415474	-53.3308	-53.7463
BLOCK16/SES167/SA167S21	SES167	0.391541	-52.9477	-53.3392
BLOCK16/SES167/SA167S25	SES167	0.557552	-52.3828	-52.9404
BLOCK16/SES167/SA167S29	SES167	0.567322	-53.0877	-53.655
BLOCK17/SES172/SA172S12	SES172	0.799469	-52.5665	-53.3659
BLOCK17/SES172/SA172S13	SES172	0.616768	-53.4185	-54.0352
BLOCK17/SES172/SA172S23	SES172	0.610168	-52.4891	-53.0992
BLOCK17/SES172/SA172S27	SES172	0.785988	-52.878	-53.664
BLOCK17/SES172/SA172S29	SES172	0.763844	-53.0804	-53.8442
BLOCK17/SES175/SA175S11	SES175	0.406963	-54.5652	-54.9722
BLOCK17/SES175/SA175S13	SES175	0.118397	-54.5841	-54.7025
BLOCK17/SES175/SA175S23	SES175	0.363571	-54.3878	-54.7514
BLOCK17/SES175/SA175S25	SES175	0.394497	-55.1547	-55.5492
BLOCK17/SES175/SA175S28	SES175	0.458778	-54.6585	-55.1173
BLOCK17/SES177/SA177S15	SES177	0.494881	-53.3539	-53.8487
BLOCK17/SES177/SA177S17	SES177	0.482738	-53.3412	-53.824
BLOCK17/SES177/SA177S23	SES177	0.657433	-53.0553	-53.7128
BLOCK17/SES177/SA177S26	SES177	0.544617	-53.0067	-53.5513
BLOCK17/SES177/SA177S28	SES177	0.551258	-52.8071	-53.3583
BLOCK18/SES180/SA180S13	SES180	0.496197	-53.2386	-53.7348
BLOCK18/SES180/SA180S15	SES180	0.33395	-53.3064	-53.6404
BLOCK18/SES180/SA180S24	SES180	0.232182	-52.5367	-52.7689
BLOCK18/SES180/SA180S26	SES180	0.279495	-52.6866	-52.966
BLOCK18/SES180/SA180S29	SES180	0.512455	-53.1391	-53.6516
BLOCK18/SES183/SA183S13	SES183	0.453445	-53.5919	-54.0453
BLOCK18/SES183/SA183S14	SES183	0.277443	-53.1398	-53.4172
BLOCK18/SES183/SA183S24	SES183	0.476879	-53.7392	-54.2161
BLOCK18/SES183/SA183S27	SES183	0.454117	-52.8869	-53.341
BLOCK18/SES183/SA183S29	SES183	0.434456	-53.0465	-53.4809
BLOCK18/SES187/SA187S13	SES187	0.450203	-55.3641	-55.8143
BLOCK18/SES187/SA187S14	SES187	0.232956	-54.6518	-54.8847
BLOCK18/SES187/SA187S24	SES187	0.401257	-55.9584	-56.3597
BLOCK18/SES187/SA187S27	SES187	0.100628	-54.2162	-54.3168
BLOCK18/SES187/SA187S29	SES187	0.184334	-54.9186	-55.103
BLOCK18/SES189/SA189S10	SES189	1.69505	-56.4319	-58.1269
BLOCK18/SES189/SA189S13	SES189	2.20524	-57.2265	-59.4317
BLOCK18/SES189/SA189S24	SES189	1.93209	-56.8611	-58.7932
BLOCK18/SES189/SA189S26	SES189	1.44021	-56.4035	-57.8437
BLOCK18/SES189/SA189S29	SES189	1.93156	-56.7627	-58.6943
BLOCK20/SES202/SA202S12	SES202	0.489845	-54.1952	-54.6851
BLOCK20/SES202/SA202S14	SES202	0.646652	-54.3258	-54.9724
BLOCK20/SES202/SA202S24	SES202	0.583549	-54.5839	-55.1674
BLOCK20/SES202/SA202S27	SES202	0.575901	-53.6434	-54.2193
BLOCK20/SES202/SA202S29	SES202	0.776672	-53.9278	-54.7045
BLOCK20/SES206/SA206S15	SES206	0.833778	-52.6016	-53.4353
BLOCK20/SES206/SA206S17	SES206	0.510582	-52.3002	-52.8108
BLOCK20/SES206/SA206S24	SES206	0.836784	-52.0551	-52.8919
BLOCK20/SES206/SA206S27	SES206	0.725872	-52.5242	-53.2501
BLOCK20/SES206/SA206S29	SES206	0.742714	-51.5965	-52.3392
BLOCK22/SES226/SA226S12	SES226	0.327988	-52.1586	-52.4866
BLOCK22/SES226/SA226S13	SES226	0.464546	-53.0856	-53.5502
BLOCK22/SES226/SA226S20	SES226	0.339111	-52.6396	-52.9787
BLOCK22/SES226/SA226S23	SES226	0.469288	-52.2171	-52.6863
BLOCK22/SES226/SA226S28	SES226	0.483265	-51.9612	-52.4444
BLOCK25/SES259/SA259S13	SES259	0.371948	-52.6971	-53.069
BLOCK25/SES259/SA259S14	SES259	0.464314	-52.4549	-52.9192
BLOCK25/SES259/SA259S22	SES259	0.6096	-51.8083	-52.4179
BLOCK25/SES259/SA259S24	SES259	0.515335	-51.2535	-51.7688
BLOCK25/SES259/SA259S28	SES259	0.516495	-51.7288	-52.2453
BLOCK27/SES270/SA270S14	SES270	0.179741	-53.5959	-53.7756
BLOCK27/SES270/SA270S16	SES270	0.247284	-53.3239	-53.5712
BLOCK27/SES270/SA270S22	SES270	0.248798	-53.3647	-53.6134
BLOCK27/SES270/SA270S26	SES270	0.196476	-53.5847	-53.7812
BLOCK27/SES270/SA270S28	SES270	0.420231	-53.0245	-53.4447
BLOCK27/SES275/SA275S17	SES275	0.225323	-53.6986	-53.9239
BLOCK27/SES275/SA275S18	SES275	0.241047	-53.4178	-53.6588
BLOCK27/SES275/SA275S24	SES275	0.159687	-53.2105	-53.3702
BLOCK27/SES275/SA275S26	SES275	0.29776	-52.1921	-52.4899
BLOCK27/SES275/SA275S28	SES275	0.124157	-52.5411	-52.6652
BLOCK29/SES292/SA292S10	SES292	0.0250168	-53.7863	-53.8113
BLOCK29/SES292/SA292S12	SES292	0.0464516	-54.4848	-54.5313
BLOCK29/SES292/SA292S22	SES292	0.269749	-52.4199	-52.6897
BLOCK29/SES292/SA292S24	SES292	0.0418625	-53.1127	-53.1546
BLOCK29/SES292/SA292S27	SES292	-0.0150986	-53.1986	-53.1835
BLOCK00/SES001/SA001S14	SES062	0.379353	-51.4819	-51.8612
BLOCK00/SES001/SA001S14	SES082	0.050602	-51.8106	-51.8612
BLOCK00/SES001/SA001S14	SES106	-0.619492	-52.4807	-51.8612
BLOCK00/SES001/SA001S14	SES206	-0.358757	-52.22	-51.8612
BLOCK00/SES001/SA001S15	SES062	0.526287	-51.2078	-51.7341
BLOCK00/SES001/SA001S15	SES104	0.142906	-51.5912	-51.7341
BLOCK00/SES001/SA001S15	SES106	-0.461731	-52.1958	-51.7341
BLOCK00/SES001/SA001S15	SES206	-0.208866	-51.943	-51.7341
BLOCK00/SES001/SA001S24	SES062	-0.188484	-53.311	-53.1225
BLOCK00/SES001/SA001S24	SES082	-0.0795479	-53.2021	-53.1225
BLOCK00/SES001/SA001S24	SES087	-0.145451	-53.268	-53.1225
BLOCK00/SES001/SA001S24	SES206	-0.00572586	-53.1283	-53.1225
BLOCK00/SES001/SA001S27	SES062	0.292538	-52.314	-52.6065
BLOCK00/SES001/SA001S27	SES082	0.274456	-52.332	-52.6065
BLOCK00/SES001/SA001S27	SES087	0.342579	-52.2639	-52.6065
BLOCK00/SES001/SA001S27	SES206	0.36541	-52.2411	-52.6065
BLOCK00/SES001/SA001S29	SES062	-0.0221977	-52.8348	-52.8126
BLOCK00/SES001/SA001S29	SES082	-0.0885086	-52.9011	-52.8126
BLOCK00/SES001/SA001S29	SES158	-0.0761719	-52.8887	-52.8126
BLOCK00/SES001/SA001S29	SES206	-0.434296	-53.2469	-52.8126
BLOCK00/SES003/SA003S11	SES002	0.276009	-52.1848	-52.4608
BLOCK00/SES003/SA003S11	SES019	0.0114098	-52.4494	-52.4608
BLOCK00/SES003/SA003S11	SES082	0.296989	-52.1638	-52.4608
BLOCK00/SES003/SA003S11	SES125	0.355278	-52.1055	-52.4608
BLOCK00/SES003/SA003S15	SES016	0.0616074	-52.4265	-52.4881
BLOCK00/SES003/SA003S15	SES019	0.177052	-52.311	-52.4881
BLOCK00/SES003/SA003S15	SES062	0.159489	-52.3286	-52.4881
BLOCK00/SES003/SA003S15	SES206	0.451496	-52.0366	-52.4881
BLOCK00/SES003/SA003S22	SES002	0.291519	-51.4971	-51.7886
BLOCK00/SES003/SA003S22	SES062	0.125248	-51.6634	-51.7886
BLOCK00/SES003/SA003S22	SES082	0.323914	-51.4647	-51.7886
BLOCK00/SES003/SA003S22	SES087	0.0208931	-51.7677	-51.7886
BLOCK00/SES003/SA003S25	SES062	-0.0296364	-51.8867	-51.8571
BLOCK00/SES003/SA003S25	SES082	0.159554	-51.6975	-51.8571
BLOCK00/SES003/SA003S25	SES087	-0.219555	-52.0766	-51.8571
BLOCK00/SES003/SA003S25	SES206	-0.129173	-51.9862	-51.8571
BLOCK00/SES003/SA003S29	SES002	0.203857	-52.218	-52.4219
BLOCK00/SES003/SA003S29	SES062	0.0156403	-52.4062	-52.4219
BLOCK00/SES003/SA003S29	SES082	0.244751	-52.1771	-52.4219
BLOCK00/SES003/SA003S29	SES087	0.0427666	-52.3791	-52.4219
BLOCK00/SES004/SA004S12	SES083	0.278805	-54.882	-55.1608
BLOCK00/SES004/SA004S12	SES148	0.356937	-54.8039	-55.1608
BLOCK00/SES004/SA004S12	SES172	-0.154224	-55.3151	-55.1608
BLOCK00/SES004/SA004S12	SES292	-0.110855	-55.2717	-55.1608
BLOCK00/SES004/SA004S17	SES083	0.152416	-54.7256	-54.878
BLOCK00/SES004/SA004S17	SES162	0.222378	-54.6556	-54.878
BLOCK00/SES004/SA004S17	SES172	-0.119518	-54.9975	-54.878
BLOCK00/SES004/SA004S17	SES292	-0.0657005	-54.9437	-54.878
BLOCK00/SES004/SA004S24	SES083	0.307663	-54.1574	-54.4651
BLOCK00/SES004/SA004S24	SES148	0.351566	-54.1135	-54.4651
BLOCK00/SES004/SA004S24	SES172	-0.0105324	-54.4756	-54.4651
BLOCK00/SES004/SA004S24	SES292	0.0218163	-54.4433	-54.4651
BLOCK00/SES004/SA004S26	SES083	0.421505	-53.9455	-54.367
BLOCK00/SES004/SA004S26	SES127	0.0336304	-54.3333	-54.367
BLOCK00/SES004/SA004S26	SES148	0.460922	-53.9061	-54.367
BLOCK00/SES004/SA004S26	SES292	0.127777	-54.2392	-54.367
BLOCK00/SES004/SA004S28	SES083	0.21796	-54.7301	-54.948
BLOCK00/SES004/SA004S28	SES127	-0.360611	-55.3086	-54.948
BLOCK00/SES004/SA004S28	SES187	0.208023	-54.74	-54.948
BLOCK00/SES004/SA004S28	SES292	-0.144554	-55.0926	-54.948
BLOCK00/SES006/SA006S10	SES014	0.00809097	-54.198	-54.2061
BLOCK00/SES006/SA006S10	SES158	0.515125	-53.691	-54.2061
BLOCK00/SES006/SA006S10	SES226	0.236187	-53.9699	-54.2061
BLOCK00/SES006/SA006S10	SES270	0.295765	-53.9104	-54.2061
BLOCK00/SES006/SA006S11	SES158	0.547203	-53.4563	-54.0035
BLOCK00/SES006/SA006S11	SES226	0.330208	-53.6733	-54.0035
BLOCK00/SES006/SA006S11	SES270	0.311367	-53.6921	-54.0035
BLOCK00/SES006/SA006S11	SES275	-0.245094	-54.2486	-54.0035
BLOCK00/SES006/SA006S23	SES062	-0.417362	-53.6083	-53.191
BLOCK00/SES006/SA006S23	SES105	0.0542755	-53.1367	-53.191
BLOCK00/SES006/SA006S23	SES158	0.498363	-52.6926	-53.191
BLOCK00/SES006/SA006S23	SES275	-0.150326	-53.3413	-53.191
BLOCK00/SES006/SA006S26	SES104	0.274296	-53.0694	-53.3437
BLOCK00/SES006/SA006S26	SES158	0.527786	-52.8159	-53.3437
BLOCK00/SES006/SA006S26	SES270	0.254463	-53.0893	-53.3437
BLOCK00/SES006/SA006S26	SES275	-0.130054	-53.4738	-53.3437
BLOCK00/SES006/SA006S28	SES007	-0.0353165	-54.2321	-54.1968
BLOCK00/SES006/SA006S28	SES105	0.0822639	-54.1145	-54.1968
BLOCK00/SES006/SA006S28	SES158	0.623978	-53.5728	-54.1968
BLOCK00/SES006/SA006S28	SES275	-0.334499	-54.5313	-54.1968
BLOCK00/SES009/SA009S12	SES083	0.625137	-52.306	-52.9311
BLOCK00/SES009/SA009S12	SES148	0.539566	-52.3915	-52.9311
BLOCK00/SES009/SA009S12	SES177	0.641476	-52.2896	-52.9311
BLOCK00/SES009/SA009S12	SES292	0.317753	-52.6134	-52.9311
BLOCK00/SES009/SA009S15	SES007	0.75074	-51.7893	-52.5401
BLOCK00/SES009/SA009S15	SES099	-1.30754	-53.8476	-52.5401
BLOCK00/SES009/SA009S15	SES148	0.731293	-51.8088	-52.5401
BLOCK00/SES009/SA009S15	SES172	0.552876	-51.9872	-52.5401
BLOCK00/SES009/SA009S24	SES146	0.100124	-52.6087	-52.7088
BLOCK00/SES009/SA009S24	SES148	0.57988	-52.1289	-52.7088
BLOCK00/SES009/SA009S24	SES177	0.703613	-52.0052	-52.7088
BLOCK00/SES009/SA009S24	SES292	0.432995	-52.2758	-52.7088
BLOCK00/SES009/SA009S26	SES083	0.526127	-53.167	-53.6931
BLOCK00/SES009/SA009S26	SES101	0.519695	-53.1734	-53.6931
BLOCK00/SES009/SA009S26	SES120	0.0344238	-53.6587	-53.6931
BLOCK00/SES009/SA009S26	SES177	0.558964	-53.1341	-53.6931
BLOCK00/SES009/SA009S29	SES083	0.737129	-52.2869	-53.024
BLOCK00/SES009/SA009S29	SES101	0.68301	-52.341	-53.024
BLOCK00/SES009/SA009S29	SES177	0.782318	-52.2417	-53.024
BLOCK00/SES009/SA009S29	SES292	0.384041	-52.6399	-53.024
BLOCK01/SES011/SA011S10	SES019	0.114162	-52.9945	-53.1086
BLOCK01/SES011/SA011S10	SES042	0.14735	-52.9613	-53.1086
BLOCK01/SES011/SA011S10	SES082	0.0271339	-53.0815	-53.1086
BLOCK01/SES011/SA011S10	SES206	0.14064	-52.968	-53.1086
BLOCK01/SES011/SA011S11	SES019	0.0365334	-52.705	-52.7415
BLOCK01/SES011/SA011S11	SES042	0.123734	-52.6178	-52.7415
BLOCK01/SES011/SA011S11	SES082	0.0593719	-52.6822	-52.7415
BLOCK01/SES011/SA011S11	SES206	0.242477	-52.4991	-52.7415
BLOCK01/SES011/SA011S22	SES019	-0.0538712	-52.5759	-52.522
BLOCK01/SES011/SA011S22	SES042	0.0586281	-52.4634	-52.522
BLOCK01/SES011/SA011S22	SES082	0.060009	-52.462	-52.522
BLOCK01/SES011/SA011S22	SES206	0.0235176	-52.4985	-52.522
BLOCK01/SES011/SA011S24	SES019	0.0885506	-52.2735	-52.362
BLOCK01/SES011/SA011S24	SES042	0.313751	-52.0483	-52.362
BLOCK01/SES011/SA011S24	SES104	0.416779	-51.9452	-52.362
BLOCK01/SES011/SA011S24	SES206	0.369141	-51.9929	-52.362
BLOCK01/SES011/SA011S27	SES082	0.208302	-51.9655	-52.1738
BLOCK01/SES011/SA011S27	SES087	0.0981178	-52.0757	-52.1738
BLOCK01/SES011/SA011S27	SES125	0.414978	-51.7588	-52.1738
BLOCK01/SES011/SA011S27	SES206	0.224236	-51.9496	-52.1738
BLOCK01/SES012/SA012S11	SES007	-0.121433	-52.4967	-52.3752
BLOCK01/SES012/SA012S11	SES082	0.384045	-51.9912	-52.3752
BLOCK01/SES012/SA012S11	SES083	0.184319	-52.1909	-52.3752
BLOCK01/SES012/SA012S11	SES206	0.695942	-51.6793	-52.3752
BLOCK01/SES012/SA012S14	SES082	0.304153	-52.1941	-52.4983
BLOCK01/SES012/SA012S14	SES087	0.323368	-52.1749	-52.4983
BLOCK01/SES012/SA012S14	SES206	0.391937	-52.1063	-52.4983
BLOCK01/SES012/SA012S14	SES292	-0.307739	-52.806	-52.4983
BLOCK01/SES012/SA012S24	SES082	0.203995	-52.5064	-52.7104
BLOCK01/SES012/SA012S24	SES087	-0.0368958	-52.7472	-52.7104
BLOCK01/SES012/SA012S24	SES120	-0.155502	-52.8659	-52.7104
BLOCK01/SES012/SA012S24	SES206	-0.00961304	-52.72	-52.7104
BLOCK01/SES012/SA012S26	SES019	0.215858	-52.4091	-52.625
BLOCK01/SES012/SA012S26	SES082	0.30468	-52.3203	-52.625
BLOCK01/SES012/SA012S26	SES206	0.497475	-52.1275	-52.625
BLOCK01/SES012/SA012S26	SES292	-0.378746	-53.0037	-52.625
BLOCK01/SES012/SA012S29	SES062	-0.0973511	-53.0757	-52.9783
BLOCK01/SES012/SA012S29	SES082	0.339779	-52.6385	-52.9783
BLOCK01/SES012/SA012S29	SES083	0.0497932	-52.9285	-52.9783
BLOCK01/SES012/SA012S29	SES206	0.646221	-52.3321	-52.9783
BLOCK01/SES013/SA013S16	SES062	-0.365189	-52.8545	-52.4893
BLOCK01/SES013/SA013S16	SES106	0.246708	-52.2426	-52.4893
BLOCK01/SES013/SA013S16	SES206	0.412086	-52.0772	-52.4893
BLOCK01/SES013/SA013S16	SES226	0.55809	-51.9312	-52.4893
BLOCK01/SES013/SA013S17	SES062	-0.208729	-52.3141	-52.1054
BLOCK01/SES013/SA013S17	SES106	0.353535	-51.7519	-52.1054
BLOCK01/SES013/SA013S17	SES206	0.591965	-51.5134	-52.1054
BLOCK01/SES013/SA013S17	SES226	0.689747	-51.4157	-52.1054
BLOCK01/SES013/SA013S23	SES104	0.421234	-52.28	-52.7012
BLOCK01/SES013/SA013S23	SES106	0.142715	-52.5585	-52.7012
BLOCK01/SES013/SA013S23	SES206	0.352917	-52.3483	-52.7012
BLOCK01/SES013/SA013S23	SES270	0.229633	-52.4716	-52.7012
BLOCK01/SES013/SA013S25	SES042	0.499989	-51.8708	-52.3708
BLOCK01/SES013/SA013S25	SES104	0.585854	-51.785	-52.3708
BLOCK01/SES013/SA013S25	SES106	0.272621	-52.0982	-52.3708
BLOCK01/SES013/SA013S25	SES206	0.504173	-51.8666	-52.3708
BLOCK01/SES013/SA013S29	SES062	-0.33601	-52.9084	-52.5724
BLOCK01/SES013/SA013S29	SES104	0.446064	-52.1263	-52.5724
BLOCK01/SES013/SA013S29	SES106	0.191532	-52.3808	-52.5724
BLOCK01/SES013/SA013S29	SES206	0.315559	-52.2568	-52.5724
BLOCK02/SES021/SA021S13	SES016	0.238113	-51.5593	-51.7974
BLOCK02/SES021/SA021S13	SES029	-0.175575	-51.973	-51.7974
BLOCK02/SES021/SA021S13	SES087	-0.118427	-51.9158	-51.7974
BLOCK02/SES021/SA021S13	SES206	-0.118565	-51.916	-51.7974
BLOCK02/SES021/SA021S15	SES087	0.000598907	-51.9838	-51.9844
BLOCK02/SES021/SA021S15	SES125	0.249001	-51.7354	-51.9844
BLOCK02/SES021/SA021S15	SES206	0.0387421	-51.9457	-51.9844
BLOCK02/SES021/SA021S15	SES226	0.361359	-51.6231	-51.9844
BLOCK02/SES021/SA021S23	SES062	-0.101635	-52.7542	-52.6526
BLOCK02/SES021/SA021S23	SES087	-0.231445	-52.8841	-52.6526
BLOCK02/SES021/SA021S23	SES206	-0.230686	-52.8833	-52.6526
BLOCK02/SES021/SA021S23	SES226	0.0639191	-52.5887	-52.6526
BLOCK02/SES021/SA021S27	SES002	0.198448	-52.2808	-52.4792
BLOCK02/SES021/SA021S27	SES016	0.17297	-52.3063	-52.4792
BLOCK02/SES021/SA021S27	SES019	-0.000801086	-52.48	-52.4792
BLOCK02/SES021/SA021S27	SES062	0.0244141	-52.4548	-52.4792
BLOCK02/SES021/SA021S29	SES087	-0.226849	-52.4228	-52.196
BLOCK02/SES021/SA021S29	SES125	0.153061	-52.0429	-52.196
BLOCK02/SES021/SA021S29	SES206	-0.16568	-52.3617	-52.196
BLOCK02/SES021/SA021S29	SES226	0.206245	-51.9897	-52.196
BLOCK04/SES043/SA043S09	SES083	-0.0160637	-54.4563	-54.4403
BLOCK04/SES043/SA043S09	SES101	-0.0743027	-54.5146	-54.4403
BLOCK04/SES043/SA043S09	SES144	0.190937	-54.2493	-54.4403
BLOCK04/SES043/SA043S09	SES172	-0.236103	-54.6764	-54.4403
BLOCK04/SES043/SA043S11	SES083	0.186138	-52.519	-52.7052
BLOCK04/SES043/SA043S11	SES101	0.0358505	-52.6693	-52.7052
BLOCK04/SES043/SA043S11	SES144	-0.127445	-52.8326	-52.7052
BLOCK04/SES043/SA043S11	SES172	-0.218773	-52.924	-52.7052
BLOCK04/SES043/SA043S23	SES083	0.163712	-54.0243	-54.1881
BLOCK04/SES043/SA043S23	SES144	0.165089	-54.023	-54.1881
BLOCK04/SES043/SA043S23	SES177	0.167477	-54.0206	-54.1881
BLOCK04/SES043/SA043S23	SES275	0.0039711	-54.1841	-54.1881
BLOCK04/SES043/SA043S26	SES083	0.48402	-52.3631	-52.8471
BLOCK04/SES043/SA043S26	SES101	0.410099	-52.437	-52.8471
BLOCK04/SES043/SA043S26	SES144	0.0754662	-52.7716	-52.8471
BLOCK04/SES043/SA043S26	SES177	0.464718	-52.3824	-52.8471
BLOCK04/SES043/SA043S28	SES016	0.209435	-52.8872	-53.0966
BLOCK04/SES043/SA043S28	SES083	0.388096	-52.7085	-53.0966
BLOCK04/SES043/SA043S28	SES101	0.356831	-52.7398	-53.0966
BLOCK04/SES043/SA043S28	SES144	-0.0655327	-53.1622	-53.0966
BLOCK04/SES044/SA044S10	SES127	-0.286652	-55.5924	-55.3057
BLOCK04/SES044/SA044S10	SES144	0.194962	-55.1107	-55.3057
BLOCK04/SES044/SA044S10	SES147	-0.310753	-55.6165	-55.3057
BLOCK04/SES044/SA044S10	SES148	0.0102158	-55.2955	-55.3057
BLOCK04/SES044/SA044S11	SES101	-0.0229111	-54.4712	-54.4482
BLOCK04/SES044/SA044S11	SES144	0.154022	-54.2942	-54.4482
BLOCK04/SES044/SA044S11	SES147	-0.313347	-54.7616	-54.4482
BLOCK04/SES044/SA044S11	SES177	0.0490799	-54.3992	-54.4482
BLOCK04/SES044/SA044S24	SES007	0.16301	-54.1567	-54.3198
BLOCK04/SES044/SA044S24	SES101	0.129566	-54.1902	-54.3198
BLOCK04/SES044/SA044S24	SES147	-0.277374	-54.5971	-54.3198
BLOCK04/SES044/SA044S24	SES177	0.223244	-54.0965	-54.3198
BLOCK04/SES044/SA044S26	SES007	-0.0489883	-54.0464	-53.9975
BLOCK04/SES044/SA044S26	SES016	0.145683	-53.8518	-53.9975
BLOCK04/SES044/SA044S26	SES101	-0.0735283	-54.071	-53.9975
BLOCK04/SES044/SA044S26	SES147	-0.0923309	-54.0898	-53.9975
BLOCK04/SES044/SA044S29	SES007	-0.0872993	-53.7156	-53.6283
BLOCK04/SES044/SA044S29	SES101	-0.12381	-53.7521	-53.6283
BLOCK04/SES044/SA044S29	SES147	-0.310341	-53.9387	-53.6283
BLOCK04/SES044/SA044S29	SES177	-0.0069313	-53.6353	-53.6283
BLOCK04/SES046/SA046S13	SES101	0.218082	-55.2863	-55.5044
BLOCK04/SES046/SA046S13	SES144	0.317406	-55.187	-55.5044
BLOCK04/SES046/SA046S13	SES147	-0.255493	-55.7599	-55.5044
BLOCK04/SES046/SA046S13	SES177	0.208672	-55.2957	-55.5044
BLOCK04/SES046/SA046S15	SES048	-0.00876999	-53.3858	-53.377
BLOCK04/SES046/SA046S15	SES083	0.181423	-53.1956	-53.377
BLOCK04/SES046/SA046S15	SES120	-0.184731	-53.5618	-53.377
BLOCK04/SES046/SA046S15	SES148	0.112499	-53.2645	-53.377
BLOCK04/SES046/SA046S22	SES101	0.029747	-54.0244	-54.0541
BLOCK04/SES046/SA046S22	SES144	0.0660667	-53.9881	-54.0541
BLOCK04/SES046/SA046S22	SES147	-0.320427	-54.3746	-54.0541
BLOCK04/SES046/SA046S22	SES172	-0.11705	-54.1712	-54.0541
BLOCK04/SES046/SA046S25	SES083	0.191479	-53.3565	-53.548
BLOCK04/SES046/SA046S25	SES127	-0.574394	-54.1224	-53.548
BLOCK04/SES046/SA046S25	SES144	-0.0854225	-53.6334	-53.548
BLOCK04/SES046/SA046S25	SES148	0.193867	-53.3541	-53.548
BLOCK04/SES046/SA046S28	SES007	0.159435	-54.4249	-54.5843
BLOCK04/SES046/SA046S28	SES105	0.0610657	-54.5233	-54.5843
BLOCK04/SES046/SA046S28	SES147	0.207455	-54.3769	-54.5843
BLOCK04/SES046/SA046S28	SES148	0.190845	-54.3935	-54.5843
BLOCK04/SES049/SA049S16	SES104	0.299404	-52.8269	-53.1263
BLOCK04/SES049/SA049S16	SES106	0.0060997	-53.1202	-53.1263
BLOCK04/SES049/SA049S16	SES120	-0.21487	-53.3412	-53.1263
BLOCK04/SES049/SA049S16	SES206	0.210617	-52.9157	-53.1263
BLOCK04/SES049/SA049S18	SES099	0.202198	-52.9264	-53.1286
BLOCK04/SES049/SA049S18	SES104	0.224087	-52.9045	-53.1286
BLOCK04/SES049/SA049S18	SES125	0.0840416	-53.0446	-53.1286
BLOCK04/SES049/SA049S18	SES206	0.26799	-52.8606	-53.1286
BLOCK04/SES049/SA049S25	SES087	0.10244	-52.7065	-52.8089
BLOCK04/SES049/SA049S25	SES104	0.247578	-52.5613	-52.8089
BLOCK04/SES049/SA049S25	SES125	0.186272	-52.6226	-52.8089
BLOCK04/SES049/SA049S25	SES206	0.146004	-52.6629	-52.8089
BLOCK04/SES049/SA049S27	SES099	0.545544	-52.6857	-53.2313
BLOCK04/SES049/SA049S27	SES104	0.557476	-52.6738	-53.2313
BLOCK04/SES049/SA049S27	SES125	0.286449	-52.9448	-53.2313
BLOCK04/SES049/SA049S27	SES206	0.536552	-52.6947	-53.2313
BLOCK04/SES049/SA049S29	SES099	0.543819	-51.9739	-52.5177
BLOCK04/SES049/SA049S29	SES104	0.678665	-51.839	-52.5177
BLOCK04/SES049/SA049S29	SES125	0.513622	-52.0041	-52.5177
BLOCK04/SES049/SA049S29	SES206	0.497299	-52.0204	-52.5177
BLOCK06/SES063/SA063S09	SES068	0.554581	-53.2893	-53.8439
BLOCK06/SES063/SA063S09	SES083	0.478737	-53.3651	-53.8439
BLOCK06/SES063/SA063S09	SES177	0.572514	-53.2714	-53.8439
BLOCK06/SES063/SA063S09	SES187	0.354568	-53.4893	-53.8439
BLOCK06/SES063/SA063S10	SES068	0.631855	-53.2243	-53.8562
BLOCK06/SES063/SA063S10	SES083	0.537132	-53.319	-53.8562
BLOCK06/SES063/SA063S10	SES172	0.535416	-53.3207	-53.8562
BLOCK06/SES063/SA063S10	SES187	0.250412	-53.6057	-53.8562
BLOCK06/SES063/SA063S20	SES068	0.34129	-53.7367	-54.078
BLOCK06/SES063/SA063S20	SES083	0.2551	-53.8229	-54.078
BLOCK06/SES063/SA063S20	SES172	0.366261	-53.7117	-54.078
BLOCK06/SES063/SA063S20	SES187	0.371269	-53.7067	-54.078
BLOCK06/SES063/SA063S24	SES029	0.00806427	-53.0185	-53.0266
BLOCK06/SES063/SA063S24	SES083	0.674442	-52.3521	-53.0266
BLOCK06/SES063/SA063S24	SES177	0.708702	-52.3179	-53.0266
BLOCK06/SES063/SA063S24	SES189	-1.3187	-54.3453	-53.0266
BLOCK06/SES063/SA063S27	SES083	0.594803	-52.7048	-53.2996
BLOCK06/SES063/SA063S27	SES172	0.74205	-52.5575	-53.2996
BLOCK06/SES063/SA063S27	SES187	0.235435	-53.0641	-53.2996
BLOCK06/SES063/SA063S27	SES292	0.548183	-52.7514	-53.2996
BLOCK06/SES067/SA067S12	SES083	0.0655403	-54.8141	-54.8796
BLOCK06/SES067/SA067S12	SES172	-0.290989	-55.1706	-54.8796
BLOCK06/SES067/SA067S12	SES202	0.0859299	-54.7937	-54.8796
BLOCK06/SES067/SA067S12	SES292	-0.177521	-55.0571	-54.8796
BLOCK06/SES067/SA067S14	SES085	0.013401	-55.2559	-55.2693
BLOCK06/SES067/SA067S14	SES177	-0.113441	-55.3827	-55.2693
BLOCK06/SES067/SA067S14	SES183	-0.0631142	-55.3324	-55.2693
BLOCK06/SES067/SA067S14	SES202	-0.143932	-55.4132	-55.2693
BLOCK06/SES067/SA067S21	SES144	0.288826	-55.506	-55.7948
BLOCK06/SES067/SA067S21	SES177	-0.134846	-55.9297	-55.7948
BLOCK06/SES067/SA067S21	SES183	-0.183105	-55.9779	-55.7948
BLOCK06/SES067/SA067S21	SES189	0.211121	-55.5837	-55.7948
BLOCK06/SES067/SA067S25	SES085	0.0764503	-54.6562	-54.7326
BLOCK06/SES067/SA067S25	SES177	-0.138512	-54.8711	-54.7326
BLOCK06/SES067/SA067S25	SES183	-0.208347	-54.941	-54.7326
BLOCK06/SES067/SA067S25	SES202	-0.234631	-54.9673	-54.7326
BLOCK06/SES067/SA067S29	SES085	0.33675	-55.0541	-55.3909
BLOCK06/SES067/SA067S29	SES177	0.106556	-55.2843	-55.3909
BLOCK06/SES067/SA067S29	SES183	0.0370865	-55.3538	-55.3909
BLOCK06/SES067/SA067S29	SES202	0.132282	-55.2586	-55.3909
BLOCK06/SES069/SA069S12	SES029	-0.181335	-53.6952	-53.5139
BLOCK06/SES069/SA069S12	SES082	0.0824203	-53.4315	-53.5139
BLOCK06/SES069/SA069S12	SES087	0.204781	-53.3091	-53.5139
BLOCK06/SES069/SA069S12	SES206	0.310478	-53.2034	-53.5139
BLOCK06/SES069/SA069S13	SES029	-0.137203	-53.4625	-53.3253
BLOCK06/SES069/SA069S13	SES087	0.117329	-53.208	-53.3253
BLOCK06/SES069/SA069S13	SES206	0.175304	-53.15	-53.3253
BLOCK06/SES069/SA069S13	SES226	0.260674	-53.0646	-53.3253
BLOCK06/SES069/SA069S23	SES029	-0.249119	-52.7342	-52.4851
BLOCK06/SES069/SA069S23	SES087	0.193542	-52.2915	-52.4851
BLOCK06/SES069/SA069S23	SES206	0.353207	-52.1319	-52.4851
BLOCK06/SES069/SA069S23	SES226	0.520935	-51.9641	-52.4851
BLOCK06/SES069/SA069S25	SES087	0.375305	-51.8692	-52.2445
BLOCK06/SES069/SA069S25	SES206	0.347595	-51.8969	-52.2445
BLOCK06/SES069/SA069S25	SES226	0.470936	-51.7736	-52.2445
BLOCK06/SES069/SA069S25	SES270	0.163857	-52.0807	-52.2445
BLOCK06/SES069/SA069S27	SES087	0.155682	-52.3742	-52.5299
BLOCK06/SES069/SA069S27	SES206	0.141911	-52.3879	-52.5299
BLOCK06/SES069/SA069S27	SES226	0.344654	-52.1852	-52.5299
BLOCK06/SES069/SA069S27	SES270	0.0200958	-52.5098	-52.5299
BLOCK08/SES081/SA081S11	SES060	0.32893	-54.401	-54.7299
BLOCK08/SES081/SA081S11	SES062	0.0717201	-54.6582	-54.7299
BLOCK08/SES081/SA081S11	SES117	0.140785	-54.5891	-54.7299
BLOCK08/SES081/SA081S11	SES162	0.441746	-54.2881	-54.7299
BLOCK08/SES081/SA081S13	SES016	0.298977	-53.4101	-53.7091
BLOCK08/SES081/SA081S13	SES060	0.311073	-53.398	-53.7091
BLOCK08/SES081/SA081S13	SES068	0.302143	-53.4069	-53.7091
BLOCK08/SES081/SA081S13	SES129	-0.126286	-53.8354	-53.7091
BLOCK08/SES081/SA081S24	SES060	0.186806	-53.798	-53.9848
BLOCK08/SES081/SA081S24	SES068	0.21917	-53.7656	-53.9848
BLOCK08/SES081/SA081S24	SES117	-0.0313034	-54.0161	-53.9848
BLOCK08/SES081/SA081S24	SES275	0.161659	-53.8231	-53.9848
BLOCK08/SES081/SA081S27	SES007	0.25621	-53.7781	-54.0343
BLOCK08/SES081/SA081S27	SES060	0.278603	-53.7557	-54.0343
BLOCK08/SES081/SA081S27	SES117	0.0827293	-53.9516	-54.0343
BLOCK08/SES081/SA081S27	SES275	0.243038	-53.7913	-54.0343
BLOCK08/SES081/SA081S29	SES007	0.367882	-53.6808	-54.0487
BLOCK08/SES081/SA081S29	SES060	0.421116	-53.6276	-54.0487
BLOCK08/SES081/SA081S29	SES117	0.146751	-53.9019	-54.0487
BLOCK08/SES081/SA081S29	SES275	0.229431	-53.8192	-54.0487
BLOCK08/SES086/SA086S11	SES029	-0.137379	-53.5037	-53.3663
BLOCK08/SES086/SA086S11	SES082	0.0645599	-53.3018	-53.3663
BLOCK08/SES086/SA086S11	SES087	0.0878906	-53.2785	-53.3663
BLOCK08/SES086/SA086S11	SES206	0.118496	-53.2478	-53.3663
BLOCK08/SES086/SA086S12	SES029	-0.182362	-53.7398	-53.5574
BLOCK08/SES086/SA086S12	SES082	0.112106	-53.4453	-53.5574
BLOCK08/SES086/SA086S12	SES087	0.23381	-53.3236	-53.5574
BLOCK08/SES086/SA086S12	SES206	0.358437	-53.199	-53.5574
BLOCK08/SES086/SA086S20	SES029	-0.248169	-52.9884	-52.7402
BLOCK08/SES086/SA086S20	SES082	0.209454	-52.5308	-52.7402
BLOCK08/SES086/SA086S20	SES087	0.618359	-52.1219	-52.7402
BLOCK08/SES086/SA086S20	SES206	0.579834	-52.1604	-52.7402
BLOCK08/SES086/SA086S24	SES087	0.239185	-53.4755	-53.7147
BLOCK08/SES086/SA086S24	SES104	0.252666	-53.462	-53.7147
BLOCK08/SES086/SA086S24	SES120	-0.266247	-53.9809	-53.7147
BLOCK08/SES086/SA086S24	SES206	0.35788	-53.3568	-53.7147
BLOCK08/SES086/SA086S28	SES029	-0.28772	-53.4847	-53.197
BLOCK08/SES086/SA086S28	SES082	0.306396	-52.8906	-53.197
BLOCK08/SES086/SA086S28	SES087	0.5098	-52.6872	-53.197
BLOCK08/SES086/SA086S28	SES206	0.66605	-52.5309	-53.197
BLOCK08/SES089/SA089S13	SES087	-0.427601	-52.6194	-52.1918
BLOCK08/SES089/SA089S13	SES206	-0.312603	-52.5044	-52.1918
BLOCK08/SES089/SA089S13	SES226	0.158596	-52.0332	-52.1918
BLOCK08/SES089/SA089S13	SES270	-0.220379	-52.4122	-52.1918
BLOCK08/SES089/SA089S14	SES062	0.189018	-51.8757	-52.0647
BLOCK08/SES089/SA089S14	SES087	0.0612373	-52.0034	-52.0647
BLOCK08/SES089/SA089S14	SES206	0.199844	-51.8648	-52.0647
BLOCK08/SES089/SA089S14	SES226	0.439529	-51.6252	-52.0647
BLOCK08/SES089/SA089S23	SES087	-0.583477	-52.8868	-52.3033
BLOCK08/SES089/SA089S23	SES206	-0.461868	-52.7652	-52.3033
BLOCK08/SES089/SA089S23	SES226	0.0663376	-52.237	-52.3033
BLOCK08/SES089/SA089S23	SES270	-0.340828	-52.6441	-52.3033
BLOCK08/SES089/SA089S25	SES062	0.213917	-51.7262	-51.9401
BLOCK08/SES089/SA089S25	SES087	-0.401581	-52.3417	-51.9401
BLOCK08/SES089/SA089S25	SES206	-0.307495	-52.2476	-51.9401
BLOCK08/SES089/SA089S25	SES226	0.18425	-51.7558	-51.9401
BLOCK08/SES089/SA089S28	SES062	0.0823822	-51.7163	-51.7987
BLOCK08/SES089/SA089S28	SES087	-0.296108	-52.0948	-51.7987
BLOCK08/SES089/SA089S28	SES206	-0.207058	-52.0058	-51.7987
BLOCK08/SES089/SA089S28	SES226	0.231163	-51.5676	-51.7987
BLOCK09/SES097/SA097S11	SES099	0.257896	-52.8382	-53.0961
BLOCK09/SES097/SA097S11	SES125	0.103161	-52.993	-53.0961
BLOCK09/SES097/SA097S11	SES206	0.239422	-52.8567	-53.0961
BLOCK09/SES097/SA097S11	SES226	0.254051	-52.8421	-53.0961
BLOCK09/SES097/SA097S14	SES062	-0.477474	-53.3614	-52.8839
BLOCK09/SES097/SA097S14	SES099	0.0757523	-52.8081	-52.8839
BLOCK09/SES097/SA097S14	SES104	0.21257	-52.6713	-52.8839
BLOCK09/SES097/SA097S14	SES206	0.119446	-52.7644	-52.8839
BLOCK09/SES097/SA097S22	SES099	0.0288773	-53.2562	-53.2851
BLOCK09/SES097/SA097S22	SES206	0.0154381	-53.2696	-53.2851
BLOCK09/SES097/SA097S22	SES226	0.11327	-53.1718	-53.2851
BLOCK09/SES097/SA097S22	SES270	0.0154877	-53.2696	-53.2851
BLOCK09/SES097/SA097S26	SES099	-0.0795479	-52.5382	-52.4586
BLOCK09/SES097/SA097S26	SES120	-0.0738754	-52.5325	-52.4586
BLOCK09/SES097/SA097S26	SES206	-0.0571098	-52.5157	-52.4586
BLOCK09/SES097/SA097S26	SES226	0.229591	-52.229	-52.4586
BLOCK09/SES097/SA097S28	SES099	0.159416	-52.9256	-53.085
BLOCK09/SES097/SA097S28	SES120	-0.210598	-53.2956	-53.085
BLOCK09/SES097/SA097S28	SES206	0.253361	-52.8316	-53.085
BLOCK09/SES097/SA097S28	SES226	0.325989	-52.759	-53.085
BLOCK09/SES098/SA098S11	SES127	-0.574638	-56.4506	-55.876
BLOCK09/SES098/SA098S11	SES144	0.134277	-55.7417	-55.876
BLOCK09/SES098/SA098S11	SES147	-0.108139	-55.9841	-55.876
BLOCK09/SES098/SA098S11	SES148	-0.0135269	-55.8895	-55.876
BLOCK09/SES098/SA098S12	SES127	-0.739853	-58.4344	-57.6945
BLOCK09/SES098/SA098S12	SES144	0.459339	-57.2352	-57.6945
BLOCK09/SES098/SA098S12	SES147	-0.0649605	-57.7595	-57.6945
BLOCK09/SES098/SA098S12	SES189	0.862495	-56.832	-57.6945
BLOCK09/SES098/SA098S20	SES127	-0.572498	-57.2654	-56.6929
BLOCK09/SES098/SA098S20	SES147	-0.163017	-56.8559	-56.6929
BLOCK09/SES098/SA098S20	SES148	-0.0974693	-56.7904	-56.6929
BLOCK09/SES098/SA098S20	SES292	-0.417835	-57.1107	-56.6929
BLOCK09/SES098/SA098S23	SES127	-0.117027	-55.0864	-54.9694
BLOCK09/SES098/SA098S23	SES147	-0.433434	-55.4028	-54.9694
BLOCK09/SES098/SA098S23	SES187	0.262093	-54.7073	-54.9694
BLOCK09/SES098/SA098S23	SES292	-0.0661659	-55.0355	-54.9694
BLOCK09/SES098/SA098S27	SES127	-0.688225	-57.2267	-56.5384
BLOCK09/SES098/SA098S27	SES147	-0.0461044	-56.5845	-56.5384
BLOCK09/SES098/SA098S27	SES148	-0.0140419	-56.5525	-56.5384
BLOCK09/SES098/SA098S27	SES292	-0.49168	-57.0301	-56.5384
BLOCK10/SES102/SA102S13	SES101	0.667778	-53.6769	-54.3447
BLOCK10/SES102/SA102S13	SES105	0.217468	-54.1272	-54.3447
BLOCK10/SES102/SA102S13	SES120	-0.0800133	-54.4247	-54.3447
BLOCK10/SES102/SA102S13	SES158	-0.212132	-54.5568	-54.3447
BLOCK10/SES102/SA102S14	SES007	0.505058	-53.7404	-54.2454
BLOCK10/SES102/SA102S14	SES101	0.53334	-53.7121	-54.2454
BLOCK10/SES102/SA102S14	SES105	0.188133	-54.0573	-54.2454
BLOCK10/SES102/SA102S14	SES147	-0.151077	-54.3965	-54.2454
BLOCK10/SES102/SA102S22	SES007	0.463737	-53.4997	-53.9635
BLOCK10/SES102/SA102S22	SES101	0.554379	-53.4091	-53.9635
BLOCK10/SES102/SA102S22	SES105	0.181255	-53.7822	-53.9635
BLOCK10/SES102/SA102S22	SES158	0.182571	-53.7809	-53.9635
BLOCK10/SES102/SA102S25	SES007	0.269974	-53.083	-53.353
BLOCK10/SES102/SA102S25	SES101	0.322609	-53.0304	-53.353
BLOCK10/SES102/SA102S25	SES105	0.175098	-53.1779	-53.353
BLOCK10/SES102/SA102S25	SES147	-0.194988	-53.548	-53.353
BLOCK10/SES102/SA102S27	SES007	0.372902	-54.3281	-54.701
BLOCK10/SES102/SA102S27	SES101	0.374157	-54.3269	-54.701
BLOCK10/SES102/SA102S27	SES105	0.0841293	-54.6169	-54.701
BLOCK10/SES102/SA102S27	SES147	-0.0566559	-54.7577	-54.701
BLOCK10/SES103/SA103S14	SES105	0.113255	-52.5112	-52.6244
BLOCK10/SES103/SA103S14	SES106	0.259399	-52.365	-52.6244
BLOCK10/SES103/SA103S14	SES120	-0.27372	-52.8981	-52.6244
BLOCK10/SES103/SA103S14	SES206	0.448101	-52.1763	-52.6244
BLOCK10/SES103/SA103S15	SES099	0.324963	-52.5875	-52.9124
BLOCK10/SES103/SA103S15	SES101	-0.274483	-53.1869	-52.9124
BLOCK10/SES103/SA103S15	SES104	0.407574	-52.5049	-52.9124
BLOCK10/SES103/SA103S15	SES125	0.218353	-52.6941	-52.9124
BLOCK10/SES103/SA103S24	SES104	0.488144	-52.2108	-52.699
BLOCK10/SES103/SA103S24	SES125	0.3158	-52.3832	-52.699
BLOCK10/SES103/SA103S24	SES148	-0.00416183	-52.7031	-52.699
BLOCK10/SES103/SA103S24	SES158	0.381176	-52.3178	-52.699
BLOCK10/SES103/SA103S26	SES104	0.464264	-52.8658	-53.33
BLOCK10/SES103/SA103S26	SES106	0.258442	-53.0716	-53.33
BLOCK10/SES103/SA103S26	SES125	0.23336	-53.0967	-53.33
BLOCK10/SES103/SA103S26	SES148	0.0310135	-53.299	-53.33
BLOCK10/SES103/SA103S28	SES104	0.140305	-53.7254	-53.8657
BLOCK10/SES103/SA103S28	SES106	-0.160549	-54.0263	-53.8657
BLOCK10/SES103/SA103S28	SES125	-0.12595	-53.9917	-53.8657
BLOCK10/SES103/SA103S28	SES206	0.0766487	-53.7891	-53.8657
BLOCK12/SES121/SA121S12	SES042	0.306648	-53.4015	-53.7081
BLOCK12/SES121/SA121S12	SES087	0.315357	-53.3928	-53.7081
BLOCK12/SES121/SA121S12	SES105	0.105465	-53.6026	-53.7081
BLOCK12/SES121/SA121S12	SES206	0.439625	-53.2685	-53.7081
BLOCK12/SES121/SA121S14	SES007	-0.369205	-54.0471	-53.6779
BLOCK12/SES121/SA121S14	SES105	0.0761871	-53.6017	-53.6779
BLOCK12/SES121/SA121S14	SES106	-0.144596	-53.8225	-53.6779
BLOCK12/SES121/SA121S14	SES206	0.116299	-53.5616	-53.6779
BLOCK12/SES121/SA121S23	SES105	0.0763016	-55.0276	-55.1039
BLOCK12/SES121/SA121S23	SES106	0.283268	-54.8206	-55.1039
BLOCK12/SES121/SA121S23	SES120	-0.459709	-55.5636	-55.1039
BLOCK12/SES121/SA121S23	SES206	0.433475	-54.6704	-55.1039
BLOCK12/SES121/SA121S25	SES007	-0.235825	-54.5672	-54.3314
BLOCK12/SES121/SA121S25	SES105	0.0279961	-54.3034	-54.3314
BLOCK12/SES121/SA121S25	SES106	0.0454903	-54.2859	-54.3314
BLOCK12/SES121/SA121S25	SES206	0.246628	-54.0848	-54.3314
BLOCK12/SES121/SA121S27	SES087	-0.0642891	-53.8095	-53.7452
BLOCK12/SES121/SA121S27	SES105	0.0442352	-53.701	-53.7452
BLOCK12/SES121/SA121S27	SES120	-0.166424	-53.9117	-53.7452
BLOCK12/SES121/SA121S27	SES206	0.0846519	-53.6606	-53.7452
BLOCK12/SES124/SA124S16	SES042	0.571373	-52.2367	-52.8081
BLOCK12/SES124/SA124S16	SES082	0.292904	-52.5152	-52.8081
BLOCK12/SES124/SA124S16	SES183	-0.295509	-53.1036	-52.8081
BLOCK12/SES124/SA124S16	SES206	0.717312	-52.0908	-52.8081
BLOCK12/SES124/SA124S17	SES105	0.0627937	-52.4898	-52.5526
BLOCK12/SES124/SA124S17	SES149	0.347439	-52.2052	-52.5526
BLOCK12/SES124/SA124S17	SES158	0.273411	-52.2792	-52.5526
BLOCK12/SES124/SA124S17	SES275	-0.0644608	-52.6171	-52.5526
BLOCK12/SES124/SA124S23	SES105	0.152924	-51.5085	-51.6614
BLOCK12/SES124/SA124S23	SES125	0.867897	-50.7936	-51.6614
BLOCK12/SES124/SA124S23	SES129	0.0163345	-51.6451	-51.6614
BLOCK12/SES124/SA124S23	SES158	0.506958	-51.1545	-51.6614
BLOCK12/SES124/SA124S26	SES105	0.0879555	-52.1391	-52.2271
BLOCK12/SES124/SA124S26	SES125	0.551781	-51.6753	-52.2271
BLOCK12/SES124/SA124S26	SES129	-0.259888	-52.487	-52.2271
BLOCK12/SES124/SA124S26	SES158	0.396034	-51.831	-52.2271
BLOCK12/SES124/SA124S28	SES104	0.817158	-51.0559	-51.8731
BLOCK12/SES124/SA124S28	SES106	0.481915	-51.3911	-51.8731
BLOCK12/SES124/SA124S28	SES125	0.699333	-51.1737	-51.8731
BLOCK12/SES124/SA124S28	SES275	-0.133419	-52.0065	-51.8731
BLOCK12/SES126/SA126S13	SES007	-0.0287628	-54.7064	-54.6776
BLOCK12/SES126/SA126S13	SES162	0.126266	-54.5514	-54.6776
BLOCK12/SES126/SA126S13	SES177	0.0537071	-54.6239	-54.6776
BLOCK12/SES126/SA126S13	SES180	0.257858	-54.4198	-54.6776
BLOCK12/SES126/SA126S14	SES144	0.294998	-53.2076	-53.5026
BLOCK12/SES126/SA126S14	SES148	0.295586	-53.2071	-53.5026
BLOCK12/SES126/SA126S14	SES177	0.356224	-53.1464	-53.5026
BLOCK12/SES126/SA126S14	SES180	0.332024	-53.1706	-53.5026
BLOCK12/SES126/SA126S20	SES007	-0.167648	-55.2184	-55.0507
BLOCK12/SES126/SA126S20	SES162	-0.125294	-55.176	-55.0507
BLOCK12/SES126/SA126S20	SES172	-0.671108	-55.7218	-55.0507
BLOCK12/SES126/SA126S20	SES180	-0.210743	-55.2615	-55.0507
BLOCK12/SES126/SA126S24	SES120	0.0244217	-54.3381	-54.3625
BLOCK12/SES126/SA126S24	SES162	-0.0610733	-54.4236	-54.3625
BLOCK12/SES126/SA126S24	SES177	-0.102581	-54.4651	-54.3625
BLOCK12/SES126/SA126S24	SES180	0.206127	-54.1564	-54.3625
BLOCK12/SES126/SA126S26	SES120	0.0465393	-54.1772	-54.2238
BLOCK12/SES126/SA126S26	SES177	-0.0544739	-54.2783	-54.2238
BLOCK12/SES126/SA126S26	SES180	0.312225	-53.9116	-54.2238
BLOCK12/SES126/SA126S26	SES202	-0.0490799	-54.2729	-54.2238
BLOCK12/SES128/SA128S10	SES087	0.176453	-51.9697	-52.1462
BLOCK12/SES128/SA128S10	SES206	0.215069	-51.9311	-52.1462
BLOCK12/SES128/SA128S10	SES226	0.47007	-51.6761	-52.1462
BLOCK12/SES128/SA128S10	SES270	0.0969734	-52.0492	-52.1462
BLOCK12/SES128/SA128S12	SES120	-0.122902	-52.4767	-52.3538
BLOCK12/SES128/SA128S12	SES158	0.214554	-52.1393	-52.3538
BLOCK12/SES128/SA128S12	SES206	0.191807	-52.162	-52.3538
BLOCK12/SES128/SA128S12	SES226	0.41412	-51.9397	-52.3538
BLOCK12/SES128/SA128S21	SES106	-0.760506	-54.5375	-53.777
BLOCK12/SES128/SA128S21	SES120	-0.0515976	-53.8286	-53.777
BLOCK12/SES128/SA128S21	SES206	-0.595375	-54.3724	-53.777
BLOCK12/SES128/SA128S21	SES226	-0.208424	-53.9854	-53.777
BLOCK12/SES128/SA128S24	SES087	-0.46389	-52.9014	-52.4375
BLOCK12/SES128/SA128S24	SES120	-0.0198708	-52.4574	-52.4375
BLOCK12/SES128/SA128S24	SES206	-0.28479	-52.7223	-52.4375
BLOCK12/SES128/SA128S24	SES226	0.135292	-52.3022	-52.4375
BLOCK12/SES128/SA128S27	SES099	-0.136124	-52.1794	-52.0433
BLOCK12/SES128/SA128S27	SES120	-0.0845871	-52.1279	-52.0433
BLOCK12/SES128/SA128S27	SES206	-0.0900307	-52.1333	-52.0433
BLOCK12/SES128/SA128S27	SES226	0.346066	-51.6972	-52.0433
BLOCK13/SES130/SA130S13	SES143	0.25515	-55.0618	-55.3169
BLOCK13/SES130/SA130S13	SES144	0.422176	-54.8947	-55.3169
BLOCK13/SES130/SA130S13	SES146	0.0539856	-55.2629	-55.3169
BLOCK13/SES130/SA130S13	SES275	0.0476913	-55.2692	-55.3169
BLOCK13/SES130/SA130S15	SES143	0.165874	-53.0255	-53.1914
BLOCK13/SES130/SA130S15	SES144	0.181057	-53.0103	-53.1914
BLOCK13/SES130/SA130S15	SES146	0.0961609	-53.0952	-53.1914
BLOCK13/SES130/SA130S15	SES275	0.304207	-52.8872	-53.1914
BLOCK13/SES130/SA130S23	SES127	0.393269	-53.3406	-53.7339
BLOCK13/SES130/SA130S23	SES144	0.185314	-53.5486	-53.7339
BLOCK13/SES130/SA130S23	SES146	0.0805969	-53.6533	-53.7339
BLOCK13/SES130/SA130S23	SES162	0.444702	-53.2892	-53.7339
BLOCK13/SES130/SA130S25	SES127	-0.324303	-53.7585	-53.4342
BLOCK13/SES130/SA130S25	SES144	0.080471	-53.3538	-53.4342
BLOCK13/SES130/SA130S25	SES146	0.0525436	-53.3817	-53.4342
BLOCK13/SES130/SA130S25	SES275	-0.0104866	-53.4447	-53.4342
BLOCK13/SES130/SA130S28	SES127	0.184734	-53.0176	-53.2023
BLOCK13/SES130/SA130S28	SES144	0.0987129	-53.1036	-53.2023
BLOCK13/SES130/SA130S28	SES146	0.0723572	-53.1299	-53.2023
BLOCK13/SES130/SA130S28	SES275	0.213238	-52.9891	-53.2023
BLOCK13/SES131/SA131S13	SES002	0.227722	-53.2724	-53.5001
BLOCK13/SES131/SA131S13	SES007	-0.36795	-53.8681	-53.5001
BLOCK13/SES131/SA131S13	SES099	0.228123	-53.272	-53.5001
BLOCK13/SES131/SA131S13	SES105	0.0440559	-53.4561	-53.5001
BLOCK13/SES131/SA131S14	SES104	0.721497	-53.2679	-53.9894
BLOCK13/SES131/SA131S14	SES106	0.883656	-53.1058	-53.9894
BLOCK13/SES131/SA131S14	SES125	0.247936	-53.7415	-53.9894
BLOCK13/SES131/SA131S14	SES148	0.369053	-53.6204	-53.9894
BLOCK13/SES131/SA131S20	SES104	0.479034	-52.8565	-53.3356
BLOCK13/SES131/SA131S20	SES106	0.341599	-52.994	-53.3356
BLOCK13/SES131/SA131S20	SES125	0.2439	-53.0917	-53.3356
BLOCK13/SES131/SA131S20	SES148	-0.14875	-53.4843	-53.3356
BLOCK13/SES131/SA131S22	SES099	0.689201	-51.8624	-52.5516
BLOCK13/SES131/SA131S22	SES104	0.667625	-51.8839	-52.5516
BLOCK13/SES131/SA131S22	SES125	0.495384	-52.0562	-52.5516
BLOCK13/SES131/SA131S22	SES206	0.587215	-51.9644	-52.5516
BLOCK13/SES131/SA131S29	SES087	0.222435	-53.1519	-53.3743
BLOCK13/SES131/SA131S29	SES104	0.349823	-53.0245	-53.3743
BLOCK13/SES131/SA131S29	SES125	0.158142	-53.2162	-53.3743
BLOCK13/SES131/SA131S29	SES206	0.392284	-52.982	-53.3743
BLOCK13/SES132/SA132S11	SES083	0.362949	-51.8652	-52.2282
BLOCK13/SES132/SA132S11	SES120	0.150642	-52.0775	-52.2282
BLOCK13/SES132/SA132S11	SES127	0.256256	-51.9719	-52.2282
BLOCK13/SES132/SA132S11	SES275	0.283539	-51.9446	-52.2282
BLOCK13/SES132/SA132S12	SES083	0.520142	-51.8076	-52.3278
BLOCK13/SES132/SA132S12	SES143	0.315598	-52.0122	-52.3278
BLOCK13/SES132/SA132S12	SES144	0.122925	-52.2048	-52.3278
BLOCK13/SES132/SA132S12	SES148	0.409668	-51.9181	-52.3278
BLOCK13/SES132/SA132S22	SES062	0.335537	-51.9507	-52.2862
BLOCK13/SES132/SA132S22	SES083	0.280319	-52.0059	-52.2862
BLOCK13/SES132/SA132S22	SES127	0.203732	-52.0825	-52.2862
BLOCK13/SES132/SA132S22	SES275	0.262077	-52.0242	-52.2862
BLOCK13/SES132/SA132S24	SES007	0.338142	-52.3878	-52.726
BLOCK13/SES132/SA132S24	SES083	0.472992	-52.253	-52.726
BLOCK13/SES132/SA132S24	SES127	-0.0287895	-52.7548	-52.726
BLOCK13/SES132/SA132S24	SES275	0.183834	-52.5421	-52.726
BLOCK13/SES132/SA132S27	SES083	0.174297	-53.4719	-53.6462
BLOCK13/SES132/SA132S27	SES120	-0.0418091	-53.688	-53.6462
BLOCK13/SES132/SA132S27	SES127	-0.262356	-53.9086	-53.6462
BLOCK13/SES132/SA132S27	SES275	0.154465	-53.4917	-53.6462
BLOCK14/SES141/SA141S09	SES143	0.335491	-53.8132	-54.1487
BLOCK14/SES141/SA141S09	SES144	0.238697	-53.91	-54.1487
BLOCK14/SES141/SA141S09	SES162	-0.0819016	-54.2306	-54.1487
BLOCK14/SES141/SA141S09	SES180	0.0332298	-54.1154	-54.1487
BLOCK14/SES141/SA141S15	SES127	0.123375	-53.3385	-53.4619
BLOCK14/SES141/SA141S15	SES144	0.256073	-53.2058	-53.4619
BLOCK14/SES141/SA141S15	SES162	0.0890427	-53.3729	-53.4619
BLOCK14/SES141/SA141S15	SES180	0.337173	-53.1247	-53.4619
BLOCK14/SES141/SA141S24	SES127	0.0451431	-53.3425	-53.3876
BLOCK14/SES141/SA141S24	SES144	0.219616	-53.168	-53.3876
BLOCK14/SES141/SA141S24	SES162	-0.00575638	-53.3934	-53.3876
BLOCK14/SES141/SA141S24	SES183	-0.0429878	-53.4306	-53.3876
BLOCK14/SES141/SA141S26	SES142	0.494438	-53.8188	-54.3132
BLOCK14/SES141/SA141S26	SES144	0.325291	-53.9879	-54.3132
BLOCK14/SES141/SA141S26	SES172	0.420555	-53.8926	-54.3132
BLOCK14/SES141/SA141S26	SES180	0.589802	-53.7234	-54.3132
BLOCK14/SES141/SA141S29	SES127	0.0161057	-53.5215	-53.5376
BLOCK14/SES141/SA141S29	SES142	0.078701	-53.4589	-53.5376
BLOCK14/SES141/SA141S29	SES144	0.109978	-53.4276	-53.5376
BLOCK14/SES141/SA141S29	SES180	0.207928	-53.3297	-53.5376
BLOCK15/SES157/SA157S08	SES083	0.38728	-53.4006	-53.7879
BLOCK15/SES157/SA157S08	SES127	-0.159	-53.9469	-53.7879
BLOCK15/SES157/SA157S08	SES148	0.358067	-53.4298	-53.7879
BLOCK15/SES157/SA157S08	SES292	0.0511475	-53.7367	-53.7879
BLOCK15/SES157/SA157S11	SES083	0.269817	-53.9742	-54.2441
BLOCK15/SES157/SA157S11	SES127	-0.251892	-54.4959	-54.2441
BLOCK15/SES157/SA157S11	SES148	0.352528	-53.8915	-54.2441
BLOCK15/SES157/SA157S11	SES292	-0.103622	-54.3477	-54.2441
BLOCK15/SES157/SA157S21	SES127	0.0234222	-53.2228	-53.2462
BLOCK15/SES157/SA157S21	SES148	0.233959	-53.0122	-53.2462
BLOCK15/SES157/SA157S21	SES158	-0.241611	-53.4878	-53.2462
BLOCK15/SES157/SA157S21	SES292	0.161476	-53.0847	-53.2462
BLOCK15/SES157/SA157S24	SES127	0.373203	-52.6873	-53.0605
BLOCK15/SES157/SA157S24	SES148	0.482365	-52.5782	-53.0605
BLOCK15/SES157/SA157S24	SES183	0.508091	-52.5525	-53.0605
BLOCK15/SES157/SA157S24	SES292	0.382038	-52.6785	-53.0605
BLOCK15/SES157/SA157S26	SES007	0.497032	-52.7587	-53.2558
BLOCK15/SES157/SA157S26	SES127	0.220592	-53.0352	-53.2558
BLOCK15/SES157/SA157S26	SES147	-0.599358	-53.8551	-53.2558
BLOCK15/SES157/SA157S26	SES148	0.523937	-52.7318	-53.2558
BLOCK16/SES161/SA161S10	SES007	-0.272827	-53.692	-53.4192
BLOCK16/SES161/SA161S10	SES105	0.0768776	-53.3423	-53.4192
BLOCK16/SES161/SA161S10	SES158	0.184769	-53.2344	-53.4192
BLOCK16/SES161/SA161S10	SES275	-0.0559654	-53.4752	-53.4192
BLOCK16/SES161/SA161S12	SES007	-0.14254	-53.3951	-53.2525
BLOCK16/SES161/SA161S12	SES105	0.116474	-53.1361	-53.2525
BLOCK16/SES161/SA161S12	SES158	0.279434	-52.9731	-53.2525
BLOCK16/SES161/SA161S12	SES275	-0.0392876	-53.2918	-53.2525
BLOCK16/SES161/SA161S20	SES007	-0.481232	-53.7817	-53.3004
BLOCK16/SES161/SA161S20	SES105	0.0591278	-53.2413	-53.3004
BLOCK16/SES161/SA161S20	SES158	0.0625191	-53.2379	-53.3004
BLOCK16/SES161/SA161S20	SES275	0.0896034	-53.2108	-53.3004
BLOCK16/SES161/SA161S23	SES007	-0.11478	-53.5343	-53.4195
BLOCK16/SES161/SA161S23	SES105	0.108429	-53.3111	-53.4195
BLOCK16/SES161/SA161S23	SES148	0.0329819	-53.3865	-53.4195
BLOCK16/SES161/SA161S23	SES158	0.343464	-53.076	-53.4195
BLOCK16/SES161/SA161S28	SES007	-0.351357	-53.2432	-52.8918
BLOCK16/SES161/SA161S28	SES105	0.0457382	-52.8461	-52.8918
BLOCK16/SES161/SA161S28	SES158	0.170143	-52.7217	-52.8918
BLOCK16/SES161/SA161S28	SES206	-0.0196495	-52.9115	-52.8918
BLOCK16/SES164/SA164S11	SES104	0.722729	-52.118	-52.8407
BLOCK16/SES164/SA164S11	SES125	0.472862	-52.3679	-52.8407
BLOCK16/SES164/SA164S11	SES158	0.721081	-52.1197	-52.8407
BLOCK16/SES164/SA164S11	SES206	0.882187	-51.9586	-52.8407
BLOCK16/SES164/SA164S13	SES099	0.494686	-52.7729	-53.2676
BLOCK16/SES164/SA164S13	SES104	0.377708	-52.8899	-53.2676
BLOCK16/SES164/SA164S13	SES125	0.157761	-53.1098	-53.2676
BLOCK16/SES164/SA164S13	SES206	0.461384	-52.8062	-53.2676
BLOCK16/SES164/SA164S24	SES002	0.486717	-52.4685	-52.9552
BLOCK16/SES164/SA164S24	SES099	0.549702	-52.4055	-52.9552
BLOCK16/SES164/SA164S24	SES125	0.327091	-52.6281	-52.9552
BLOCK16/SES164/SA164S24	SES226	0.501553	-52.4537	-52.9552
BLOCK16/SES164/SA164S27	SES087	0.379475	-52.5008	-52.8803
BLOCK16/SES164/SA164S27	SES125	0.300243	-52.58	-52.8803
BLOCK16/SES164/SA164S27	SES206	0.432957	-52.4473	-52.8803
BLOCK16/SES164/SA164S27	SES226	0.49094	-52.3893	-52.8803
BLOCK16/SES164/SA164S29	SES002	0.491753	-52.452	-52.9437
BLOCK16/SES164/SA164S29	SES019	0.28455	-52.6592	-52.9437
BLOCK16/SES164/SA164S29	SES125	0.271496	-52.6722	-52.9437
BLOCK16/SES164/SA164S29	SES226	0.555107	-52.3886	-52.9437
BLOCK16/SES169/SA169S13	SES117	-0.0709496	-52.9007	-52.8297
BLOCK16/SES169/SA169S13	SES144	0.142975	-52.6867	-52.8297
BLOCK16/SES169/SA169S13	SES146	0.0642433	-52.7655	-52.8297
BLOCK16/SES169/SA169S13	SES162	-0.0302734	-52.86	-52.8297
BLOCK16/SES169/SA169S14	SES144	-0.0417595	-53.0572	-53.0154
BLOCK16/SES169/SA169S14	SES148	0.381905	-52.6335	-53.0154
BLOCK16/SES169/SA169S14	SES177	0.365612	-52.6498	-53.0154
BLOCK16/SES169/SA169S14	SES180	0.0246086	-52.9908	-53.0154
BLOCK16/SES169/SA169S24	SES117	0.0957222	-53.6859	-53.7816
BLOCK16/SES169/SA169S24	SES144	0.135708	-53.6459	-53.7816
BLOCK16/SES169/SA169S24	SES146	0.00745392	-53.7742	-53.7816
BLOCK16/SES169/SA169S24	SES162	0.13364	-53.648	-53.7816
BLOCK16/SES169/SA169S27	SES127	0.159435	-52.2832	-52.4427
BLOCK16/SES169/SA169S27	SES129	0.387066	-52.0556	-52.4427
BLOCK16/SES169/SA169S27	SES144	0.0331192	-52.4096	-52.4427
BLOCK16/SES169/SA169S27	SES146	0.112309	-52.3304	-52.4427
BLOCK16/SES169/SA169S29	SES144	-0.033287	-52.1975	-52.1642
BLOCK16/SES169/SA169S29	SES162	-0.0186348	-52.1829	-52.1642
BLOCK16/SES169/SA169S29	SES177	0.334	-51.8302	-52.1642
BLOCK16/SES169/SA169S29	SES180	0.0864487	-52.0778	-52.1642
BLOCK17/SES171/SA171S12	SES083	0.300804	-53.8156	-54.1164
BLOCK17/SES171/SA171S12	SES148	0.255863	-53.8606	-54.1164
BLOCK17/SES171/SA171S12	SES172	-0.199905	-54.3163	-54.1164
BLOCK17/SES171/SA171S12	SES292	-0.0478783	-54.1643	-54.1164
BLOCK17/SES171/SA171S15	SES148	0.268402	-55.9841	-56.2525
BLOCK17/SES171/SA171S15	SES177	0.079464	-56.173	-56.2525
BLOCK17/SES171/SA171S15	SES180	-0.190681	-56.4432	-56.2525
BLOCK17/SES171/SA171S15	SES292	-0.483833	-56.7363	-56.2525
BLOCK17/SES171/SA171S22	SES007	0.136475	-53.5876	-53.724
BLOCK17/SES171/SA171S22	SES148	0.202087	-53.522	-53.724
BLOCK17/SES171/SA171S22	SES177	0.231697	-53.4923	-53.724
BLOCK17/SES171/SA171S22	SES180	-0.0867233	-53.8108	-53.724
BLOCK17/SES171/SA171S25	SES101	-0.133797	-56.5341	-56.4003
BLOCK17/SES171/SA171S25	SES120	-0.229279	-56.6296	-56.4003
BLOCK17/SES171/SA171S25	SES177	-0.178932	-56.5792	-56.4003
BLOCK17/SES171/SA171S25	SES180	-0.152313	-56.5526	-56.4003
BLOCK17/SES171/SA171S27	SES177	0.202736	-54.6034	-54.8062
BLOCK17/SES171/SA171S27	SES180	-0.153057	-54.9592	-54.8062
BLOCK17/SES171/SA171S27	SES189	-0.293762	-55.0999	-54.8062
BLOCK17/SES171/SA171S27	SES292	-0.267952	-55.0741	-54.8062
BLOCK17/SES173/SA173S13	SES162	0.014183	-56.3448	-56.3589
BLOCK17/SES173/SA173S13	SES177	-0.271893	-56.6308	-56.3589
BLOCK17/SES173/SA173S13	SES180	-0.0204659	-56.3794	-56.3589
BLOCK17/SES173/SA173S13	SES292	-0.4212	-56.7801	-56.3589
BLOCK17/SES173/SA173S14	SES007	-0.208015	-56.8023	-56.5942
BLOCK17/SES173/SA173S14	SES162	0.0385818	-56.5557	-56.5942
BLOCK17/SES173/SA173S14	SES177	-0.239445	-56.8337	-56.5942
BLOCK17/SES173/SA173S14	SES180	-0.108299	-56.7025	-56.5942
BLOCK17/SES173/SA173S24	SES144	0.568928	-56.8228	-57.3917
BLOCK17/SES173/SA173S24	SES162	-0.0670242	-57.4587	-57.3917
BLOCK17/SES173/SA173S24	SES177	-0.458523	-57.8502	-57.3917
BLOCK17/SES173/SA173S24	SES180	-0.0749397	-57.4666	-57.3917
BLOCK17/SES173/SA173S27	SES162	-0.118092	-56.5396	-56.4215
BLOCK17/SES173/SA173S27	SES177	-0.37141	-56.7929	-56.4215
BLOCK17/SES173/SA173S27	SES180	0.0211487	-56.4003	-56.4215
BLOCK17/SES173/SA173S27	SES292	-0.496243	-56.9177	-56.4215
BLOCK17/SES173/SA173S29	SES162	0.043148	-57.3025	-57.3456
BLOCK17/SES173/SA173S29	SES175	0.774586	-56.571	-57.3456
BLOCK17/SES173/SA173S29	SES177	-0.226513	-57.5721	-57.3456
BLOCK17/SES173/SA173S29	SES292	-0.530487	-57.8761	-57.3456
BLOCK18/SES182/SA182S10	SES144	-0.0554657	-53.0027	-52.9473
BLOCK18/SES182/SA182S10	SES177	0.223904	-52.7233	-52.9473
BLOCK18/SES182/SA182S10	SES180	0.116817	-52.8304	-52.9473
BLOCK18/SES182/SA182S10	SES275	0.159496	-52.7878	-52.9473
BLOCK18/SES182/SA182S12	SES144	0.219982	-53.0096	-53.2296
BLOCK18/SES182/SA182S12	SES177	0.273277	-52.9563	-53.2296
BLOCK18/SES182/SA182S12	SES180	-0.0177078	-53.2473	-53.2296
BLOCK18/SES182/SA182S12	SES275	0.0203209	-53.2092	-53.2296
BLOCK18/SES182/SA182S21	SES117	-0.00540543	-53.5712	-53.5658
BLOCK18/SES182/SA182S21	SES144	0.171257	-53.3946	-53.5658
BLOCK18/SES182/SA182S21	SES162	0.116066	-53.4498	-53.5658
BLOCK18/SES182/SA182S21	SES180	0.322483	-53.2433	-53.5658
BLOCK18/SES182/SA182S23	SES117	-0.14576	-53.0496	-52.9039
BLOCK18/SES182/SA182S23	SES144	0.138599	-52.7653	-52.9039
BLOCK18/SES182/SA182S23	SES180	0.25774	-52.6461	-52.9039
BLOCK18/SES182/SA182S23	SES275	0.251953	-52.6519	-52.9039
BLOCK18/SES182/SA182S25	SES007	0.116032	-53.7049	-53.8209
BLOCK18/SES182/SA182S25	SES162	0.0989838	-53.7219	-53.8209
BLOCK18/SES182/SA182S25	SES177	0.206051	-53.6149	-53.8209
BLOCK18/SES182/SA182S25	SES180	0.139992	-53.6809	-53.8209
BLOCK18/SES184/SA184S12	SES177	0.168098	-53.0265	-53.1946
BLOCK18/SES184/SA184S12	SES180	0.236629	-52.958	-53.1946
BLOCK18/SES184/SA184S12	SES189	-1.197	-54.3916	-53.1946
BLOCK18/SES184/SA184S12	SES292	0.165058	-53.0296	-53.1946
BLOCK18/SES184/SA184S13	SES101	0.306225	-53.5933	-53.8995
BLOCK18/SES184/SA184S13	SES177	0.445103	-53.4544	-53.8995
BLOCK18/SES184/SA184S13	SES180	0.377014	-53.5225	-53.8995
BLOCK18/SES184/SA184S13	SES292	0.318508	-53.581	-53.8995
BLOCK18/SES184/SA184S22	SES177	0.164982	-53.7361	-53.9011
BLOCK18/SES184/SA184S22	SES180	0.220264	-53.6809	-53.9011
BLOCK18/SES184/SA184S22	SES189	-1.0903	-54.9914	-53.9011
BLOCK18/SES184/SA184S22	SES292	0.125694	-53.7754	-53.9011
BLOCK18/SES184/SA184S25	SES101	0.591599	-52.3424	-52.934
BLOCK18/SES184/SA184S25	SES177	0.684669	-52.2493	-52.934
BLOCK18/SES184/SA184S25	SES180	0.387051	-52.5469	-52.934
BLOCK18/SES184/SA184S25	SES292	0.470192	-52.4638	-52.934
BLOCK18/SES184/SA184S27	SES083	0.247566	-53.4443	-53.6919
BLOCK18/SES184/SA184S27	SES177	0.218887	-53.473	-53.6919
BLOCK18/SES184/SA184S27	SES202	0.113914	-53.578	-53.6919
BLOCK18/SES184/SA184S27	SES292	0.0482292	-53.6437	-53.6919
BLOCK20/SES204/SA204S12	SES062	-0.134254	-53.3841	-53.2499
BLOCK20/SES204/SA204S12	SES083	0.0279694	-53.2219	-53.2499
BLOCK20/SES204/SA204S12	SES206	0.247299	-53.0026	-53.2499
BLOCK20/SES204/SA204S12	SES226	0.277744	-52.9721	-53.2499
BLOCK20/SES204/SA204S14	SES068	-0.129482	-52.8237	-52.6943
BLOCK20/SES204/SA204S14	SES087	0.298828	-52.3954	-52.6943
BLOCK20/SES204/SA204S14	SES206	0.350815	-52.3434	-52.6943
BLOCK20/SES204/SA204S14	SES226	0.443008	-52.2512	-52.6943
BLOCK20/SES204/SA204S22	SES068	-0.295811	-53.6601	-53.3642
BLOCK20/SES204/SA204S22	SES082	0.024662	-53.3396	-53.3642
BLOCK20/SES204/SA204S22	SES083	-0.168373	-53.5326	-53.3642
BLOCK20/SES204/SA204S22	SES206	0.199802	-53.1644	-53.3642
BLOCK20/SES204/SA204S25	SES062	-0.358082	-53.6429	-53.2848
BLOCK20/SES204/SA204S25	SES083	-0.118652	-53.4035	-53.2848
BLOCK20/SES204/SA204S25	SES206	0.24297	-53.0419	-53.2848
BLOCK20/SES204/SA204S25	SES226	0.310638	-52.9742	-53.2848
BLOCK20/SES204/SA204S27	SES068	-0.316467	-53.316	-52.9995
BLOCK20/SES204/SA204S27	SES082	0.112335	-52.8872	-52.9995
BLOCK20/SES204/SA204S27	SES087	0.161358	-52.8382	-52.9995
BLOCK20/SES204/SA204S27	SES206	0.235657	-52.7639	-52.9995
BLOCK20/SES207/SA207S10	SES127	-0.202568	-54.297	-54.0945
BLOCK20/SES207/SA207S10	SES183	0.239143	-53.8553	-54.0945
BLOCK20/SES207/SA207S10	SES189	-0.749763	-54.8442	-54.0945
BLOCK20/SES207/SA207S10	SES292	-0.0242424	-54.1187	-54.0945
BLOCK20/SES207/SA207S11	SES127	-0.213154	-55.1797	-54.9665
BLOCK20/SES207/SA207S11	SES183	0.774158	-54.1923	-54.9665
BLOCK20/SES207/SA207S11	SES187	0.186558	-54.7799	-54.9665
BLOCK20/SES207/SA207S11	SES292	-0.0356331	-55.0021	-54.9665
BLOCK20/SES207/SA207S25	SES068	0.4883	-53.8627	-54.351
BLOCK20/SES207/SA207S25	SES083	0.358429	-53.9925	-54.351
BLOCK20/SES207/SA207S25	SES127	0.216404	-54.1346	-54.351
BLOCK20/SES207/SA207S25	SES187	0.196987	-54.154	-54.351
BLOCK20/SES207/SA207S27	SES127	-0.0913963	-54.5183	-54.4269
BLOCK20/SES207/SA207S27	SES183	0.355919	-54.071	-54.4269
BLOCK20/SES207/SA207S27	SES187	0.0608139	-54.3661	-54.4269
BLOCK20/SES207/SA207S27	SES292	0.0509338	-54.3759	-54.4269
BLOCK20/SES207/SA207S29	SES083	0.280464	-53.8457	-54.1262
BLOCK20/SES207/SA207S29	SES085	0.426697	-53.6995	-54.1262
BLOCK20/SES207/SA207S29	SES172	0.271328	-53.8549	-54.1262
BLOCK20/SES207/SA207S29	SES189	-0.952705	-55.0789	-54.1262
BLOCK22/SES221/SA221S12	SES068	0.233814	-55.8588	-56.0926
BLOCK22/SES221/SA221S12	SES143	0.66909	-55.4236	-56.0926
BLOCK22/SES221/SA221S12	SES175	0.45797	-55.6347	-56.0926
BLOCK22/SES221/SA221S12	SES202	0.227146	-55.8655	-56.0926
BLOCK22/SES221/SA221S15	SES085	-0.0226479	-57.8269	-57.8042
BLOCK22/SES221/SA221S15	SES143	0.636944	-57.1673	-57.8042
BLOCK22/SES221/SA221S15	SES175	0.832714	-56.9715	-57.8042
BLOCK22/SES221/SA221S15	SES187	0.68969	-57.1145	-57.8042
BLOCK22/SES221/SA221S23	SES068	0.0994949	-56.2971	-56.3966
BLOCK22/SES221/SA221S23	SES143	0.564964	-55.8316	-56.3966
BLOCK22/SES221/SA221S23	SES175	0.574657	-55.8219	-56.3966
BLOCK22/SES221/SA221S23	SES189	0.623409	-55.7731	-56.3966
BLOCK22/SES221/SA221S27	SES085	-0.0778923	-57.3757	-57.2978
BLOCK22/SES221/SA221S27	SES143	0.535038	-56.7628	-57.2978
BLOCK22/SES221/SA221S27	SES175	0.787197	-56.5106	-57.2978
BLOCK22/SES221/SA221S27	SES189	1.0101	-56.2877	-57.2978
BLOCK22/SES221/SA221S29	SES085	-0.0170212	-58.6187	-58.6017
BLOCK22/SES221/SA221S29	SES143	0.702251	-57.8995	-58.6017
BLOCK22/SES221/SA221S29	SES175	0.868462	-57.7333	-58.6017
BLOCK22/SES221/SA221S29	SES187	0.779114	-57.8226	-58.6017
BLOCK22/SES223/SA223S11	SES143	0.403046	-55.1077	-55.5107
BLOCK22/SES223/SA223S11	SES144	0.0907135	-55.42	-55.5107
BLOCK22/SES223/SA223S11	SES175	0.267689	-55.243	-55.5107
BLOCK22/SES223/SA223S11	SES187	0.245087	-55.2656	-55.5107
BLOCK22/SES223/SA223S13	SES068	-0.167347	-56.1411	-55.9738
BLOCK22/SES223/SA223S13	SES143	0.468094	-55.5057	-55.9738
BLOCK22/SES223/SA223S13	SES146	-0.0928612	-56.0666	-55.9738
BLOCK22/SES223/SA223S13	SES202	0.0968933	-55.8769	-55.9738
BLOCK22/SES223/SA223S22	SES143	0.409817	-55.2726	-55.6824
BLOCK22/SES223/SA223S22	SES144	0.216713	-55.4657	-55.6824
BLOCK22/SES223/SA223S22	SES175	0.414204	-55.2682	-55.6824
BLOCK22/SES223/SA223S22	SES187	0.324226	-55.3582	-55.6824
BLOCK22/SES223/SA223S25	SES068	-0.192528	-55.9092	-55.7166
BLOCK22/SES223/SA223S25	SES143	0.449596	-55.267	-55.7166
BLOCK22/SES223/SA223S25	SES175	0.309471	-55.4072	-55.7166
BLOCK22/SES223/SA223S25	SES187	0.151134	-55.5655	-55.7166
BLOCK22/SES223/SA223S27	SES143	0.624008	-56.0698	-56.6939
BLOCK22/SES223/SA223S27	SES146	0.0349159	-56.6589	-56.6939
BLOCK22/SES223/SA223S27	SES187	0.55167	-56.1422	-56.6939
BLOCK22/SES223/SA223S27	SES292	-0.205921	-56.8998	-56.6939
BLOCK27/SES273/SA273S12	SES099	0.399147	-51.8513	-52.2505
BLOCK27/SES273/SA273S12	SES104	0.555073	-51.6954	-52.2505
BLOCK27/SES273/SA273S12	SES125	0.419064	-51.8314	-52.2505
BLOCK27/SES273/SA273S12	SES206	0.452351	-51.7981	-52.2505
BLOCK27/SES273/SA273S13	SES099	0.476326	-51.6572	-52.1335
BLOCK27/SES273/SA273S13	SES104	0.586411	-51.5471	-52.1335
BLOCK27/SES273/SA273S13	SES206	0.563293	-51.5702	-52.1335
BLOCK27/SES273/SA273S13	SES292	-0.255211	-52.3887	-52.1335
BLOCK27/SES273/SA273S21	SES099	0.389709	-51.2439	-51.6336
BLOCK27/SES273/SA273S21	SES148	-0.149384	-51.783	-51.6336
BLOCK27/SES273/SA273S21	SES149	0.448967	-51.1847	-51.6336
BLOCK27/SES273/SA273S21	SES177	-0.221207	-51.8549	-51.6336
BLOCK27/SES273/SA273S25	SES104	0.522099	-52.0739	-52.596
BLOCK27/SES273/SA273S25	SES125	0.382023	-52.214	-52.596
BLOCK27/SES273/SA273S25	SES158	0.538139	-52.0578	-52.596
BLOCK27/SES273/SA273S25	SES206	0.678452	-51.9175	-52.596
BLOCK27/SES273/SA273S27	SES099	0.696499	-52.1209	-52.8174
BLOCK27/SES273/SA273S27	SES104	0.622589	-52.1948	-52.8174
BLOCK27/SES273/SA273S27	SES149	0.427254	-52.3902	-52.8174
BLOCK27/SES273/SA273S27	SES275	-0.211029	-53.0285	-52.8174
BLOCK27/SES274/SA274S10	SES105	0.0934792	-51.555	-51.6484
BLOCK27/SES274/SA274S10	SES125	0.542439	-51.106	-51.6484
BLOCK27/SES274/SA274S10	SES129	0.0470009	-51.6014	-51.6484
BLOCK27/SES274/SA274S10	SES158	0.163631	-51.4848	-51.6484
BLOCK27/SES274/SA274S11	SES105	0.128559	-51.6888	-51.8173
BLOCK27/SES274/SA274S11	SES149	0.343929	-51.4734	-51.8173
BLOCK27/SES274/SA274S11	SES158	0.195988	-51.6213	-51.8173
BLOCK27/SES274/SA274S11	SES275	0.0554771	-51.7618	-51.8173
BLOCK27/SES274/SA274S21	SES105	0.120136	-51.5306	-51.6507
BLOCK27/SES274/SA274S21	SES129	0.0547676	-51.5959	-51.6507
BLOCK27/SES274/SA274S21	SES149	0.411709	-51.239	-51.6507
BLOCK27/SES274/SA274S21	SES158	0.24649	-51.4042	-51.6507
BLOCK27/SES274/SA274S24	SES105	0.0945969	-51.4206	-51.5152
BLOCK27/SES274/SA274S24	SES129	0.0809975	-51.4342	-51.5152
BLOCK27/SES274/SA274S24	SES149	0.429642	-51.0855	-51.5152
BLOCK27/SES274/SA274S24	SES158	0.218384	-51.2968	-51.5152
BLOCK27/SES274/SA274S29	SES105	0.12888	-51.6205	-51.7493
BLOCK27/SES274/SA274S29	SES106	-0.00937653	-51.7587	-51.7493
BLOCK27/SES274/SA274S29	SES120	-0.103065	-51.8524	-51.7493
BLOCK27/SES274/SA274S29	SES275	0.0577888	-51.6916	-51.7493
BLOCK27/SES276/SA276S16	SES148	0.379547	-53.3193	-53.6989
BLOCK27/SES276/SA276S16	SES172	0.390915	-53.308	-53.6989
BLOCK27/SES276/SA276S16	SES180	0.417454	-53.2814	-53.6989
BLOCK27/SES276/SA276S16	SES292	0.327583	-53.3713	-53.6989
BLOCK27/SES276/SA276S17	SES101	0.354416	-53.2205	-53.5749
BLOCK27/SES276/SA276S17	SES177	0.544579	-53.0304	-53.5749
BLOCK27/SES276/SA276S17	SES180	0.359268	-53.2157	-53.5749
BLOCK27/SES276/SA276S17	SES292	0.302773	-53.2722	-53.5749
BLOCK27/SES276/SA276S24	SES101	0.38308	-53.1647	-53.5478
BLOCK27/SES276/SA276S24	SES177	0.457878	-53.0899	-53.5478
BLOCK27/SES276/SA276S24	SES180	0.11998	-53.4278	-53.5478
BLOCK27/SES276/SA276S24	SES292	0.141628	-53.4062	-53.5478
BLOCK27/SES276/SA276S26	SES101	0.0190353	-53.7082	-53.7272
BLOCK27/SES276/SA276S26	SES177	0.277782	-53.4494	-53.7272
BLOCK27/SES276/SA276S26	SES180	0.165104	-53.5621	-53.7272
BLOCK27/SES276/SA276S26	SES292	0.0592537	-53.668	-53.7272
BLOCK27/SES276/SA276S28	SES101	0.429447	-53.9188	-54.3483
BLOCK27/SES276/SA276S28	SES177	0.506565	-53.8417	-54.3483
BLOCK27/SES276/SA276S28	SES180	0.208179	-54.1401	-54.3483
BLOCK27/SES276/SA276S28	SES292	0.154274	-54.194	-54.3483
BLOCK27/SES277/SA277S12	SES101	0.0817833	-52.7841	-52.8659
BLOCK27/SES277/SA277S12	SES177	0.101936	-52.7639	-52.8659
BLOCK27/SES277/SA277S12	SES180	0.241177	-52.6247	-52.8659
BLOCK27/SES277/SA277S12	SES292	0.250046	-52.6158	-52.8659
BLOCK27/SES277/SA277S14	SES177	0.0985832	-54.7203	-54.8189
BLOCK27/SES277/SA277S14	SES180	-0.195312	-55.0142	-54.8189
BLOCK27/SES277/SA277S14	SES189	-0.27705	-55.096	-54.8189
BLOCK27/SES277/SA277S14	SES292	-0.315472	-55.1344	-54.8189
BLOCK27/SES277/SA277S21	SES177	0.118774	-53.6307	-53.7495
BLOCK27/SES277/SA277S21	SES180	-0.0997391	-53.8492	-53.7495
BLOCK27/SES277/SA277S21	SES189	-0.653782	-54.4032	-53.7495
BLOCK27/SES277/SA277S21	SES292	-0.161839	-53.9113	-53.7495
BLOCK27/SES277/SA277S24	SES144	0.0960999	-54.659	-54.7551
BLOCK27/SES277/SA277S24	SES177	-0.0811768	-54.8362	-54.7551
BLOCK27/SES277/SA277S24	SES180	-0.0884132	-54.8435	-54.7551
BLOCK27/SES277/SA277S24	SES189	-0.382706	-55.1378	-54.7551
BLOCK27/SES277/SA277S29	SES177	0.209911	-53.8087	-54.0186
BLOCK27/SES277/SA277S29	SES180	-0.171722	-54.1903	-54.0186
BLOCK27/SES277/SA277S29	SES202	-0.0602074	-54.0788	-54.0186
BLOCK27/SES277/SA277S29	SES292	-0.210686	-54.2293	-54.0186
BLOCK27/SES279/SA279S09	SES120	-0.226994	-52.9717	-52.7447
BLOCK27/SES279/SA279S09	SES146	-0.0269508	-52.7716	-52.7447
BLOCK27/SES279/SA279S09	SES206	0.286736	-52.4579	-52.7447
BLOCK27/SES279/SA279S09	SES226	0.391773	-52.3529	-52.7447
BLOCK27/SES279/SA279S10	SES099	-0.00423431	-51.8684	-51.8642
BLOCK27/SES279/SA279S10	SES206	0.105644	-51.7585	-51.8642
BLOCK27/SES279/SA279S10	SES226	0.401413	-51.4628	-51.8642
BLOCK27/SES279/SA279S10	SES292	-0.0410156	-51.9052	-51.8642
BLOCK27/SES279/SA279S20	SES099	-0.104088	-52.6356	-52.5315
BLOCK27/SES279/SA279S20	SES206	-0.0313377	-52.5629	-52.5315
BLOCK27/SES279/SA279S20	SES226	0.22913	-52.3024	-52.5315
BLOCK27/SES279/SA279S20	SES292	-0.0743179	-52.6059	-52.5315
BLOCK27/SES279/SA279S26	SES099	-0.200489	-52.4282	-52.2277
BLOCK27/SES279/SA279S26	SES206	-0.107002	-52.3347	-52.2277
BLOCK27/SES279/SA279S26	SES226	0.236683	-51.991	-52.2277
BLOCK27/SES279/SA279S26	SES292	-0.0377464	-52.2655	-52.2277
BLOCK27/SES279/SA279S28	SES099	-0.14204	-52.3677	-52.2256
BLOCK27/SES279/SA279S28	SES120	-0.109848	-52.3355	-52.2256
BLOCK27/SES279/SA279S28	SES177	0.20969	-52.0159	-52.2256
BLOCK27/SES279/SA279S28	SES206	0.0228271	-52.2028	-52.2256
BLOCK29/SES290/SA290S12	SES162	0.269146	-54.6799	-54.949
BLOCK29/SES290/SA290S12	SES177	0.282669	-54.6663	-54.949
BLOCK29/SES290/SA290S12	SES180	-0.098217	-55.0472	-54.949
BLOCK29/SES290/SA290S12	SES292	-0.227177	-55.1762	-54.949
BLOCK29/SES290/SA290S13	SES007	-0.108406	-54.9396	-54.8312
BLOCK29/SES290/SA290S13	SES162	-0.0192528	-54.8505	-54.8312
BLOCK29/SES290/SA290S13	SES177	-0.07164	-54.9029	-54.8312
BLOCK29/SES290/SA290S13	SES180	0.0565758	-54.7747	-54.8312
BLOCK29/SES290/SA290S22	SES177	0.188419	-54.0367	-54.2252
BLOCK29/SES290/SA290S22	SES180	-0.0353813	-54.2605	-54.2252
BLOCK29/SES290/SA290S22	SES202	0.0983887	-54.1268	-54.2252
BLOCK29/SES290/SA290S22	SES292	-0.146061	-54.3712	-54.2252
BLOCK29/SES290/SA290S25	SES162	0.190014	-53.797	-53.987
BLOCK29/SES290/SA290S25	SES177	0.274792	-53.7122	-53.987
BLOCK29/SES290/SA290S25	SES180	0.144978	-53.842	-53.987
BLOCK29/SES290/SA290S25	SES292	0.0253716	-53.9616	-53.987
BLOCK29/SES290/SA290S29	SES177	0.390251	-53.3608	-53.7511
BLOCK29/SES290/SA290S29	SES180	0.0833282	-53.6677	-53.7511
BLOCK29/SES290/SA290S29	SES275	0.0978127	-53.6533	-53.7511
BLOCK29/SES290/SA290S29	SES292	0.00800705	-53.7431	-53.7511
BLOCK29/SES291/SA291S11	SES105	0.0457764	-53.2421	-53.2879
BLOCK29/SES291/SA291S11	SES125	0.263317	-53.0246	-53.2879
BLOCK29/SES291/SA291S11	SES158	0.55357	-52.7343	-53.2879
BLOCK29/SES291/SA291S11	SES275	-0.272026	-53.5599	-53.2879
BLOCK29/SES291/SA291S12	SES158	0.621513	-52.6552	-53.2767
BLOCK29/SES291/SA291S12	SES226	0.648083	-52.6286	-53.2767
BLOCK29/SES291/SA291S12	SES270	0.532158	-52.7445	-53.2767
BLOCK29/SES291/SA291S12	SES275	-0.339962	-53.6166	-53.2767
BLOCK29/SES291/SA291S22	SES082	0.271919	-52.7597	-53.0316
BLOCK29/SES291/SA291S22	SES158	0.518906	-52.5127	-53.0316
BLOCK29/SES291/SA291S22	SES259	0.513725	-52.5179	-53.0316
BLOCK29/SES291/SA291S22	SES275	-0.23175	-53.2634	-53.0316
BLOCK29/SES291/SA291S24	SES104	0.722507	-51.813	-52.5355
BLOCK29/SES291/SA291S24	SES125	0.563614	-51.9719	-52.5355
BLOCK29/SES291/SA291S24	SES158	0.621902	-51.9136	-52.5355
BLOCK29/SES291/SA291S24	SES275	-0.196064	-52.7315	-52.5355
BLOCK29/SES291/SA291S27	SES158	0.664017	-52.9155	-53.5795
BLOCK29/SES291/SA291S27	SES172	-1.14705	-54.7265	-53.5795
BLOCK29/SES291/SA291S27	SES275	-0.27916	-53.8586	-53.5795
BLOCK29/SES291/SA291S27	SES292	-0.591663	-54.1711	-53.5795
