BLOCK00/SES002/SA002S12	SES002	0.257082	-7.41945	-7.67653
BLOCK00/SES002/SA002S13	SES002	1.09411	-7.2753	-8.36941
BLOCK00/SES002/SA002S23	SES002	-0.0414753	-7.51703	-7.47556
BLOCK00/SES002/SA002S26	SES002	-0.0935173	-8.42787	-8.33435
BLOCK00/SES002/SA002S28	SES002	-0.006742	-7.63811	-7.63137
BLOCK00/SES007/SA007S14	SES007	0.283952	-5.75862	-6.04258
BLOCK00/SES007/SA007S15	SES007	-0.1138	-6.72478	-6.61098
BLOCK00/SES007/SA007S24	SES007	-0.105753	-6.48327	-6.37751
BLOCK00/SES007/SA007S27	SES007	-0.417896	-7.84886	-7.43097
BLOCK00/SES007/SA007S29	SES007	-0.297193	-6.76235	-6.46516
BLOCK00/SES008/SA008S11	SES008	0.451265	-6.57271	-7.02397
BLOCK00/SES008/SA008S12	SES008	-0.420938	-7.32086	-6.89992
BLOCK00/SES008/SA008S19	SES008	0.598622	-6.64033	-7.23895
BLOCK00/SES008/SA008S22	SES008	-0.109611	-7.42175	-7.31214
BLOCK00/SES008/SA008S29	SES008	0.288744	-6.68845	-6.97719
BLOCK01/SES014/SA014S10	SES014	0.174407	-6.96013	-7.13453
BLOCK01/SES014/SA014S12	SES014	0.84877	-6.05605	-6.90482
BLOCK01/SES014/SA014S24	SES014	0.408448	-7.28522	-7.69366
BLOCK01/SES014/SA014S26	SES014	0.450939	-6.27236	-6.7233
BLOCK01/SES014/SA014S28	SES014	1.49049	-5.34746	-6.83794
BLOCK01/SES016/SA016S12	SES016	-0.0705967	-8.94205	-8.87145
BLOCK01/SES016/SA016S13	SES016	0.043448	-6.91947	-6.96292
BLOCK01/SES016/SA016S22	SES016	0.205571	-6.46087	-6.66644
BLOCK01/SES016/SA016S25	SES016	0.667917	-5.02085	-5.68876
BLOCK01/SES016/SA016S27	SES016	0.0664773	-6.32825	-6.39472
BLOCK01/SES019/SA019S13	SES019	2.05901	-5.86844	-7.92745
BLOCK01/SES019/SA019S14	SES019	0.397503	-7.98299	-8.38049
BLOCK01/SES019/SA019S22	SES019	0.938477	-6.85728	-7.79576
BLOCK01/SES019/SA019S25	SES019	0.962567	-6.9325	-7.89507
BLOCK01/SES019/SA019S29	SES019	2.35893	-6.75066	-9.10959
BLOCK02/SES029/SA029S11	SES029	0.0673876	-5.87272	-5.9401
BLOCK02/SES029/SA029S12	SES029	-0.6063	-6.65509	-6.04879
BLOCK02/SES029/SA029S20	SES029	-0.185237	-6.12538	-5.94014
BLOCK02/SES029/SA029S25	SES029	-0.406854	-6.96116	-6.5543
BLOCK02/SES029/SA029S28	SES029	-0.26673	-6.41024	-6.14351
BLOCK04/SES042/SA042S12	SES042	0.747871	-6.21539	-6.96326
BLOCK04/SES042/SA042S15	SES042	0.402862	-5.62627	-6.02913
BLOCK04/SES042/SA042S22	SES042	1.03672	-6.44443	-7.48116
BLOCK04/SES042/SA042S25	SES042	0.0357885	-8.19602	-8.23181
BLOCK04/SES042/SA042S27	SES042	1.06909	-6.62578	-7.69487
BLOCK04/SES048/SA048S11	SES048	0.0985212	-5.9769	-6.07542
BLOCK04/SES048/SA048S12	SES048	-0.497527	-7.51646	-7.01894
BLOCK04/SES048/SA048S20	SES048	-0.264827	-6.08372	-5.81889
BLOCK04/SES048/SA048S23	SES048	0.906042	-5.83518	-6.74122
BLOCK04/SES048/SA048S27	SES048	0.0535164	-6.88126	-6.93478
BLOCK06/SES060/SA060S11	SES060	0.138157	-6.41737	-6.55553
BLOCK06/SES060/SA060S12	SES060	-0.251376	-7.45483	-7.20345
BLOCK06/SES060/SA060S22	SES060	-2.88512	-10.1814	-7.29629
BLOCK06/SES060/SA060S24	SES060	0.703535	-5.23167	-5.9352
BLOCK06/SES060/SA060S28	SES060	0.0329013	-5.61298	-5.64589
BLOCK06/SES062/SA062S10	SES062	-0.31679	-6.63155	-6.31476
BLOCK06/SES062/SA062S11	SES062	-0.45818	-7.96441	-7.50623
BLOCK06/SES062/SA062S21	SES062	0.326291	-4.98328	-5.30957
BLOCK06/SES062/SA062S26	SES062	-0.25249	-7.0102	-6.75771
BLOCK06/SES062/SA062S29	SES062	0.165849	-5.97937	-6.14522
BLOCK06/SES068/SA068S14	SES068	-0.198516	-7.05857	-6.86005
BLOCK06/SES068/SA068S15	SES068	0.28834	-6.66213	-6.95047
BLOCK06/SES068/SA068S23	SES068	-0.383391	-7.25424	-6.87085
BLOCK06/SES068/SA068S27	SES068	0.737947	-6.05169	-6.78963
BLOCK06/SES068/SA068S29	SES068	-0.293695	-7.23847	-6.94478
BLOCK08/SES082/SA082S12	SES082	-1.12161	-8.91185	-7.79024
BLOCK08/SES082/SA082S14	SES082	-0.796881	-8.52645	-7.72957
BLOCK08/SES082/SA082S21	SES082	0.123028	-6.97114	-7.09416
BLOCK08/SES082/SA082S24	SES082	-0.686351	-8.21555	-7.5292
BLOCK08/SES082/SA082S28	SES082	-0.409945	-7.87598	-7.46604
BLOCK08/SES083/SA083S14	SES083	-0.311933	-6.81528	-6.50335
BLOCK08/SES083/SA083S15	SES083	-0.143678	-6.72043	-6.57675
BLOCK08/SES083/SA083S24	SES083	-0.291949	-7.11715	-6.82521
BLOCK08/SES083/SA083S26	SES083	-0.319066	-7.97707	-7.658
BLOCK08/SES083/SA083S29	SES083	-0.435605	-7.51405	-7.07844
BLOCK08/SES085/SA085S10	SES085	0.237718	-6.02868	-6.2664
BLOCK08/SES085/SA085S13	SES085	-1.13404	-8.26321	-7.12917
BLOCK08/SES085/SA085S22	SES085	-0.274346	-6.79377	-6.51942
BLOCK08/SES085/SA085S26	SES085	-0.773252	-7.40374	-6.63049
BLOCK08/SES085/SA085S28	SES085	-0.703656	-7.44527	-6.74162
BLOCK08/SES087/SA087S15	SES087	0.350462	-7.57658	-7.92704
BLOCK08/SES087/SA087S16	SES087	0.927388	-7.30583	-8.23321
BLOCK08/SES087/SA087S24	SES087	0.558677	-7.07495	-7.63362
BLOCK08/SES087/SA087S26	SES087	0.476687	-6.40704	-6.88373
BLOCK08/SES087/SA087S29	SES087	0.69475	-6.4309	-7.12565
BLOCK09/SES099/SA099S15	SES099	0.456734	-7.29707	-7.75381
BLOCK09/SES099/SA099S16	SES099	0.606745	-6.99008	-7.59682
BLOCK09/SES099/SA099S24	SES099	0.540398	-7.12811	-7.6685
BLOCK09/SES099/SA099S26	SES099	0.890546	-6.3375	-7.22805
BLOCK09/SES099/SA099S29	SES099	0.141666	-7.60526	-7.74692
BLOCK10/SES101/SA101S11	SES101	0.241988	-5.88308	-6.12507
BLOCK10/SES101/SA101S13	SES101	0.262657	-5.09007	-5.35273
BLOCK10/SES101/SA101S22	SES101	0.0945711	-7.49032	-7.58489
BLOCK10/SES101/SA101S24	SES101	0.298681	-6.49856	-6.79724
BLOCK10/SES101/SA101S28	SES101	0.170642	-6.65527	-6.82591
BLOCK10/SES104/SA104S11	SES104	0.237175	-6.38356	-6.62074
BLOCK10/SES104/SA104S12	SES104	0.0827622	-7.23487	-7.31764
BLOCK10/SES104/SA104S21	SES104	-0.108161	-7.56742	-7.45926
BLOCK10/SES104/SA104S24	SES104	-0.666272	-8.05985	-7.39357
BLOCK10/SES104/SA104S28	SES104	0.488715	-7.03468	-7.52339
BLOCK10/SES105/SA105S12	SES105	0.372674	-7.29215	-7.66482
BLOCK10/SES105/SA105S13	SES105	-0.266982	-7.13791	-6.87093
BLOCK10/SES105/SA105S22	SES105	-0.193435	-8.08381	-7.89038
BLOCK10/SES105/SA105S26	SES105	0.214469	-7.42601	-7.64048
BLOCK10/SES105/SA105S29	SES105	0.674135	-5.77148	-6.44561
BLOCK10/SES106/SA106S09	SES106	0.460158	-7.48916	-7.94931
BLOCK10/SES106/SA106S11	SES106	0.12567	-6.8723	-6.99797
BLOCK10/SES106/SA106S22	SES106	0.92909	-7.38036	-8.30945
BLOCK10/SES106/SA106S27	SES106	0.180837	-6.70099	-6.88183
BLOCK10/SES106/SA106S29	SES106	0.405646	-6.14211	-6.54776
BLOCK11/SES117/SA117S12	SES117	0.0324383	-7.37653	-7.40897
BLOCK11/SES117/SA117S13	SES117	-0.295545	-7.73999	-7.44445
BLOCK11/SES117/SA117S23	SES117	0.355674	-8.05071	-8.40638
BLOCK11/SES117/SA117S25	SES117	0.080565	-7.48901	-7.56958
BLOCK11/SES117/SA117S28	SES117	0.604215	-7.17531	-7.77952
BLOCK12/SES120/SA120S08	SES120	-0.194244	-7.45361	-7.25937
BLOCK12/SES120/SA120S11	SES120	-0.575367	-9.66005	-9.08469
BLOCK12/SES120/SA120S22	SES120	-0.280804	-6.69214	-6.41133
BLOCK12/SES120/SA120S24	SES120	-0.866806	-8.05927	-7.19246
BLOCK12/SES120/SA120S28	SES120	-0.851162	-8.27758	-7.42642
BLOCK12/SES125/SA125S13	SES125	0.311852	-6.83331	-7.14516
BLOCK12/SES125/SA125S14	SES125	0.028172	-7.40834	-7.43651
BLOCK12/SES125/SA125S25	SES125	0.505022	-7.31854	-7.82356
BLOCK12/SES125/SA125S27	SES125	0.393077	-6.46042	-6.85349
BLOCK12/SES125/SA125S29	SES125	0.0704618	-6.80845	-6.87891
BLOCK12/SES127/SA127S11	SES127	-0.202536	-7.58658	-7.38404
BLOCK12/SES127/SA127S12	SES127	-0.114332	-5.7557	-5.64137
BLOCK12/SES127/SA127S23	SES127	-0.32733	-6.59326	-6.26593
BLOCK12/SES127/SA127S25	SES127	-0.516963	-6.73808	-6.22112
BLOCK12/SES127/SA127S27	SES127	0.131454	-6.69802	-6.82947
BLOCK12/SES129/SA129S11	SES129	0.800997	-5.58124	-6.38224
BLOCK12/SES129/SA129S12	SES129	0.279945	-5.67466	-5.9546
BLOCK12/SES129/SA129S22	SES129	0.777425	-6.37089	-7.14831
BLOCK12/SES129/SA129S27	SES129	0.755654	-6.27383	-7.02949
BLOCK12/SES129/SA129S29	SES129	-0.333502	-7.77817	-7.44467
BLOCK14/SES142/SA142S11	SES142	0.217353	-6.29486	-6.51221
BLOCK14/SES142/SA142S12	SES142	0.0655012	-7.12373	-7.18923
BLOCK14/SES142/SA142S24	SES142	0.485003	-6.16998	-6.65499
BLOCK14/SES142/SA142S27	SES142	0.664929	-5.95173	-6.61666
BLOCK14/SES142/SA142S29	SES142	0.867742	-5.87613	-6.74387
BLOCK14/SES143/SA143S12	SES143	0.173599	-6.78098	-6.95458
BLOCK14/SES143/SA143S13	SES143	0.113417	-6.85741	-6.97082
BLOCK14/SES143/SA143S23	SES143	-0.171042	-6.77549	-6.60444
BLOCK14/SES143/SA143S25	SES143	-0.174164	-7.19129	-7.01712
BLOCK14/SES143/SA143S28	SES143	-0.0278611	-6.77116	-6.7433
BLOCK14/SES144/SA144S09	SES144	-0.180995	-7.26597	-7.08497
BLOCK14/SES144/SA144S11	SES144	-0.238802	-7.00328	-6.76447
BLOCK14/SES144/SA144S21	SES144	-0.748245	-7.8038	-7.05556
BLOCK14/SES144/SA144S25	SES144	0.155169	-7.42903	-7.5842
BLOCK14/SES144/SA144S29	SES144	-1.30494	-8.38299	-7.07804
BLOCK14/SES146/SA146S14	SES146	-0.156262	-7.43235	-7.27608
BLOCK14/SES146/SA146S15	SES146	-0.75299	-7.92948	-7.17649
BLOCK14/SES146/SA146S24	SES146	0.0494933	-6.88308	-6.93258
BLOCK14/SES146/SA146S26	SES146	0.0235863	-7.13997	-7.16355
BLOCK14/SES146/SA146S29	SES146	0.0548787	-7.57454	-7.62942
BLOCK14/SES147/SA147S11	SES147	-0.127584	-6.84694	-6.71935
BLOCK14/SES147/SA147S13	SES147	-0.175349	-6.31343	-6.13808
BLOCK14/SES147/SA147S23	SES147	-0.19418	-7.1852	-6.99102
BLOCK14/SES147/SA147S26	SES147	0.366261	-6.76424	-7.1305
BLOCK14/SES147/SA147S28	SES147	0.380991	-6.4098	-6.79079
BLOCK14/SES148/SA148S10	SES148	0.22705	-6.33366	-6.56071
BLOCK14/SES148/SA148S12	SES148	-0.449776	-7.75039	-7.30061
BLOCK14/SES148/SA148S22	SES148	0.405549	-6.25393	-6.65948
BLOCK14/SES148/SA148S26	SES148	-0.410783	-6.10324	-5.69245
BLOCK14/SES148/SA148S29	SES148	-0.12747	-7.08225	-6.95478
BLOCK14/SES149/SA149S13	SES149	-0.689957	-7.02367	-6.33371
BLOCK14/SES149/SA149S14	SES149	-0.169258	-6.19683	-6.02757
BLOCK14/SES149/SA149S24	SES149	-0.00225353	-6.64699	-6.64474
BLOCK14/SES149/SA149S26	SES149	0.3439	-5.72744	-6.07134
BLOCK14/SES149/SA149S28	SES149	0.884713	-4.90146	-5.78617
BLOCK15/SES158/SA158S13	SES158	0.295543	-6.78671	-7.08225
BLOCK15/SES158/SA158S14	SES158	0.25639	-7.83662	-8.09301
BLOCK15/SES158/SA158S23	SES158	0.35958	-5.91235	-6.27193
BLOCK15/SES158/SA158S26	SES158	1.00743	-6.94014	-7.94757
BLOCK15/SES158/SA158S28	SES158	-0.188951	-7.64843	-7.45948
BLOCK16/SES162/SA162S10	SES162	-0.179543	-8.07242	-7.89288
BLOCK16/SES162/SA162S11	SES162	-0.105577	-6.30621	-6.20063
BLOCK16/SES162/SA162S21	SES162	0.461071	-6.55365	-7.01472
BLOCK16/SES162/SA162S24	SES162	0.174075	-6.55011	-6.72418
BLOCK16/SES162/SA162S27	SES162	0.491053	-7.49049	-7.98154
BLOCK16/SES167/SA167S14	SES167	0.43367	-6.18909	-6.62276
BLOCK16/SES167/SA167S15	SES167	0.699496	-6.06068	-6.76017
BLOCK16/SES167/SA167S21	SES167	0.861898	-5.73506	-6.59696
BLOCK16/SES167/SA167S25	SES167	0.909858	-6.44541	-7.35527
BLOCK16/SES167/SA167S29	SES167	1.13279	-5.36984	-6.50263
BLOCK17/SES172/SA172S12	SES172	0.335	-7.63451	-7.96951
BLOCK17/SES172/SA172S13	SES172	0.920626	-6.90382	-7.82445
BLOCK17/SES172/SA172S23	SES172	0.16104	-6.71351	-6.87455
BLOCK17/SES172/SA172S27	SES172	0.0255508	-8.08821	-8.11376
BLOCK17/SES172/SA172S29	SES172	1.00349	-6.46781	-7.4713
BLOCK17/SES175/SA175S11	SES175	-0.612444	-7.16899	-6.55654
BLOCK17/SES175/SA175S13	SES175	0.0801182	-5.10389	-5.18401
BLOCK17/SES175/SA175S23	SES175	0.112923	-6.13066	-6.24358
BLOCK17/SES175/SA175S25	SES175	-0.486391	-7.956	-7.46961
BLOCK17/SES175/SA175S28	SES175	-0.780682	-6.80899	-6.02831
BLOCK17/SES177/SA177S15	SES177	-0.157908	-7.99303	-7.83512
BLOCK17/SES177/SA177S17	SES177	-0.348207	-7.62018	-7.27198
BLOCK17/SES177/SA177S23	SES177	-0.473542	-7.91076	-7.43722
BLOCK17/SES177/SA177S26	SES177	0.0607357	-5.41167	-5.47241
BLOCK17/SES177/SA177S28	SES177	0.38234	-7.14344	-7.52578
BLOCK18/SES180/SA180S13	SES180	-0.639104	-8.10121	-7.46211
BLOCK18/SES180/SA180S15	SES180	-0.49513	-7.23642	-6.74129
BLOCK18/SES180/SA180S24	SES180	-0.00369596	-5.92782	-5.92413
BLOCK18/SES180/SA180S26	SES180	-0.435739	-6.62527	-6.18953
BLOCK18/SES180/SA180S29	SES180	-0.565787	-7.60934	-7.04355
BLOCK18/SES183/SA183S13	SES183	0.733165	-6.45862	-7.19179
BLOCK18/SES183/SA183S14	SES183	-0.163912	-6.91367	-6.74976
BLOCK18/SES183/SA183S24	SES183	0.701232	-6.97454	-7.67577
BLOCK18/SES183/SA183S27	SES183	0.53814	-7.5409	-8.07904
BLOCK18/SES183/SA183S29	SES183	0.689468	-6.53687	-7.22634
BLOCK18/SES187/SA187S13	SES187	-0.251023	-8.11856	-7.86754
BLOCK18/SES187/SA187S14	SES187	-0.195407	-7.68794	-7.49253
BLOCK18/SES187/SA187S24	SES187	0.257751	-7.44629	-7.70404
BLOCK18/SES187/SA187S27	SES187	-0.0755348	-7.75144	-7.67591
BLOCK18/SES187/SA187S29	SES187	-0.189534	-8.19042	-8.00089
BLOCK18/SES189/SA189S10	SES189	0.473691	-7.46299	-7.93668
BLOCK18/SES189/SA189S13	SES189	0.327271	-8.00314	-8.33041
BLOCK18/SES189/SA189S24	SES189	0.335492	-6.40998	-6.74547
BLOCK18/SES189/SA189S26	SES189	0.648702	-6.53477	-7.18347
BLOCK18/SES189/SA189S29	SES189	0.624311	-6.28794	-6.91225
BLOCK20/SES202/SA202S12	SES202	0.142853	-6.97905	-7.1219
BLOCK20/SES202/SA202S14	SES202	0.627342	-6.54681	-7.17415
BLOCK20/SES202/SA202S24	SES202	-0.234876	-7.82895	-7.59407
BLOCK20/SES202/SA202S27	SES202	0.184696	-6.41847	-6.60316
BLOCK20/SES202/SA202S29	SES202	0.127587	-6.57163	-6.69922
BLOCK20/SES206/SA206S15	SES206	-0.995529	-7.1369	-6.14137
BLOCK20/SES206/SA206S17	SES206	0.0524521	-7.22088	-7.27334
BLOCK20/SES206/SA206S24	SES206	1.0744	-5.29501	-6.36941
BLOCK20/SES206/SA206S27	SES206	0.441152	-7.05697	-7.49812
BLOCK20/SES206/SA206S29	SES206	0.682023	-5.49276	-6.17478
BLOCK22/SES226/SA226S12	SES226	0.0375228	-7.58561	-7.62313
BLOCK22/SES226/SA226S13	SES226	-0.755833	-8.06354	-7.30771
BLOCK22/SES226/SA226S20	SES226	-0.125321	-7.50659	-7.38127
BLOCK22/SES226/SA226S23	SES226	0.326496	-6.48726	-6.81376
BLOCK22/SES226/SA226S28	SES226	0.266721	-6.7687	-7.03542
BLOCK25/SES259/SA259S13	SES259	1.4319	-6.10452	-7.53642
BLOCK25/SES259/SA259S14	SES259	0.922072	-6.00452	-6.92659
BLOCK25/SES259/SA259S22	SES259	0.949353	-5.93727	-6.88663
BLOCK25/SES259/SA259S24	SES259	0.816658	-6.36663	-7.18328
BLOCK25/SES259/SA259S28	SES259	0.391284	-6.37432	-6.7656
BLOCK27/SES270/SA270S14	SES270	1.19208	-7.08788	-8.27996
BLOCK27/SES270/SA270S16	SES270	-0.242483	-7.28056	-7.03808
BLOCK27/SES270/SA270S22	SES270	1.82872	-5.95202	-7.78075
BLOCK27/SES270/SA270S26	SES270	0.300155	-7.67439	-7.97454
BLOCK27/SES270/SA270S28	SES270	0.492072	-7.06619	-7.55826
BLOCK27/SES275/SA275S17	SES275	0.131421	-6.54552	-6.67694
BLOCK27/SES275/SA275S18	SES275	-0.261818	-6.83752	-6.5757
BLOCK27/SES275/SA275S24	SES275	-0.320142	-7.50043	-7.18029
BLOCK27/SES275/SA275S26	SES275	0.31883	-6.59463	-6.91346
BLOCK27/SES275/SA275S28	SES275	0.0378551	-6.8695	-6.90736
BLOCK29/SES292/SA292S10	SES292	-0.967494	-6.98338	-6.01588
BLOCK29/SES292/SA292S12	SES292	-0.385675	-7.95494	-7.56927
BLOCK29/SES292/SA292S22	SES292	-0.265747	-7.11615	-6.85041
BLOCK29/SES292/SA292S24	SES292	-0.17789	-6.99988	-6.82199
BLOCK29/SES292/SA292S27	SES292	-0.587428	-6.94886	-6.36143
BLOCK00/SES001/SA001S14	SES062	-2.90588	-10.5055	-7.59961
BLOCK00/SES001/SA001S14	SES082	-1.30128	-8.90089	-7.59961
BLOCK00/SES001/SA001S14	SES106	-1.79468	-9.39429	-7.59961
BLOCK00/SES001/SA001S14	SES206	-2.12793	-9.72754	-7.59961
BLOCK00/SES001/SA001S15	SES062	-1.96426	-8.86889	-6.90463
BLOCK00/SES001/SA001S15	SES104	-2.23677	-9.1414	-6.90463
BLOCK00/SES001/SA001S15	SES106	-2.03199	-8.93662	-6.90463
BLOCK00/SES001/SA001S15	SES206	-2.45329	-9.35792	-6.90463
BLOCK00/SES001/SA001S24	SES062	-1.05301	-7.96301	-6.91
BLOCK00/SES001/SA001S24	SES082	-1.86368	-8.77368	-6.91
BLOCK00/SES001/SA001S24	SES087	-1.4342	-8.3442	-6.91
BLOCK00/SES001/SA001S24	SES206	-0.89788	-7.80788	-6.91
BLOCK00/SES001/SA001S27	SES062	-1.12482	-6.75617	-5.63135
BLOCK00/SES001/SA001S27	SES082	-1.37436	-7.00571	-5.63135
BLOCK00/SES001/SA001S27	SES087	-1.15951	-6.79086	-5.63135
BLOCK00/SES001/SA001S27	SES206	-1.74388	-7.37524	-5.63135
BLOCK00/SES001/SA001S29	SES062	-2.03898	-9.23253	-7.19354
BLOCK00/SES001/SA001S29	SES082	-1.50037	-8.69391	-7.19354
BLOCK00/SES001/SA001S29	SES158	-1.27083	-8.46437	-7.19354
BLOCK00/SES001/SA001S29	SES206	-1.60072	-8.79426	-7.19354
BLOCK00/SES003/SA003S11	SES002	-1.09636	-8.75769	-7.66134
BLOCK00/SES003/SA003S11	SES019	-2.4354	-10.0967	-7.66134
BLOCK00/SES003/SA003S11	SES082	-1.20809	-8.86942	-7.66134
BLOCK00/SES003/SA003S11	SES125	-1.45847	-9.1198	-7.66134
BLOCK00/SES003/SA003S15	SES016	-1.91934	-8.4497	-6.53036
BLOCK00/SES003/SA003S15	SES019	-4.7575	-11.2879	-6.53036
BLOCK00/SES003/SA003S15	SES062	-0.408191	-6.93855	-6.53036
BLOCK00/SES003/SA003S15	SES206	-1.61216	-8.14253	-6.53036
BLOCK00/SES003/SA003S22	SES002	-1.56967	-8.54916	-6.97949
BLOCK00/SES003/SA003S22	SES062	-0.977109	-7.9566	-6.97949
BLOCK00/SES003/SA003S22	SES082	-0.940382	-7.91988	-6.97949
BLOCK00/SES003/SA003S22	SES087	-1.0454	-8.02489	-6.97949
BLOCK00/SES003/SA003S25	SES062	-2.67885	-11.2179	-8.53907
BLOCK00/SES003/SA003S25	SES082	-2.57873	-11.1178	-8.53907
BLOCK00/SES003/SA003S25	SES087	-2.17169	-10.7108	-8.53907
BLOCK00/SES003/SA003S25	SES206	-1.95376	-10.4928	-8.53907
BLOCK00/SES003/SA003S29	SES002	-2.11362	-9.80346	-7.68984
BLOCK00/SES003/SA003S29	SES062	-3.21863	-10.9085	-7.68984
BLOCK00/SES003/SA003S29	SES082	-2.09794	-9.78778	-7.68984
BLOCK00/SES003/SA003S29	SES087	-2.40409	-10.0939	-7.68984
BLOCK00/SES004/SA004S12	SES083	-1.89421	-8.16943	-6.27522
BLOCK00/SES004/SA004S12	SES148	-1.36884	-7.64406	-6.27522
BLOCK00/SES004/SA004S12	SES172	-0.307908	-6.58313	-6.27522
BLOCK00/SES004/SA004S12	SES292	-1.56383	-7.83906	-6.27522
BLOCK00/SES004/SA004S17	SES083	-1.77504	-8.26326	-6.48822
BLOCK00/SES004/SA004S17	SES162	-1.80395	-8.29217	-6.48822
BLOCK00/SES004/SA004S17	SES172	-1.18533	-7.67355	-6.48822
BLOCK00/SES004/SA004S17	SES292	-2.13724	-8.62546	-6.48822
BLOCK00/SES004/SA004S24	SES083	-1.89053	-7.96386	-6.07334
BLOCK00/SES004/SA004S24	SES148	-2.14508	-8.21842	-6.07334
BLOCK00/SES004/SA004S24	SES172	-0.817866	-6.8912	-6.07334
BLOCK00/SES004/SA004S24	SES292	-1.45978	-7.53312	-6.07334
BLOCK00/SES004/SA004S26	SES083	-2.63708	-9.29353	-6.65644
BLOCK00/SES004/SA004S26	SES127	-1.74418	-8.40062	-6.65644
BLOCK00/SES004/SA004S26	SES148	-3.46249	-10.1189	-6.65644
BLOCK00/SES004/SA004S26	SES292	-2.46131	-9.11775	-6.65644
BLOCK00/SES004/SA004S28	SES083	-2.95477	-9.11041	-6.15564
BLOCK00/SES004/SA004S28	SES127	-1.0637	-7.21934	-6.15564
BLOCK00/SES004/SA004S28	SES187	-0.889428	-7.04506	-6.15564
BLOCK00/SES004/SA004S28	SES292	-1.74526	-7.90089	-6.15564
BLOCK00/SES006/SA006S10	SES014	-2.91682	-11.6876	-8.7708
BLOCK00/SES006/SA006S10	SES158	-2.37955	-11.1503	-8.7708
BLOCK00/SES006/SA006S10	SES226	-3.48545	-12.2562	-8.7708
BLOCK00/SES006/SA006S10	SES270	-0.594041	-9.36484	-8.7708
BLOCK00/SES006/SA006S11	SES158	-2.96331	-11.3827	-8.41935
BLOCK00/SES006/SA006S11	SES226	-2.22132	-10.6407	-8.41935
BLOCK00/SES006/SA006S11	SES270	-1.42876	-9.84811	-8.41935
BLOCK00/SES006/SA006S11	SES275	-2.11726	-10.5366	-8.41935
BLOCK00/SES006/SA006S23	SES062	-5.07625	-13.1912	-8.11498
BLOCK00/SES006/SA006S23	SES105	-4.49806	-12.613	-8.11498
BLOCK00/SES006/SA006S23	SES158	-2.98547	-11.1004	-8.11498
BLOCK00/SES006/SA006S23	SES275	-3.75847	-11.8735	-8.11498
BLOCK00/SES006/SA006S26	SES104	-3.8944	-12.4453	-8.55091
BLOCK00/SES006/SA006S26	SES158	-2.8115	-11.3624	-8.55091
BLOCK00/SES006/SA006S26	SES270	-1.03923	-9.59014	-8.55091
BLOCK00/SES006/SA006S26	SES275	-2.48473	-11.0356	-8.55091
BLOCK00/SES006/SA006S28	SES007	-3.44675	-11.6025	-8.15573
BLOCK00/SES006/SA006S28	SES105	-4.84243	-12.9982	-8.15573
BLOCK00/SES006/SA006S28	SES158	-2.81659	-10.9723	-8.15573
BLOCK00/SES006/SA006S28	SES275	-3.35088	-11.5066	-8.15573
BLOCK00/SES009/SA009S12	SES083	-3.93955	-10.6862	-6.74663
BLOCK00/SES009/SA009S12	SES148	-2.52629	-9.27292	-6.74663
BLOCK00/SES009/SA009S12	SES177	-1.17914	-7.92577	-6.74663
BLOCK00/SES009/SA009S12	SES292	-1.56261	-8.30924	-6.74663
BLOCK00/SES009/SA009S15	SES007	-0.549663	-6.8537	-6.30404
BLOCK00/SES009/SA009S15	SES099	-4.31401	-10.6181	-6.30404
BLOCK00/SES009/SA009S15	SES148	-2.03334	-8.33738	-6.30404
BLOCK00/SES009/SA009S15	SES172	-1.43303	-7.73707	-6.30404
BLOCK00/SES009/SA009S24	SES146	-1.08791	-7.99638	-6.90847
BLOCK00/SES009/SA009S24	SES148	-3.1438	-10.0523	-6.90847
BLOCK00/SES009/SA009S24	SES177	-1.10588	-8.01435	-6.90847
BLOCK00/SES009/SA009S24	SES292	-1.68462	-8.59309	-6.90847
BLOCK00/SES009/SA009S26	SES083	-3.45479	-10.3142	-6.85936
BLOCK00/SES009/SA009S26	SES101	-3.3327	-10.1921	-6.85936
BLOCK00/SES009/SA009S26	SES120	-1.42369	-8.28305	-6.85936
BLOCK00/SES009/SA009S26	SES177	-1.80932	-8.66867	-6.85936
BLOCK00/SES009/SA009S29	SES083	-2.63636	-9.47435	-6.83799
BLOCK00/SES009/SA009S29	SES101	-2.49882	-9.3368	-6.83799
BLOCK00/SES009/SA009S29	SES177	-1.26258	-8.10056	-6.83799
BLOCK00/SES009/SA009S29	SES292	-1.84642	-8.68441	-6.83799
BLOCK01/SES011/SA011S10	SES019	-5.33661	-13.6528	-8.31618
BLOCK01/SES011/SA011S10	SES042	0.769839	-7.54634	-8.31618
BLOCK01/SES011/SA011S10	SES082	-1.52118	-9.83736	-8.31618
BLOCK01/SES011/SA011S10	SES206	-0.777246	-9.09342	-8.31618
BLOCK01/SES011/SA011S11	SES019	-4.0203	-11.799	-7.77868
BLOCK01/SES011/SA011S11	SES042	-0.763184	-8.54186	-7.77868
BLOCK01/SES011/SA011S11	SES082	-1.19783	-8.9765	-7.77868
BLOCK01/SES011/SA011S11	SES206	-1.58596	-9.36463	-7.77868
BLOCK01/SES011/SA011S22	SES019	-3.5039	-11.5133	-8.00935
BLOCK01/SES011/SA011S22	SES042	0.0541859	-7.95517	-8.00935
BLOCK01/SES011/SA011S22	SES082	-2.29449	-10.3038	-8.00935
BLOCK01/SES011/SA011S22	SES206	-1.67993	-9.68928	-8.00935
BLOCK01/SES011/SA011S24	SES019	-4.12509	-11.3712	-7.24611
BLOCK01/SES011/SA011S24	SES042	0.492676	-6.75343	-7.24611
BLOCK01/SES011/SA011S24	SES104	-0.726517	-7.97262	-7.24611
BLOCK01/SES011/SA011S24	SES206	-0.902794	-8.1489	-7.24611
BLOCK01/SES011/SA011S27	SES082	-0.848191	-8.34918	-7.50099
BLOCK01/SES011/SA011S27	SES087	-2.10962	-9.61061	-7.50099
BLOCK01/SES011/SA011S27	SES125	-0.78601	-8.287	-7.50099
BLOCK01/SES011/SA011S27	SES206	-0.793226	-8.29422	-7.50099
BLOCK01/SES012/SA012S11	SES007	-0.834957	-6.90167	-6.06671
BLOCK01/SES012/SA012S11	SES082	-1.13145	-7.19816	-6.06671
BLOCK01/SES012/SA012S11	SES083	-2.51718	-8.58389	-6.06671
BLOCK01/SES012/SA012S11	SES206	-1.65694	-7.72365	-6.06671
BLOCK01/SES012/SA012S14	SES082	-0.995175	-8.27268	-7.2775
BLOCK01/SES012/SA012S14	SES087	-2.90509	-10.1826	-7.2775
BLOCK01/SES012/SA012S14	SES206	-0.969364	-8.24686	-7.2775
BLOCK01/SES012/SA012S14	SES292	-2.18963	-9.46713	-7.2775
BLOCK01/SES012/SA012S24	SES082	-1.17097	-9.33585	-8.16488
BLOCK01/SES012/SA012S24	SES087	-2.58963	-10.7545	-8.16488
BLOCK01/SES012/SA012S24	SES120	-2.28878	-10.4537	-8.16488
BLOCK01/SES012/SA012S24	SES206	-1.84617	-10.011	-8.16488
BLOCK01/SES012/SA012S26	SES019	-10.7725	-18.3814	-7.60891
BLOCK01/SES012/SA012S26	SES082	-2.59887	-10.2078	-7.60891
BLOCK01/SES012/SA012S26	SES206	-1.27263	-8.88154	-7.60891
BLOCK01/SES012/SA012S26	SES292	-3.14472	-10.7536	-7.60891
BLOCK01/SES012/SA012S29	SES062	-1.92648	-7.93233	-6.00585
BLOCK01/SES012/SA012S29	SES082	-0.690286	-6.69613	-6.00585
BLOCK01/SES012/SA012S29	SES083	-2.79829	-8.80414	-6.00585
BLOCK01/SES012/SA012S29	SES206	-0.61558	-6.62143	-6.00585
BLOCK01/SES013/SA013S16	SES062	-4.77764	-13.1425	-8.36488
BLOCK01/SES013/SA013S16	SES106	-1.70694	-10.0718	-8.36488
BLOCK01/SES013/SA013S16	SES206	-1.68611	-10.051	-8.36488
BLOCK01/SES013/SA013S16	SES226	-1.93001	-10.2949	-8.36488
BLOCK01/SES013/SA013S17	SES062	-3.14913	-10.4832	-7.33408
BLOCK01/SES013/SA013S17	SES106	-1.80058	-9.13465	-7.33408
BLOCK01/SES013/SA013S17	SES206	-1.26998	-8.60406	-7.33408
BLOCK01/SES013/SA013S17	SES226	-1.03679	-8.37086	-7.33408
BLOCK01/SES013/SA013S23	SES104	-2.40238	-10.9756	-8.57321
BLOCK01/SES013/SA013S23	SES106	-0.574149	-9.14736	-8.57321
BLOCK01/SES013/SA013S23	SES206	-2.70403	-11.2772	-8.57321
BLOCK01/SES013/SA013S23	SES270	-1.70964	-10.2829	-8.57321
BLOCK01/SES013/SA013S25	SES042	-2.77738	-10.8153	-8.03795
BLOCK01/SES013/SA013S25	SES104	-1.33195	-9.3699	-8.03795
BLOCK01/SES013/SA013S25	SES106	-0.101989	-8.13994	-8.03795
BLOCK01/SES013/SA013S25	SES206	-2.18293	-10.2209	-8.03795
BLOCK01/SES013/SA013S29	SES062	-4.03634	-12.3518	-8.31548
BLOCK01/SES013/SA013S29	SES104	-2.09026	-10.4057	-8.31548
BLOCK01/SES013/SA013S29	SES106	-0.694023	-9.0095	-8.31548
BLOCK01/SES013/SA013S29	SES206	-2.49193	-10.8074	-8.31548
BLOCK02/SES021/SA021S13	SES016	-4.02768	-11.2677	-7.24001
BLOCK02/SES021/SA021S13	SES029	-1.6645	-8.90451	-7.24001
BLOCK02/SES021/SA021S13	SES087	-3.54257	-10.7826	-7.24001
BLOCK02/SES021/SA021S13	SES206	-2.22338	-9.46339	-7.24001
BLOCK02/SES021/SA021S15	SES087	-1.54783	-8.4129	-6.86507
BLOCK02/SES021/SA021S15	SES125	-1.79996	-8.66502	-6.86507
BLOCK02/SES021/SA021S15	SES206	-1.99324	-8.85831	-6.86507
BLOCK02/SES021/SA021S15	SES226	-1.9322	-8.79727	-6.86507
BLOCK02/SES021/SA021S23	SES062	-3.57836	-11.7463	-8.16792
BLOCK02/SES021/SA021S23	SES087	-1.96281	-10.1307	-8.16792
BLOCK02/SES021/SA021S23	SES206	-2.52665	-10.6946	-8.16792
BLOCK02/SES021/SA021S23	SES226	-1.91109	-10.079	-8.16792
BLOCK02/SES021/SA021S27	SES002	-1.44651	-7.92453	-6.47802
BLOCK02/SES021/SA021S27	SES016	-5.59115	-12.0692	-6.47802
BLOCK02/SES021/SA021S27	SES019	-2.27834	-8.75636	-6.47802
BLOCK02/SES021/SA021S27	SES062	-2.30598	-8.78401	-6.47802
BLOCK02/SES021/SA021S29	SES087	-2.11647	-9.69326	-7.57679
BLOCK02/SES021/SA021S29	SES125	-2.6678	-10.2446	-7.57679
BLOCK02/SES021/SA021S29	SES206	-0.823422	-8.40021	-7.57679
BLOCK02/SES021/SA021S29	SES226	-1.97931	-9.5561	-7.57679
BLOCK04/SES043/SA043S09	SES083	-1.17124	-8.82225	-7.651
BLOCK04/SES043/SA043S09	SES101	-1.48178	-9.13278	-7.651
BLOCK04/SES043/SA043S09	SES144	-0.817163	-8.46817	-7.651
BLOCK04/SES043/SA043S09	SES172	-2.01139	-9.6624	-7.651
BLOCK04/SES043/SA043S11	SES083	-0.953079	-7.43762	-6.48454
BLOCK04/SES043/SA043S11	SES101	-1.1289	-7.61345	-6.48454
BLOCK04/SES043/SA043S11	SES144	-0.566773	-7.05132	-6.48454
BLOCK04/SES043/SA043S11	SES172	-1.13054	-7.61508	-6.48454
BLOCK04/SES043/SA043S23	SES083	-1.24901	-8.32481	-7.0758
BLOCK04/SES043/SA043S23	SES144	-0.797486	-7.87329	-7.0758
BLOCK04/SES043/SA043S23	SES177	-1.58361	-8.65941	-7.0758
BLOCK04/SES043/SA043S23	SES275	-1.47961	-8.55541	-7.0758
BLOCK04/SES043/SA043S26	SES083	-1.94049	-10.1074	-8.16694
BLOCK04/SES043/SA043S26	SES101	-1.29517	-9.46212	-8.16694
BLOCK04/SES043/SA043S26	SES144	-0.769697	-8.93664	-8.16694
BLOCK04/SES043/SA043S26	SES177	-1.90726	-10.0742	-8.16694
BLOCK04/SES043/SA043S28	SES016	-2.86457	-9.97157	-7.107
BLOCK04/SES043/SA043S28	SES083	-1.09532	-8.20233	-7.107
BLOCK04/SES043/SA043S28	SES101	-1.17418	-8.28119	-7.107
BLOCK04/SES043/SA043S28	SES144	-1.33544	-8.44245	-7.107
BLOCK04/SES044/SA044S10	SES127	-4.42357	-12.7106	-8.28698
BLOCK04/SES044/SA044S10	SES144	-0.937028	-9.22401	-8.28698
BLOCK04/SES044/SA044S10	SES147	-6.56886	-14.8558	-8.28698
BLOCK04/SES044/SA044S10	SES148	-3.03235	-11.3193	-8.28698
BLOCK04/SES044/SA044S11	SES101	-1.01151	-8.28507	-7.27355
BLOCK04/SES044/SA044S11	SES144	-0.175216	-7.44877	-7.27355
BLOCK04/SES044/SA044S11	SES147	-3.04508	-10.3186	-7.27355
BLOCK04/SES044/SA044S11	SES177	-1.73032	-9.00387	-7.27355
BLOCK04/SES044/SA044S24	SES007	-2.86222	-10.16	-7.29779
BLOCK04/SES044/SA044S24	SES101	-0.939965	-8.23775	-7.29779
BLOCK04/SES044/SA044S24	SES147	-3.51365	-10.8114	-7.29779
BLOCK04/SES044/SA044S24	SES177	-1.17513	-8.47292	-7.29779
BLOCK04/SES044/SA044S26	SES007	-1.91971	-8.76497	-6.84526
BLOCK04/SES044/SA044S26	SES016	-1.2114	-8.05667	-6.84526
BLOCK04/SES044/SA044S26	SES101	-0.936152	-7.78142	-6.84526
BLOCK04/SES044/SA044S26	SES147	-1.45531	-8.30057	-6.84526
BLOCK04/SES044/SA044S29	SES007	-2.79447	-9.30404	-6.50957
BLOCK04/SES044/SA044S29	SES101	-0.35831	-6.86788	-6.50957
BLOCK04/SES044/SA044S29	SES147	-1.90718	-8.41675	-6.50957
BLOCK04/SES044/SA044S29	SES177	-3.20583	-9.7154	-6.50957
BLOCK04/SES046/SA046S13	SES101	-1.59119	-9.80856	-8.21738
BLOCK04/SES046/SA046S13	SES144	-0.718005	-8.93538	-8.21738
BLOCK04/SES046/SA046S13	SES147	-3.3757	-11.5931	-8.21738
BLOCK04/SES046/SA046S13	SES177	-2.29041	-10.5078	-8.21738
BLOCK04/SES046/SA046S15	SES048	-0.631639	-6.31001	-5.67837
BLOCK04/SES046/SA046S15	SES083	-1.84726	-7.52563	-5.67837
BLOCK04/SES046/SA046S15	SES120	-2.97564	-8.65401	-5.67837
BLOCK04/SES046/SA046S15	SES148	-1.7135	-7.39188	-5.67837
BLOCK04/SES046/SA046S22	SES101	-0.960618	-8.36036	-7.39975
BLOCK04/SES046/SA046S22	SES144	-0.519668	-7.91941	-7.39975
BLOCK04/SES046/SA046S22	SES147	-3.14096	-10.5407	-7.39975
BLOCK04/SES046/SA046S22	SES172	-0.440643	-7.84039	-7.39975
BLOCK04/SES046/SA046S25	SES083	-1.2516	-8.03698	-6.78539
BLOCK04/SES046/SA046S25	SES127	-2.3283	-9.11368	-6.78539
BLOCK04/SES046/SA046S25	SES144	-1.02838	-7.81376	-6.78539
BLOCK04/SES046/SA046S25	SES148	-2.07076	-8.85615	-6.78539
BLOCK04/SES046/SA046S28	SES007	-1.95241	-8.9422	-6.98979
BLOCK04/SES046/SA046S28	SES105	-1.83326	-8.82306	-6.98979
BLOCK04/SES046/SA046S28	SES147	-1.94325	-8.93304	-6.98979
BLOCK04/SES046/SA046S28	SES148	-1.88913	-8.87893	-6.98979
BLOCK04/SES049/SA049S16	SES104	-1.98068	-10.6309	-8.65021
BLOCK04/SES049/SA049S16	SES106	-3.19676	-11.847	-8.65021
BLOCK04/SES049/SA049S16	SES120	-2.49939	-11.1496	-8.65021
BLOCK04/SES049/SA049S16	SES206	-2.85071	-11.5009	-8.65021
BLOCK04/SES049/SA049S18	SES099	-0.656812	-8.95059	-8.29378
BLOCK04/SES049/SA049S18	SES104	-2.17992	-10.4737	-8.29378
BLOCK04/SES049/SA049S18	SES125	-2.11667	-10.4105	-8.29378
BLOCK04/SES049/SA049S18	SES206	-3.27691	-11.5707	-8.29378
BLOCK04/SES049/SA049S25	SES087	-3.54545	-12.5828	-9.03734
BLOCK04/SES049/SA049S25	SES104	-2.09852	-11.1359	-9.03734
BLOCK04/SES049/SA049S25	SES125	-1.87978	-10.9171	-9.03734
BLOCK04/SES049/SA049S25	SES206	-1.64332	-10.6807	-9.03734
BLOCK04/SES049/SA049S27	SES099	-1.29727	-8.97976	-7.68249
BLOCK04/SES049/SA049S27	SES104	-0.596006	-8.2785	-7.68249
BLOCK04/SES049/SA049S27	SES125	-1.78084	-9.46334	-7.68249
BLOCK04/SES049/SA049S27	SES206	-2.89541	-10.5779	-7.68249
BLOCK04/SES049/SA049S29	SES099	-1.42435	-8.78687	-7.36252
BLOCK04/SES049/SA049S29	SES104	-0.667012	-8.02953	-7.36252
BLOCK04/SES049/SA049S29	SES125	-0.992223	-8.35474	-7.36252
BLOCK04/SES049/SA049S29	SES206	-2.39944	-9.76196	-7.36252
BLOCK06/SES063/SA063S09	SES068	-3.74047	-12.1746	-8.43416
BLOCK06/SES063/SA063S09	SES083	-1.53413	-9.96829	-8.43416
BLOCK06/SES063/SA063S09	SES177	-1.50427	-9.93843	-8.43416
BLOCK06/SES063/SA063S09	SES187	-1.80385	-10.238	-8.43416
BLOCK06/SES063/SA063S10	SES068	-2.45139	-10.6776	-8.22617
BLOCK06/SES063/SA063S10	SES083	-1.25712	-9.48329	-8.22617
BLOCK06/SES063/SA063S10	SES172	-1.21472	-9.44089	-8.22617
BLOCK06/SES063/SA063S10	SES187	-1.21206	-9.43823	-8.22617
BLOCK06/SES063/SA063S20	SES068	-4.13204	-12.1702	-8.03816
BLOCK06/SES063/SA063S20	SES083	-1.52031	-9.55846	-8.03816
BLOCK06/SES063/SA063S20	SES172	-1.24111	-9.27927	-8.03816
BLOCK06/SES063/SA063S20	SES187	-1.41848	-9.45664	-8.03816
BLOCK06/SES063/SA063S24	SES029	-5.13101	-13.4809	-8.34994
BLOCK06/SES063/SA063S24	SES083	-2.84314	-11.1931	-8.34994
BLOCK06/SES063/SA063S24	SES177	-2.16205	-10.512	-8.34994
BLOCK06/SES063/SA063S24	SES189	-0.569537	-8.91948	-8.34994
BLOCK06/SES063/SA063S27	SES083	-1.42356	-9.38914	-7.96558
BLOCK06/SES063/SA063S27	SES172	-1.87648	-9.84206	-7.96558
BLOCK06/SES063/SA063S27	SES187	-1.34915	-9.31473	-7.96558
BLOCK06/SES063/SA063S27	SES292	-2.23769	-10.2033	-7.96558
BLOCK06/SES067/SA067S12	SES083	-1.39572	-7.92747	-6.53176
BLOCK06/SES067/SA067S12	SES172	-1.94572	-8.47748	-6.53176
BLOCK06/SES067/SA067S12	SES202	-1.44933	-7.98109	-6.53176
BLOCK06/SES067/SA067S12	SES292	-2.09341	-8.62516	-6.53176
BLOCK06/SES067/SA067S14	SES085	-2.07458	-7.39316	-5.31858
BLOCK06/SES067/SA067S14	SES177	-2.0389	-7.35748	-5.31858
BLOCK06/SES067/SA067S14	SES183	-0.23603	-5.55461	-5.31858
BLOCK06/SES067/SA067S14	SES202	-0.813163	-6.13174	-5.31858
BLOCK06/SES067/SA067S21	SES144	-2.73026	-9.64036	-6.9101
BLOCK06/SES067/SA067S21	SES177	-2.796	-9.7061	-6.9101
BLOCK06/SES067/SA067S21	SES183	-2.06584	-8.97594	-6.9101
BLOCK06/SES067/SA067S21	SES189	-2.20393	-9.11403	-6.9101
BLOCK06/SES067/SA067S25	SES085	-3.26971	-9.64525	-6.37554
BLOCK06/SES067/SA067S25	SES177	-1.90869	-8.28423	-6.37554
BLOCK06/SES067/SA067S25	SES183	-1.06182	-7.43736	-6.37554
BLOCK06/SES067/SA067S25	SES202	-2.51254	-8.88808	-6.37554
BLOCK06/SES067/SA067S29	SES085	-4.09438	-11.5314	-7.43701
BLOCK06/SES067/SA067S29	SES177	-2.44904	-9.88606	-7.43701
BLOCK06/SES067/SA067S29	SES183	-1.22361	-8.66063	-7.43701
BLOCK06/SES067/SA067S29	SES202	-1.12695	-8.56397	-7.43701
BLOCK06/SES069/SA069S12	SES029	-2.79322	-9.58797	-6.79475
BLOCK06/SES069/SA069S12	SES082	-1.42619	-8.22094	-6.79475
BLOCK06/SES069/SA069S12	SES087	-2.25249	-9.04724	-6.79475
BLOCK06/SES069/SA069S12	SES206	-1.11165	-7.9064	-6.79475
BLOCK06/SES069/SA069S13	SES029	-3.51903	-10.381	-6.86198
BLOCK06/SES069/SA069S13	SES087	-2.01163	-8.8736	-6.86198
BLOCK06/SES069/SA069S13	SES206	-2.13912	-9.00109	-6.86198
BLOCK06/SES069/SA069S13	SES226	-0.482805	-7.34478	-6.86198
BLOCK06/SES069/SA069S23	SES029	-1.4798	-7.79875	-6.31895
BLOCK06/SES069/SA069S23	SES087	-0.977926	-7.29688	-6.31895
BLOCK06/SES069/SA069S23	SES206	-1.98893	-8.30788	-6.31895
BLOCK06/SES069/SA069S23	SES226	-0.825924	-7.14487	-6.31895
BLOCK06/SES069/SA069S25	SES087	-2.40293	-9.0393	-6.63637
BLOCK06/SES069/SA069S25	SES206	-2.94764	-9.58402	-6.63637
BLOCK06/SES069/SA069S25	SES226	-1.08461	-7.72098	-6.63637
BLOCK06/SES069/SA069S25	SES270	-2.24629	-8.88266	-6.63637
BLOCK06/SES069/SA069S27	SES087	-2.49537	-9.77508	-7.27972
BLOCK06/SES069/SA069S27	SES206	-1.50464	-8.78436	-7.27972
BLOCK06/SES069/SA069S27	SES226	-0.493366	-7.77308	-7.27972
BLOCK06/SES069/SA069S27	SES270	-1.43707	-8.71679	-7.27972
BLOCK08/SES081/SA081S11	SES060	-2.58626	-9.90703	-7.32077
BLOCK08/SES081/SA081S11	SES062	-1.09166	-8.41243	-7.32077
BLOCK08/SES081/SA081S11	SES117	-3.12198	-10.4428	-7.32077
BLOCK08/SES081/SA081S11	SES162	-2.7195	-10.0403	-7.32077
BLOCK08/SES081/SA081S13	SES016	-1.35854	-7.6318	-6.27326
BLOCK08/SES081/SA081S13	SES060	-0.858414	-7.13167	-6.27326
BLOCK08/SES081/SA081S13	SES068	-0.919065	-7.19232	-6.27326
BLOCK08/SES081/SA081S13	SES129	-3.44754	-9.7208	-6.27326
BLOCK08/SES081/SA081S24	SES060	-1.61447	-8.33472	-6.72025
BLOCK08/SES081/SA081S24	SES068	-1.23971	-7.95997	-6.72025
BLOCK08/SES081/SA081S24	SES117	-2.58893	-9.30918	-6.72025
BLOCK08/SES081/SA081S24	SES275	-1.3492	-8.06945	-6.72025
BLOCK08/SES081/SA081S27	SES007	-1.01502	-8.26352	-7.2485
BLOCK08/SES081/SA081S27	SES060	-1.57486	-8.82336	-7.2485
BLOCK08/SES081/SA081S27	SES117	-2.08787	-9.33637	-7.2485
BLOCK08/SES081/SA081S27	SES275	-1.71926	-8.96776	-7.2485
BLOCK08/SES081/SA081S29	SES007	-1.14961	-8.79681	-7.6472
BLOCK08/SES081/SA081S29	SES060	-1.65093	-9.29812	-7.6472
BLOCK08/SES081/SA081S29	SES117	-2.17018	-9.81738	-7.6472
BLOCK08/SES081/SA081S29	SES275	-1.72714	-9.37434	-7.6472
BLOCK08/SES086/SA086S11	SES029	-4.34057	-13.1734	-8.83281
BLOCK08/SES086/SA086S11	SES082	-3.37554	-12.2083	-8.83281
BLOCK08/SES086/SA086S11	SES087	-0.968166	-9.80098	-8.83281
BLOCK08/SES086/SA086S11	SES206	-2.46308	-11.2959	-8.83281
BLOCK08/SES086/SA086S12	SES029	-3.49236	-11.4333	-7.94098
BLOCK08/SES086/SA086S12	SES082	-3.05713	-10.9981	-7.94098
BLOCK08/SES086/SA086S12	SES087	-0.0699215	-8.0109	-7.94098
BLOCK08/SES086/SA086S12	SES206	-1.46282	-9.4038	-7.94098
BLOCK08/SES086/SA086S20	SES029	-3.29118	-10.8535	-7.56237
BLOCK08/SES086/SA086S20	SES082	-2.65517	-10.2175	-7.56237
BLOCK08/SES086/SA086S20	SES087	-0.510314	-8.07268	-7.56237
BLOCK08/SES086/SA086S20	SES206	-0.763452	-8.32582	-7.56237
BLOCK08/SES086/SA086S24	SES087	-0.847034	-9.442	-8.59497
BLOCK08/SES086/SA086S24	SES104	-2.60304	-11.198	-8.59497
BLOCK08/SES086/SA086S24	SES120	-1.59819	-10.1932	-8.59497
BLOCK08/SES086/SA086S24	SES206	-1.20355	-9.79852	-8.59497
BLOCK08/SES086/SA086S28	SES029	-4.00419	-11.3571	-7.35287
BLOCK08/SES086/SA086S28	SES082	-2.35327	-9.70614	-7.35287
BLOCK08/SES086/SA086S28	SES087	-0.2747	-7.62757	-7.35287
BLOCK08/SES086/SA086S28	SES206	-1.40076	-8.75363	-7.35287
BLOCK08/SES089/SA089S13	SES087	-1.8897	-10.1752	-8.28548
BLOCK08/SES089/SA089S13	SES206	-2.37129	-10.6568	-8.28548
BLOCK08/SES089/SA089S13	SES226	-1.34065	-9.62613	-8.28548
BLOCK08/SES089/SA089S13	SES270	-2.72241	-11.0079	-8.28548
BLOCK08/SES089/SA089S14	SES062	-2.65647	-10.3622	-7.70571
BLOCK08/SES089/SA089S14	SES087	-0.934138	-8.63984	-7.70571
BLOCK08/SES089/SA089S14	SES206	-2.18637	-9.89208	-7.70571
BLOCK08/SES089/SA089S14	SES226	-2.19721	-9.90291	-7.70571
BLOCK08/SES089/SA089S23	SES087	-1.83992	-11.1214	-9.28145
BLOCK08/SES089/SA089S23	SES206	-4.05964	-13.3411	-9.28145
BLOCK08/SES089/SA089S23	SES226	-2.59423	-11.8757	-9.28145
BLOCK08/SES089/SA089S23	SES270	-4.80937	-14.0908	-9.28145
BLOCK08/SES089/SA089S25	SES062	-2.07948	-10.1416	-8.06215
BLOCK08/SES089/SA089S25	SES087	-0.891621	-8.95377	-8.06215
BLOCK08/SES089/SA089S25	SES206	-3.60193	-11.6641	-8.06215
BLOCK08/SES089/SA089S25	SES226	-2.37345	-10.4356	-8.06215
BLOCK08/SES089/SA089S28	SES062	-1.70722	-9.75931	-8.05209
BLOCK08/SES089/SA089S28	SES087	-0.508128	-8.56022	-8.05209
BLOCK08/SES089/SA089S28	SES206	-2.13035	-10.1824	-8.05209
BLOCK08/SES089/SA089S28	SES226	-1.32247	-9.37456	-8.05209
BLOCK09/SES097/SA097S11	SES099	-1.19607	-10.0154	-8.81934
BLOCK09/SES097/SA097S11	SES125	-1.81854	-10.6379	-8.81934
BLOCK09/SES097/SA097S11	SES206	-1.7209	-10.5402	-8.81934
BLOCK09/SES097/SA097S11	SES226	-0.0937805	-8.91312	-8.81934
BLOCK09/SES097/SA097S14	SES062	-3.54605	-11.3522	-7.80616
BLOCK09/SES097/SA097S14	SES099	-1.59648	-9.40264	-7.80616
BLOCK09/SES097/SA097S14	SES104	-1.88123	-9.68738	-7.80616
BLOCK09/SES097/SA097S14	SES206	-2.41381	-10.22	-7.80616
BLOCK09/SES097/SA097S22	SES099	-0.541648	-9.28001	-8.73837
BLOCK09/SES097/SA097S22	SES206	-1.44481	-10.1832	-8.73837
BLOCK09/SES097/SA097S22	SES226	-1.11783	-9.8562	-8.73837
BLOCK09/SES097/SA097S22	SES270	-1.12541	-9.86378	-8.73837
BLOCK09/SES097/SA097S26	SES099	-0.287822	-8.96243	-8.67461
BLOCK09/SES097/SA097S26	SES120	-1.22924	-9.90385	-8.67461
BLOCK09/SES097/SA097S26	SES206	-3.05573	-11.7303	-8.67461
BLOCK09/SES097/SA097S26	SES226	-1.10277	-9.77738	-8.67461
BLOCK09/SES097/SA097S28	SES099	-0.865627	-8.20895	-7.34332
BLOCK09/SES097/SA097S28	SES120	-2.00299	-9.34631	-7.34332
BLOCK09/SES097/SA097S28	SES206	-2.20743	-9.55075	-7.34332
BLOCK09/SES097/SA097S28	SES226	-1.71401	-9.05733	-7.34332
BLOCK09/SES098/SA098S11	SES127	-1.70048	-8.12297	-6.42248
BLOCK09/SES098/SA098S11	SES144	-1.12852	-7.551	-6.42248
BLOCK09/SES098/SA098S11	SES147	-1.20859	-7.63107	-6.42248
BLOCK09/SES098/SA098S11	SES148	-2.71723	-9.13971	-6.42248
BLOCK09/SES098/SA098S12	SES127	-4.31524	-12.0252	-7.70991
BLOCK09/SES098/SA098S12	SES144	-2.27474	-9.98466	-7.70991
BLOCK09/SES098/SA098S12	SES147	-3.06461	-10.7745	-7.70991
BLOCK09/SES098/SA098S12	SES189	-2.13143	-9.84134	-7.70991
BLOCK09/SES098/SA098S20	SES127	-4.26863	-11.6134	-7.34474
BLOCK09/SES098/SA098S20	SES147	-2.56382	-9.90856	-7.34474
BLOCK09/SES098/SA098S20	SES148	-5.42473	-12.7695	-7.34474
BLOCK09/SES098/SA098S20	SES292	-2.4398	-9.78454	-7.34474
BLOCK09/SES098/SA098S23	SES127	-2.3097	-9.45859	-7.14889
BLOCK09/SES098/SA098S23	SES147	-2.27917	-9.42805	-7.14889
BLOCK09/SES098/SA098S23	SES187	-1.49533	-8.64422	-7.14889
BLOCK09/SES098/SA098S23	SES292	-1.45692	-8.6058	-7.14889
BLOCK09/SES098/SA098S27	SES127	-3.7409	-10.9491	-7.20825
BLOCK09/SES098/SA098S27	SES147	-3.83627	-11.0445	-7.20825
BLOCK09/SES098/SA098S27	SES148	-4.61423	-11.8225	-7.20825
BLOCK09/SES098/SA098S27	SES292	-1.06037	-8.26861	-7.20825
BLOCK10/SES102/SA102S13	SES101	-1.25427	-9.40659	-8.15232
BLOCK10/SES102/SA102S13	SES105	-1.69721	-9.84953	-8.15232
BLOCK10/SES102/SA102S13	SES120	-4.06672	-12.219	-8.15232
BLOCK10/SES102/SA102S13	SES158	-3.71033	-11.8626	-8.15232
BLOCK10/SES102/SA102S14	SES007	-0.382098	-5.97711	-5.59501
BLOCK10/SES102/SA102S14	SES101	-0.863214	-6.45823	-5.59501
BLOCK10/SES102/SA102S14	SES105	-1.17104	-6.76605	-5.59501
BLOCK10/SES102/SA102S14	SES147	-2.64503	-8.24004	-5.59501
BLOCK10/SES102/SA102S22	SES007	-1.69989	-8.22279	-6.52289
BLOCK10/SES102/SA102S22	SES101	-1.3088	-7.8317	-6.52289
BLOCK10/SES102/SA102S22	SES105	-1.1614	-7.6843	-6.52289
BLOCK10/SES102/SA102S22	SES158	-3.23348	-9.75637	-6.52289
BLOCK10/SES102/SA102S25	SES007	-1.10083	-7.48813	-6.3873
BLOCK10/SES102/SA102S25	SES101	-0.842512	-7.22981	-6.3873
BLOCK10/SES102/SA102S25	SES105	-1.51273	-7.90003	-6.3873
BLOCK10/SES102/SA102S25	SES147	-4.13021	-10.5175	-6.3873
BLOCK10/SES102/SA102S27	SES007	-1.40074	-8.32205	-6.92131
BLOCK10/SES102/SA102S27	SES101	-0.40595	-7.32726	-6.92131
BLOCK10/SES102/SA102S27	SES105	-2.50582	-9.42713	-6.92131
BLOCK10/SES102/SA102S27	SES147	-3.54181	-10.4631	-6.92131
BLOCK10/SES103/SA103S14	SES105	-2.59725	-10.7664	-8.16916
BLOCK10/SES103/SA103S14	SES106	-1.80752	-9.97668	-8.16916
BLOCK10/SES103/SA103S14	SES120	-2.74238	-10.9115	-8.16916
BLOCK10/SES103/SA103S14	SES206	-2.57617	-10.7453	-8.16916
BLOCK10/SES103/SA103S15	SES099	-3.27589	-12.3761	-9.10022
BLOCK10/SES103/SA103S15	SES101	-5.75264	-14.8529	-9.10022
BLOCK10/SES103/SA103S15	SES104	-2.73056	-11.8308	-9.10022
BLOCK10/SES103/SA103S15	SES125	-2.98841	-12.0886	-9.10022
BLOCK10/SES103/SA103S24	SES104	-2.53697	-10.6207	-8.08377
BLOCK10/SES103/SA103S24	SES125	-4.62476	-12.7085	-8.08377
BLOCK10/SES103/SA103S24	SES148	-3.36934	-11.4531	-8.08377
BLOCK10/SES103/SA103S24	SES158	-2.33085	-10.4146	-8.08377
BLOCK10/SES103/SA103S26	SES104	-1.55565	-9.4136	-7.85795
BLOCK10/SES103/SA103S26	SES106	-2.41031	-10.2683	-7.85795
BLOCK10/SES103/SA103S26	SES125	-2.5864	-10.4443	-7.85795
BLOCK10/SES103/SA103S26	SES148	-3.07778	-10.9357	-7.85795
BLOCK10/SES103/SA103S28	SES104	-1.60085	-9.8567	-8.25585
BLOCK10/SES103/SA103S28	SES106	-2.13454	-10.3904	-8.25585
BLOCK10/SES103/SA103S28	SES125	-3.96038	-12.2162	-8.25585
BLOCK10/SES103/SA103S28	SES206	-3.06467	-11.3205	-8.25585
BLOCK12/SES121/SA121S12	SES042	-2.05744	-10.1596	-8.10217
BLOCK12/SES121/SA121S12	SES087	-2.04872	-10.1509	-8.10217
BLOCK12/SES121/SA121S12	SES105	-1.17883	-9.281	-8.10217
BLOCK12/SES121/SA121S12	SES206	-1.50888	-9.61104	-8.10217
BLOCK12/SES121/SA121S14	SES007	-3.52733	-13.3417	-9.81433
BLOCK12/SES121/SA121S14	SES105	-4.66082	-14.4751	-9.81433
BLOCK12/SES121/SA121S14	SES106	-3.74747	-13.5618	-9.81433
BLOCK12/SES121/SA121S14	SES206	-3.22458	-13.0389	-9.81433
BLOCK12/SES121/SA121S23	SES105	-4.06799	-13.482	-9.41403
BLOCK12/SES121/SA121S23	SES106	-2.47344	-11.8875	-9.41403
BLOCK12/SES121/SA121S23	SES120	-3.02709	-12.4411	-9.41403
BLOCK12/SES121/SA121S23	SES206	-1.61134	-11.0254	-9.41403
BLOCK12/SES121/SA121S25	SES007	-3.11534	-12.9675	-9.85214
BLOCK12/SES121/SA121S25	SES105	-4.25206	-14.1042	-9.85214
BLOCK12/SES121/SA121S25	SES106	-3.14829	-13.0004	-9.85214
BLOCK12/SES121/SA121S25	SES206	-2.86176	-12.7139	-9.85214
BLOCK12/SES121/SA121S27	SES087	-0.703634	-10.4316	-9.72796
BLOCK12/SES121/SA121S27	SES105	-4.96505	-14.693	-9.72796
BLOCK12/SES121/SA121S27	SES120	-0.977458	-10.7054	-9.72796
BLOCK12/SES121/SA121S27	SES206	-2.28066	-12.0086	-9.72796
BLOCK12/SES124/SA124S16	SES042	-0.254222	-6.75161	-6.49739
BLOCK12/SES124/SA124S16	SES082	-1.00723	-7.50461	-6.49739
BLOCK12/SES124/SA124S16	SES183	-1.82492	-8.3223	-6.49739
BLOCK12/SES124/SA124S16	SES206	-1.17181	-7.6692	-6.49739
BLOCK12/SES124/SA124S17	SES105	-3.27494	-10.8156	-7.54068
BLOCK12/SES124/SA124S17	SES149	-1.89287	-9.43355	-7.54068
BLOCK12/SES124/SA124S17	SES158	-2.96204	-10.5027	-7.54068
BLOCK12/SES124/SA124S17	SES275	-1.97465	-9.51533	-7.54068
BLOCK12/SES124/SA124S23	SES105	-2.49879	-8.45246	-5.95367
BLOCK12/SES124/SA124S23	SES125	-0.202598	-6.15627	-5.95367
BLOCK12/SES124/SA124S23	SES129	-2.3881	-8.34177	-5.95367
BLOCK12/SES124/SA124S23	SES158	-1.80029	-7.75396	-5.95367
BLOCK12/SES124/SA124S26	SES105	-2.99722	-10.43	-7.43281
BLOCK12/SES124/SA124S26	SES125	-0.994227	-8.42703	-7.43281
BLOCK12/SES124/SA124S26	SES129	-3.05055	-10.4834	-7.43281
BLOCK12/SES124/SA124S26	SES158	-1.69997	-9.13278	-7.43281
BLOCK12/SES124/SA124S28	SES104	-1.04588	-7.67128	-6.6254
BLOCK12/SES124/SA124S28	SES106	-1.88929	-8.51469	-6.6254
BLOCK12/SES124/SA124S28	SES125	-0.314202	-6.9396	-6.6254
BLOCK12/SES124/SA124S28	SES275	-1.55749	-8.18289	-6.6254
BLOCK12/SES126/SA126S13	SES007	-1.31527	-8.50478	-7.18951
BLOCK12/SES126/SA126S13	SES162	-1.81704	-9.00655	-7.18951
BLOCK12/SES126/SA126S13	SES177	-1.20891	-8.39842	-7.18951
BLOCK12/SES126/SA126S13	SES180	-2.27739	-9.4669	-7.18951
BLOCK12/SES126/SA126S14	SES144	-0.910439	-7.61572	-6.70528
BLOCK12/SES126/SA126S14	SES148	-2.46494	-9.17022	-6.70528
BLOCK12/SES126/SA126S14	SES177	-1.09841	-7.8037	-6.70528
BLOCK12/SES126/SA126S14	SES180	-1.80216	-8.50744	-6.70528
BLOCK12/SES126/SA126S20	SES007	-1.22792	-7.38314	-6.15522
BLOCK12/SES126/SA126S20	SES162	-1.54831	-7.70354	-6.15522
BLOCK12/SES126/SA126S20	SES172	-1.94159	-8.09682	-6.15522
BLOCK12/SES126/SA126S20	SES180	-1.70645	-7.86167	-6.15522
BLOCK12/SES126/SA126S24	SES120	-0.584854	-7.0992	-6.51435
BLOCK12/SES126/SA126S24	SES162	-1.49345	-8.0078	-6.51435
BLOCK12/SES126/SA126S24	SES177	-0.875477	-7.38983	-6.51435
BLOCK12/SES126/SA126S24	SES180	-1.195	-7.70935	-6.51435
BLOCK12/SES126/SA126S26	SES120	-0.161453	-7.07253	-6.91108
BLOCK12/SES126/SA126S26	SES177	-1.0832	-7.99428	-6.91108
BLOCK12/SES126/SA126S26	SES180	-1.34564	-8.25672	-6.91108
BLOCK12/SES126/SA126S26	SES202	-1.6348	-8.54588	-6.91108
BLOCK12/SES128/SA128S10	SES087	-3.36915	-10.7549	-7.38577
BLOCK12/SES128/SA128S10	SES206	-1.84824	-9.234	-7.38577
BLOCK12/SES128/SA128S10	SES226	-1.37985	-8.76561	-7.38577
BLOCK12/SES128/SA128S10	SES270	-2.0235	-9.40927	-7.38577
BLOCK12/SES128/SA128S12	SES120	-0.734469	-7.99671	-7.26224
BLOCK12/SES128/SA128S12	SES158	-1.20764	-8.46988	-7.26224
BLOCK12/SES128/SA128S12	SES206	-1.24893	-8.51118	-7.26224
BLOCK12/SES128/SA128S12	SES226	-2.64143	-9.90367	-7.26224
BLOCK12/SES128/SA128S21	SES106	-1.73699	-9.16011	-7.42313
BLOCK12/SES128/SA128S21	SES120	-1.65484	-9.07797	-7.42313
BLOCK12/SES128/SA128S21	SES206	-0.976666	-8.39979	-7.42313
BLOCK12/SES128/SA128S21	SES226	-0.339478	-7.7626	-7.42313
BLOCK12/SES128/SA128S24	SES087	-2.35738	-10.0554	-7.69807
BLOCK12/SES128/SA128S24	SES120	-1.29358	-8.99164	-7.69807
BLOCK12/SES128/SA128S24	SES206	-1.22721	-8.92528	-7.69807
BLOCK12/SES128/SA128S24	SES226	-2.60173	-10.2998	-7.69807
BLOCK12/SES128/SA128S27	SES099	-0.590481	-7.23795	-6.64747
BLOCK12/SES128/SA128S27	SES120	-0.627733	-7.2752	-6.64747
BLOCK12/SES128/SA128S27	SES206	-1.32166	-7.96913	-6.64747
BLOCK12/SES128/SA128S27	SES226	-1.8387	-8.48617	-6.64747
BLOCK13/SES130/SA130S13	SES143	-0.813632	-8.96829	-8.15466
BLOCK13/SES130/SA130S13	SES144	-0.523585	-8.67825	-8.15466
BLOCK13/SES130/SA130S13	SES146	-2.61093	-10.7656	-8.15466
BLOCK13/SES130/SA130S13	SES275	-2.70195	-10.8566	-8.15466
BLOCK13/SES130/SA130S15	SES143	-1.33091	-7.90471	-6.5738
BLOCK13/SES130/SA130S15	SES144	-0.115548	-6.68935	-6.5738
BLOCK13/SES130/SA130S15	SES146	-1.22531	-7.79911	-6.5738
BLOCK13/SES130/SA130S15	SES275	-1.45125	-8.02504	-6.5738
BLOCK13/SES130/SA130S23	SES127	-1.80536	-9.36763	-7.56227
BLOCK13/SES130/SA130S23	SES144	-0.654916	-8.21719	-7.56227
BLOCK13/SES130/SA130S23	SES146	-1.57177	-9.13404	-7.56227
BLOCK13/SES130/SA130S23	SES162	-1.54789	-9.11016	-7.56227
BLOCK13/SES130/SA130S25	SES127	-1.74141	-7.84931	-6.1079
BLOCK13/SES130/SA130S25	SES144	-0.642192	-6.75009	-6.1079
BLOCK13/SES130/SA130S25	SES146	-1.71111	-7.81901	-6.1079
BLOCK13/SES130/SA130S25	SES275	-1.51543	-7.62333	-6.1079
BLOCK13/SES130/SA130S28	SES127	-1.44083	-8.86823	-7.4274
BLOCK13/SES130/SA130S28	SES144	-1.4202	-8.8476	-7.4274
BLOCK13/SES130/SA130S28	SES146	-1.14217	-8.56956	-7.4274
BLOCK13/SES130/SA130S28	SES275	-1.25323	-8.68062	-7.4274
BLOCK13/SES131/SA131S13	SES002	-2.82416	-11.2486	-8.42445
BLOCK13/SES131/SA131S13	SES007	-2.09404	-10.5185	-8.42445
BLOCK13/SES131/SA131S13	SES099	-0.460942	-8.8854	-8.42445
BLOCK13/SES131/SA131S13	SES105	-2.01988	-10.4443	-8.42445
BLOCK13/SES131/SA131S14	SES104	-1.37307	-7.38937	-6.0163
BLOCK13/SES131/SA131S14	SES106	-3.15084	-9.16714	-6.0163
BLOCK13/SES131/SA131S14	SES125	-2.2773	-8.2936	-6.0163
BLOCK13/SES131/SA131S14	SES148	-0.611731	-6.62803	-6.0163
BLOCK13/SES131/SA131S20	SES104	-1.79605	-10.2818	-8.48574
BLOCK13/SES131/SA131S20	SES106	-2.4243	-10.91	-8.48574
BLOCK13/SES131/SA131S20	SES125	-2.14849	-10.6342	-8.48574
BLOCK13/SES131/SA131S20	SES148	-2.49895	-10.9847	-8.48574
BLOCK13/SES131/SA131S22	SES099	-0.514881	-7.17317	-6.65829
BLOCK13/SES131/SA131S22	SES104	-1.00319	-7.66149	-6.65829
BLOCK13/SES131/SA131S22	SES125	-0.963156	-7.62145	-6.65829
BLOCK13/SES131/SA131S22	SES206	-1.20847	-7.86676	-6.65829
BLOCK13/SES131/SA131S29	SES087	-2.71834	-10.8258	-8.1075
BLOCK13/SES131/SA131S29	SES104	-3.81968	-11.9272	-8.1075
BLOCK13/SES131/SA131S29	SES125	-5.75778	-13.8653	-8.1075
BLOCK13/SES131/SA131S29	SES206	-3.00194	-11.1094	-8.1075
BLOCK13/SES132/SA132S11	SES083	-2.63982	-9.34769	-6.70787
BLOCK13/SES132/SA132S11	SES120	-0.268716	-6.97659	-6.70787
BLOCK13/SES132/SA132S11	SES127	-3.10243	-9.8103	-6.70787
BLOCK13/SES132/SA132S11	SES275	-2.36256	-9.07043	-6.70787
BLOCK13/SES132/SA132S12	SES083	-2.44498	-9.19065	-6.74567
BLOCK13/SES132/SA132S12	SES143	-2.36506	-9.11073	-6.74567
BLOCK13/SES132/SA132S12	SES144	-1.17758	-7.92325	-6.74567
BLOCK13/SES132/SA132S12	SES148	-1.87411	-8.61978	-6.74567
BLOCK13/SES132/SA132S22	SES062	-1.36406	-8.14782	-6.78377
BLOCK13/SES132/SA132S22	SES083	-3.24225	-10.026	-6.78377
BLOCK13/SES132/SA132S22	SES127	-2.78057	-9.56434	-6.78377
BLOCK13/SES132/SA132S22	SES275	-1.63792	-8.42168	-6.78377
BLOCK13/SES132/SA132S24	SES007	-1.24809	-7.61123	-6.36313
BLOCK13/SES132/SA132S24	SES083	-2.82006	-9.18319	-6.36313
BLOCK13/SES132/SA132S24	SES127	-3.31083	-9.67396	-6.36313
BLOCK13/SES132/SA132S24	SES275	-1.59109	-7.95422	-6.36313
BLOCK13/SES132/SA132S27	SES083	-3.90463	-11.7828	-7.87815
BLOCK13/SES132/SA132S27	SES120	-0.324899	-8.20305	-7.87815
BLOCK13/SES132/SA132S27	SES127	-4.20779	-12.0859	-7.87815
BLOCK13/SES132/SA132S27	SES275	-2.5725	-10.4507	-7.87815
BLOCK14/SES141/SA141S09	SES143	-1.62334	-8.02649	-6.40315
BLOCK14/SES141/SA141S09	SES144	-0.939054	-7.34221	-6.40315
BLOCK14/SES141/SA141S09	SES162	-1.58458	-7.98773	-6.40315
BLOCK14/SES141/SA141S09	SES180	-1.54597	-7.94913	-6.40315
BLOCK14/SES141/SA141S15	SES127	-2.21547	-9.56167	-7.3462
BLOCK14/SES141/SA141S15	SES144	-1.79177	-9.13797	-7.3462
BLOCK14/SES141/SA141S15	SES162	-2.98746	-10.3337	-7.3462
BLOCK14/SES141/SA141S15	SES180	-2.35576	-9.70196	-7.3462
BLOCK14/SES141/SA141S24	SES127	-2.80541	-9.62095	-6.81554
BLOCK14/SES141/SA141S24	SES144	-1.9618	-8.77734	-6.81554
BLOCK14/SES141/SA141S24	SES162	-2.47224	-9.28778	-6.81554
BLOCK14/SES141/SA141S24	SES183	-2.18344	-8.99897	-6.81554
BLOCK14/SES141/SA141S26	SES142	-0.929422	-8.55516	-7.62574
BLOCK14/SES141/SA141S26	SES144	-2.09827	-9.72401	-7.62574
BLOCK14/SES141/SA141S26	SES172	-1.45121	-9.07695	-7.62574
BLOCK14/SES141/SA141S26	SES180	-1.89959	-9.52532	-7.62574
BLOCK14/SES141/SA141S29	SES127	-1.7294	-8.46164	-6.73224
BLOCK14/SES141/SA141S29	SES142	-0.451898	-7.18413	-6.73224
BLOCK14/SES141/SA141S29	SES144	-0.57426	-7.3065	-6.73224
BLOCK14/SES141/SA141S29	SES180	-1.04795	-7.78019	-6.73224
BLOCK15/SES157/SA157S08	SES083	-1.90796	-8.81938	-6.91142
BLOCK15/SES157/SA157S08	SES127	-1.90571	-8.81713	-6.91142
BLOCK15/SES157/SA157S08	SES148	-0.645909	-7.55733	-6.91142
BLOCK15/SES157/SA157S08	SES292	-1.89792	-8.80935	-6.91142
BLOCK15/SES157/SA157S11	SES083	-2.49575	-9.67719	-7.18144
BLOCK15/SES157/SA157S11	SES127	-2.35878	-9.54022	-7.18144
BLOCK15/SES157/SA157S11	SES148	-2.75943	-9.94087	-7.18144
BLOCK15/SES157/SA157S11	SES292	-2.83878	-10.0202	-7.18144
BLOCK15/SES157/SA157S21	SES127	-0.788574	-7.25681	-6.46823
BLOCK15/SES157/SA157S21	SES148	-0.363755	-6.83199	-6.46823
BLOCK15/SES157/SA157S21	SES158	-5.21171	-11.6799	-6.46823
BLOCK15/SES157/SA157S21	SES292	-1.91765	-8.38588	-6.46823
BLOCK15/SES157/SA157S24	SES127	-1.42915	-8.94296	-7.51381
BLOCK15/SES157/SA157S24	SES148	-1.55225	-9.06606	-7.51381
BLOCK15/SES157/SA157S24	SES183	-1.30259	-8.81639	-7.51381
BLOCK15/SES157/SA157S24	SES292	-2.65214	-10.1659	-7.51381
BLOCK15/SES157/SA157S26	SES007	-1.37488	-8.27848	-6.9036
BLOCK15/SES157/SA157S26	SES127	-1.46318	-8.36678	-6.9036
BLOCK15/SES157/SA157S26	SES147	-2.05354	-8.95714	-6.9036
BLOCK15/SES157/SA157S26	SES148	-1.48105	-8.38466	-6.9036
BLOCK16/SES161/SA161S10	SES007	-1.3219	-8.58017	-7.25827
BLOCK16/SES161/SA161S10	SES105	-1.59095	-8.84922	-7.25827
BLOCK16/SES161/SA161S10	SES158	-2.01769	-9.27596	-7.25827
BLOCK16/SES161/SA161S10	SES275	-1.12358	-8.38185	-7.25827
BLOCK16/SES161/SA161S12	SES007	-3.51442	-11.694	-8.17961
BLOCK16/SES161/SA161S12	SES105	-3.52055	-11.7002	-8.17961
BLOCK16/SES161/SA161S12	SES158	-2.1794	-10.359	-8.17961
BLOCK16/SES161/SA161S12	SES275	-4.95052	-13.1301	-8.17961
BLOCK16/SES161/SA161S20	SES007	-1.74861	-10.2868	-8.53822
BLOCK16/SES161/SA161S20	SES105	-2.6762	-11.2144	-8.53822
BLOCK16/SES161/SA161S20	SES158	-1.14537	-9.68359	-8.53822
BLOCK16/SES161/SA161S20	SES275	-2.57304	-11.1113	-8.53822
BLOCK16/SES161/SA161S23	SES007	-3.26187	-11.2229	-7.961
BLOCK16/SES161/SA161S23	SES105	-2.26789	-10.2289	-7.961
BLOCK16/SES161/SA161S23	SES148	-4.28637	-12.2474	-7.961
BLOCK16/SES161/SA161S23	SES158	-3.5711	-11.5321	-7.961
BLOCK16/SES161/SA161S28	SES007	-2.3245	-9.86139	-7.5369
BLOCK16/SES161/SA161S28	SES105	-2.87997	-10.4169	-7.5369
BLOCK16/SES161/SA161S28	SES158	-1.00545	-8.54235	-7.5369
BLOCK16/SES161/SA161S28	SES206	-1.39148	-8.92838	-7.5369
BLOCK16/SES164/SA164S11	SES104	-2.00124	-9.71175	-7.71051
BLOCK16/SES164/SA164S11	SES125	-0.722113	-8.43262	-7.71051
BLOCK16/SES164/SA164S11	SES158	-1.39619	-9.1067	-7.71051
BLOCK16/SES164/SA164S11	SES206	-3.23341	-10.9439	-7.71051
BLOCK16/SES164/SA164S13	SES099	-2.40828	-10.4867	-8.07841
BLOCK16/SES164/SA164S13	SES104	-2.32375	-10.4022	-8.07841
BLOCK16/SES164/SA164S13	SES125	-1.96553	-10.0439	-8.07841
BLOCK16/SES164/SA164S13	SES206	-2.59316	-10.6716	-8.07841
BLOCK16/SES164/SA164S24	SES002	-0.0156484	-7.86848	-7.85284
BLOCK16/SES164/SA164S24	SES099	-0.939111	-8.79195	-7.85284
BLOCK16/SES164/SA164S24	SES125	-1.47247	-9.32531	-7.85284
BLOCK16/SES164/SA164S24	SES226	0.134602	-7.71823	-7.85284
BLOCK16/SES164/SA164S27	SES087	-3.47777	-11.8668	-8.38901
BLOCK16/SES164/SA164S27	SES125	-1.26441	-9.65342	-8.38901
BLOCK16/SES164/SA164S27	SES206	-3.3013	-11.6903	-8.38901
BLOCK16/SES164/SA164S27	SES226	-1.39071	-9.77972	-8.38901
BLOCK16/SES164/SA164S29	SES002	-0.607243	-8.72165	-8.11441
BLOCK16/SES164/SA164S29	SES019	-2.3027	-10.4171	-8.11441
BLOCK16/SES164/SA164S29	SES125	-0.892081	-9.00649	-8.11441
BLOCK16/SES164/SA164S29	SES226	-0.640692	-8.7551	-8.11441
BLOCK16/SES169/SA169S13	SES117	-1.78573	-9.02246	-7.23673
BLOCK16/SES169/SA169S13	SES144	-1.0478	-8.28453	-7.23673
BLOCK16/SES169/SA169S13	SES146	-1.16491	-8.40163	-7.23673
BLOCK16/SES169/SA169S13	SES162	-1.73881	-8.97554	-7.23673
BLOCK16/SES169/SA169S14	SES144	-1.1054	-7.04031	-5.93491
BLOCK16/SES169/SA169S14	SES148	-1.09843	-7.03334	-5.93491
BLOCK16/SES169/SA169S14	SES177	-1.01331	-6.94822	-5.93491
BLOCK16/SES169/SA169S14	SES180	-1.18072	-7.11563	-5.93491
BLOCK16/SES169/SA169S24	SES117	-1.7524	-9.65538	-7.90298
BLOCK16/SES169/SA169S24	SES144	-0.967367	-8.87035	-7.90298
BLOCK16/SES169/SA169S24	SES146	-1.40429	-9.30727	-7.90298
BLOCK16/SES169/SA169S24	SES162	-1.89723	-9.80021	-7.90298
BLOCK16/SES169/SA169S27	SES127	-1.66038	-8.5891	-6.92872
BLOCK16/SES169/SA169S27	SES129	-1.99354	-8.92227	-6.92872
BLOCK16/SES169/SA169S27	SES144	-1.19628	-8.125	-6.92872
BLOCK16/SES169/SA169S27	SES146	-1.15546	-8.08418	-6.92872
BLOCK16/SES169/SA169S29	SES144	-0.421747	-6.58035	-6.1586
BLOCK16/SES169/SA169S29	SES162	-0.535581	-6.69418	-6.1586
BLOCK16/SES169/SA169S29	SES177	-1.56859	-7.72719	-6.1586
BLOCK16/SES169/SA169S29	SES180	-1.34381	-7.50241	-6.1586
BLOCK17/SES171/SA171S12	SES083	-2.38078	-10.502	-8.12124
BLOCK17/SES171/SA171S12	SES148	-3.28255	-11.4038	-8.12124
BLOCK17/SES171/SA171S12	SES172	-2.14561	-10.2669	-8.12124
BLOCK17/SES171/SA171S12	SES292	-3.62397	-11.7452	-8.12124
BLOCK17/SES171/SA171S15	SES148	-1.97463	-9.62581	-7.65119
BLOCK17/SES171/SA171S15	SES177	-1.88756	-9.53875	-7.65119
BLOCK17/SES171/SA171S15	SES180	-3.57837	-11.2296	-7.65119
BLOCK17/SES171/SA171S15	SES292	-2.22994	-9.88113	-7.65119
BLOCK17/SES171/SA171S22	SES007	-1.30822	-7.41351	-6.10529
BLOCK17/SES171/SA171S22	SES148	-1.15275	-7.25804	-6.10529
BLOCK17/SES171/SA171S22	SES177	-0.834043	-6.93933	-6.10529
BLOCK17/SES171/SA171S22	SES180	-3.11522	-9.22051	-6.10529
BLOCK17/SES171/SA171S25	SES101	-2.6868	-10.0127	-7.32591
BLOCK17/SES171/SA171S25	SES120	-4.34424	-11.6702	-7.32591
BLOCK17/SES171/SA171S25	SES177	-2.6472	-9.97311	-7.32591
BLOCK17/SES171/SA171S25	SES180	-2.93372	-10.2596	-7.32591
BLOCK17/SES171/SA171S27	SES177	-1.67406	-9.37034	-7.69627
BLOCK17/SES171/SA171S27	SES180	-3.82734	-11.5236	-7.69627
BLOCK17/SES171/SA171S27	SES189	-0.78898	-8.48525	-7.69627
BLOCK17/SES171/SA171S27	SES292	-3.97503	-11.6713	-7.69627
BLOCK17/SES173/SA173S13	SES162	-3.31678	-10.5503	-7.23352
BLOCK17/SES173/SA173S13	SES177	-1.98283	-9.21635	-7.23352
BLOCK17/SES173/SA173S13	SES180	-3.13555	-10.3691	-7.23352
BLOCK17/SES173/SA173S13	SES292	-0.60844	-7.84196	-7.23352
BLOCK17/SES173/SA173S14	SES007	-1.46904	-8.41449	-6.94545
BLOCK17/SES173/SA173S14	SES162	-3.99425	-10.9397	-6.94545
BLOCK17/SES173/SA173S14	SES177	-2.57817	-9.52362	-6.94545
BLOCK17/SES173/SA173S14	SES180	-3.66689	-10.6123	-6.94545
BLOCK17/SES173/SA173S24	SES144	-2.46781	-10.0054	-7.53762
BLOCK17/SES173/SA173S24	SES162	-2.96449	-10.5021	-7.53762
BLOCK17/SES173/SA173S24	SES177	-1.27355	-8.81117	-7.53762
BLOCK17/SES173/SA173S24	SES180	-3.49639	-11.034	-7.53762
BLOCK17/SES173/SA173S27	SES162	-5.00043	-11.8452	-6.84481
BLOCK17/SES173/SA173S27	SES177	-2.2095	-9.0543	-6.84481
BLOCK17/SES173/SA173S27	SES180	-2.78881	-9.63362	-6.84481
BLOCK17/SES173/SA173S27	SES292	-0.983651	-7.82846	-6.84481
BLOCK17/SES173/SA173S29	SES162	-3.71021	-11.2159	-7.50574
BLOCK17/SES173/SA173S29	SES175	-1.94177	-9.4475	-7.50574
BLOCK17/SES173/SA173S29	SES177	-1.54476	-9.05049	-7.50574
BLOCK17/SES173/SA173S29	SES292	-2.29878	-9.80451	-7.50574
BLOCK18/SES182/SA182S10	SES144	-2.13569	-8.72086	-6.58517
BLOCK18/SES182/SA182S10	SES177	-2.30674	-8.8919	-6.58517
BLOCK18/SES182/SA182S10	SES180	-3.66929	-10.2545	-6.58517
BLOCK18/SES182/SA182S10	SES275	-1.27653	-7.8617	-6.58517
BLOCK18/SES182/SA182S12	SES144	-1.39518	-7.78463	-6.38944
BLOCK18/SES182/SA182S12	SES177	-2.05364	-8.44308	-6.38944
BLOCK18/SES182/SA182S12	SES180	-3.54347	-9.93291	-6.38944
BLOCK18/SES182/SA182S12	SES275	-1.52891	-7.91835	-6.38944
BLOCK18/SES182/SA182S21	SES117	-2.29718	-10.2164	-7.91927
BLOCK18/SES182/SA182S21	SES144	-1.3821	-9.30137	-7.91927
BLOCK18/SES182/SA182S21	SES162	-1.85656	-9.77583	-7.91927
BLOCK18/SES182/SA182S21	SES180	-3.77335	-11.6926	-7.91927
BLOCK18/SES182/SA182S23	SES117	-3.127	-10.8068	-7.67976
BLOCK18/SES182/SA182S23	SES144	-2.67705	-10.3568	-7.67976
BLOCK18/SES182/SA182S23	SES180	-6.07449	-13.7542	-7.67976
BLOCK18/SES182/SA182S23	SES275	-2.41807	-10.0978	-7.67976
BLOCK18/SES182/SA182S25	SES007	-0.438948	-7.94576	-7.50681
BLOCK18/SES182/SA182S25	SES162	-1.26618	-8.77299	-7.50681
BLOCK18/SES182/SA182S25	SES177	-1.98625	-9.49306	-7.50681
BLOCK18/SES182/SA182S25	SES180	-3.25904	-10.7658	-7.50681
BLOCK18/SES184/SA184S12	SES177	-2.3334	-9.05165	-6.71825
BLOCK18/SES184/SA184S12	SES180	-1.4994	-8.21764	-6.71825
BLOCK18/SES184/SA184S12	SES189	-2.41385	-9.1321	-6.71825
BLOCK18/SES184/SA184S12	SES292	-0.795774	-7.51402	-6.71825
BLOCK18/SES184/SA184S13	SES101	-1.7491	-8.82415	-7.07505
BLOCK18/SES184/SA184S13	SES177	-1.66078	-8.73582	-7.07505
BLOCK18/SES184/SA184S13	SES180	-1.68238	-8.75743	-7.07505
BLOCK18/SES184/SA184S13	SES292	-1.44002	-8.51506	-7.07505
BLOCK18/SES184/SA184S22	SES177	-2.40809	-9.55351	-7.14542
BLOCK18/SES184/SA184S22	SES180	-1.03888	-8.1843	-7.14542
BLOCK18/SES184/SA184S22	SES189	-1.83475	-8.98018	-7.14542
BLOCK18/SES184/SA184S22	SES292	-1.76763	-8.91306	-7.14542
BLOCK18/SES184/SA184S25	SES101	-1.40167	-8.3767	-6.97503
BLOCK18/SES184/SA184S25	SES177	-2.26525	-9.24027	-6.97503
BLOCK18/SES184/SA184S25	SES180	-0.79523	-7.77026	-6.97503
BLOCK18/SES184/SA184S25	SES292	-0.968212	-7.94324	-6.97503
BLOCK18/SES184/SA184S27	SES083	-1.27915	-8.39282	-7.11366
BLOCK18/SES184/SA184S27	SES177	-1.27531	-8.38898	-7.11366
BLOCK18/SES184/SA184S27	SES202	-1.82044	-8.9341	-7.11366
BLOCK18/SES184/SA184S27	SES292	-1.34382	-8.45748	-7.11366
BLOCK20/SES204/SA204S12	SES062	-1.17719	-7.67132	-6.49412
BLOCK20/SES204/SA204S12	SES083	-3.2582	-9.75233	-6.49412
BLOCK20/SES204/SA204S12	SES206	-1.44292	-7.93704	-6.49412
BLOCK20/SES204/SA204S12	SES226	-1.79875	-8.29287	-6.49412
BLOCK20/SES204/SA204S14	SES068	-0.735709	-6.65016	-5.91445
BLOCK20/SES204/SA204S14	SES087	-0.443902	-6.35835	-5.91445
BLOCK20/SES204/SA204S14	SES206	-1.26316	-7.17761	-5.91445
BLOCK20/SES204/SA204S14	SES226	-1.80767	-7.72212	-5.91445
BLOCK20/SES204/SA204S22	SES068	-1.25466	-7.65104	-6.39638
BLOCK20/SES204/SA204S22	SES082	-1.67432	-8.0707	-6.39638
BLOCK20/SES204/SA204S22	SES083	-3.45495	-9.85133	-6.39638
BLOCK20/SES204/SA204S22	SES206	-1.36103	-7.75741	-6.39638
BLOCK20/SES204/SA204S25	SES062	-1.38238	-7.70117	-6.31879
BLOCK20/SES204/SA204S25	SES083	-3.25683	-9.57562	-6.31879
BLOCK20/SES204/SA204S25	SES206	-0.712367	-7.03116	-6.31879
BLOCK20/SES204/SA204S25	SES226	-1.56937	-7.88816	-6.31879
BLOCK20/SES204/SA204S27	SES068	-0.869765	-8.14647	-7.27671
BLOCK20/SES204/SA204S27	SES082	-2.59748	-9.87419	-7.27671
BLOCK20/SES204/SA204S27	SES087	-0.715055	-7.99177	-7.27671
BLOCK20/SES204/SA204S27	SES206	-2.41338	-9.69009	-7.27671
BLOCK20/SES207/SA207S10	SES127	-2.91147	-9.8521	-6.94063
BLOCK20/SES207/SA207S10	SES183	-1.7529	-8.69353	-6.94063
BLOCK20/SES207/SA207S10	SES189	-1.08422	-8.02485	-6.94063
BLOCK20/SES207/SA207S10	SES292	-2.1224	-9.06304	-6.94063
BLOCK20/SES207/SA207S11	SES127	-2.83895	-10.7783	-7.9393
BLOCK20/SES207/SA207S11	SES183	-2.52722	-10.4665	-7.9393
BLOCK20/SES207/SA207S11	SES187	-1.15007	-9.08937	-7.9393
BLOCK20/SES207/SA207S11	SES292	-1.02569	-8.96499	-7.9393
BLOCK20/SES207/SA207S25	SES068	-1.63808	-9.31038	-7.6723
BLOCK20/SES207/SA207S25	SES083	-2.70726	-10.3796	-7.6723
BLOCK20/SES207/SA207S25	SES127	-2.25061	-9.92291	-7.6723
BLOCK20/SES207/SA207S25	SES187	-1.69674	-9.36904	-7.6723
BLOCK20/SES207/SA207S27	SES127	-3.24245	-10.6683	-7.42584
BLOCK20/SES207/SA207S27	SES183	-2.19075	-9.61659	-7.42584
BLOCK20/SES207/SA207S27	SES187	-1.89581	-9.32165	-7.42584
BLOCK20/SES207/SA207S27	SES292	-2.64478	-10.0706	-7.42584
BLOCK20/SES207/SA207S29	SES083	-3.0656	-10.1872	-7.1216
BLOCK20/SES207/SA207S29	SES085	-1.79742	-8.91902	-7.1216
BLOCK20/SES207/SA207S29	SES172	-1.36579	-8.48739	-7.1216
BLOCK20/SES207/SA207S29	SES189	-3.52686	-10.6485	-7.1216
BLOCK22/SES221/SA221S12	SES068	-0.735094	-6.72769	-5.9926
BLOCK22/SES221/SA221S12	SES143	-2.36926	-8.36186	-5.9926
BLOCK22/SES221/SA221S12	SES175	-1.24853	-7.24113	-5.9926
BLOCK22/SES221/SA221S12	SES202	-1.48395	-7.47655	-5.9926
BLOCK22/SES221/SA221S15	SES085	-0.830305	-7.30011	-6.46981
BLOCK22/SES221/SA221S15	SES143	-2.31178	-8.78159	-6.46981
BLOCK22/SES221/SA221S15	SES175	-1.36505	-7.83486	-6.46981
BLOCK22/SES221/SA221S15	SES187	-1.55433	-8.02414	-6.46981
BLOCK22/SES221/SA221S23	SES068	-0.0793819	-6.411	-6.33162
BLOCK22/SES221/SA221S23	SES143	-2.52462	-8.85624	-6.33162
BLOCK22/SES221/SA221S23	SES175	-1.69754	-8.02916	-6.33162
BLOCK22/SES221/SA221S23	SES189	-2.56024	-8.89186	-6.33162
BLOCK22/SES221/SA221S27	SES085	-0.160682	-7.02102	-6.86033
BLOCK22/SES221/SA221S27	SES143	-2.3258	-9.18613	-6.86033
BLOCK22/SES221/SA221S27	SES175	-1.66339	-8.52373	-6.86033
BLOCK22/SES221/SA221S27	SES189	-2.02473	-8.88506	-6.86033
BLOCK22/SES221/SA221S29	SES085	-0.65618	-7.04725	-6.39107
BLOCK22/SES221/SA221S29	SES143	-1.83701	-8.22808	-6.39107
BLOCK22/SES221/SA221S29	SES175	-1.37776	-7.76883	-6.39107
BLOCK22/SES221/SA221S29	SES187	-2.0144	-8.40547	-6.39107
BLOCK22/SES223/SA223S11	SES143	-1.77304	-8.86208	-7.08904
BLOCK22/SES223/SA223S11	SES144	-2.64398	-9.73302	-7.08904
BLOCK22/SES223/SA223S11	SES175	-1.50428	-8.59333	-7.08904
BLOCK22/SES223/SA223S11	SES187	-2.16773	-9.25677	-7.08904
BLOCK22/SES223/SA223S13	SES068	-0.588541	-7.60239	-7.01385
BLOCK22/SES223/SA223S13	SES143	-2.36087	-9.37472	-7.01385
BLOCK22/SES223/SA223S13	SES146	-1.84467	-8.85851	-7.01385
BLOCK22/SES223/SA223S13	SES202	-2.00419	-9.01803	-7.01385
BLOCK22/SES223/SA223S22	SES143	-1.11663	-8.02332	-6.90668
BLOCK22/SES223/SA223S22	SES144	-2.51913	-9.42581	-6.90668
BLOCK22/SES223/SA223S22	SES175	-0.961751	-7.86843	-6.90668
BLOCK22/SES223/SA223S22	SES187	-1.90158	-8.80826	-6.90668
BLOCK22/SES223/SA223S25	SES068	-1.82342	-8.49722	-6.6738
BLOCK22/SES223/SA223S25	SES143	-2.4855	-9.1593	-6.6738
BLOCK22/SES223/SA223S25	SES175	-1.93647	-8.61026	-6.6738
BLOCK22/SES223/SA223S25	SES187	-2.8492	-9.523	-6.6738
BLOCK22/SES223/SA223S27	SES143	-1.15631	-8.44017	-7.28386
BLOCK22/SES223/SA223S27	SES146	-2.55546	-9.83932	-7.28386
BLOCK22/SES223/SA223S27	SES187	-2.3414	-9.62526	-7.28386
BLOCK22/SES223/SA223S27	SES292	-1.39253	-8.67639	-7.28386
BLOCK27/SES273/SA273S12	SES099	-0.542651	-7.39999	-6.85734
BLOCK27/SES273/SA273S12	SES104	-0.353109	-7.21044	-6.85734
BLOCK27/SES273/SA273S12	SES125	-1.0734	-7.93073	-6.85734
BLOCK27/SES273/SA273S12	SES206	-0.620348	-7.47768	-6.85734
BLOCK27/SES273/SA273S13	SES099	-1.6736	-8.22058	-6.54697
BLOCK27/SES273/SA273S13	SES104	-0.56807	-7.11504	-6.54697
BLOCK27/SES273/SA273S13	SES206	-2.31878	-8.86575	-6.54697
BLOCK27/SES273/SA273S13	SES292	-1.31617	-7.86314	-6.54697
BLOCK27/SES273/SA273S21	SES099	-0.672812	-8.137	-7.46419
BLOCK27/SES273/SA273S21	SES148	-2.49534	-9.95953	-7.46419
BLOCK27/SES273/SA273S21	SES149	-2.0887	-9.5529	-7.46419
BLOCK27/SES273/SA273S21	SES177	-2.4507	-9.9149	-7.46419
BLOCK27/SES273/SA273S25	SES104	-1.19241	-8.76561	-7.5732
BLOCK27/SES273/SA273S25	SES125	-1.76929	-9.34249	-7.5732
BLOCK27/SES273/SA273S25	SES158	-0.696146	-8.26935	-7.5732
BLOCK27/SES273/SA273S25	SES206	-0.907894	-8.4811	-7.5732
BLOCK27/SES273/SA273S27	SES099	-1.11038	-7.05957	-5.94919
BLOCK27/SES273/SA273S27	SES104	-1.10336	-7.05255	-5.94919
BLOCK27/SES273/SA273S27	SES149	-1.77194	-7.72113	-5.94919
BLOCK27/SES273/SA273S27	SES275	-1.80788	-7.75707	-5.94919
BLOCK27/SES274/SA274S10	SES105	-2.21051	-8.40497	-6.19446
BLOCK27/SES274/SA274S10	SES125	-2.78889	-8.98335	-6.19446
BLOCK27/SES274/SA274S10	SES129	-0.357462	-6.55192	-6.19446
BLOCK27/SES274/SA274S10	SES158	-5.56301	-11.7575	-6.19446
BLOCK27/SES274/SA274S11	SES105	-1.45874	-7.52974	-6.071
BLOCK27/SES274/SA274S11	SES149	-1.17058	-7.24158	-6.071
BLOCK27/SES274/SA274S11	SES158	-1.90097	-7.97197	-6.071
BLOCK27/SES274/SA274S11	SES275	-0.689364	-6.76036	-6.071
BLOCK27/SES274/SA274S21	SES105	-1.60896	-7.80588	-6.19691
BLOCK27/SES274/SA274S21	SES129	-0.313922	-6.51084	-6.19691
BLOCK27/SES274/SA274S21	SES149	-2.43461	-8.63152	-6.19691
BLOCK27/SES274/SA274S21	SES158	-4.64404	-10.841	-6.19691
BLOCK27/SES274/SA274S24	SES105	-2.07861	-9.13483	-7.05622
BLOCK27/SES274/SA274S24	SES129	-0.565744	-7.62196	-7.05622
BLOCK27/SES274/SA274S24	SES149	-3.02525	-10.0815	-7.05622
BLOCK27/SES274/SA274S24	SES158	-6.24068	-13.2969	-7.05622
BLOCK27/SES274/SA274S29	SES105	-2.19305	-8.91082	-6.71776
BLOCK27/SES274/SA274S29	SES106	-2.58257	-9.30033	-6.71776
BLOCK27/SES274/SA274S29	SES120	-1.12258	-7.84034	-6.71776
BLOCK27/SES274/SA274S29	SES275	-0.982532	-7.70029	-6.71776
BLOCK27/SES276/SA276S16	SES148	-1.00312	-7.33816	-6.33504
BLOCK27/SES276/SA276S16	SES172	-0.665293	-7.00034	-6.33504
BLOCK27/SES276/SA276S16	SES180	-1.27757	-7.61262	-6.33504
BLOCK27/SES276/SA276S16	SES292	-1.3685	-7.70355	-6.33504
BLOCK27/SES276/SA276S17	SES101	-1.53063	-8.44973	-6.9191
BLOCK27/SES276/SA276S17	SES177	-2.50943	-9.42853	-6.9191
BLOCK27/SES276/SA276S17	SES180	-1.97181	-8.89091	-6.9191
BLOCK27/SES276/SA276S17	SES292	-1.74924	-8.66833	-6.9191
BLOCK27/SES276/SA276S24	SES101	-1.22137	-7.19823	-5.97686
BLOCK27/SES276/SA276S24	SES177	-1.53885	-7.51572	-5.97686
BLOCK27/SES276/SA276S24	SES180	-1.69457	-7.67143	-5.97686
BLOCK27/SES276/SA276S24	SES292	-1.72421	-7.70108	-5.97686
BLOCK27/SES276/SA276S26	SES101	-1.52607	-7.66367	-6.1376
BLOCK27/SES276/SA276S26	SES177	-1.57022	-7.70782	-6.1376
BLOCK27/SES276/SA276S26	SES180	-1.59642	-7.73402	-6.1376
BLOCK27/SES276/SA276S26	SES292	-0.729177	-6.86677	-6.1376
BLOCK27/SES276/SA276S28	SES101	-0.790767	-7.14167	-6.3509
BLOCK27/SES276/SA276S28	SES177	-1.61406	-7.96496	-6.3509
BLOCK27/SES276/SA276S28	SES180	-0.807825	-7.15873	-6.3509
BLOCK27/SES276/SA276S28	SES292	-1.15015	-7.50105	-6.3509
BLOCK27/SES277/SA277S12	SES101	-0.99778	-9.0512	-8.05342
BLOCK27/SES277/SA277S12	SES177	-2.60393	-10.6574	-8.05342
BLOCK27/SES277/SA277S12	SES180	-2.90396	-10.9574	-8.05342
BLOCK27/SES277/SA277S12	SES292	-2.56744	-10.6209	-8.05342
BLOCK27/SES277/SA277S14	SES177	-1.81703	-10.0863	-8.26931
BLOCK27/SES277/SA277S14	SES180	-2.86216	-11.1315	-8.26931
BLOCK27/SES277/SA277S14	SES189	-0.5725	-8.84181	-8.26931
BLOCK27/SES277/SA277S14	SES292	-3.12023	-11.3895	-8.26931
BLOCK27/SES277/SA277S21	SES177	-1.58204	-9.66094	-8.0789
BLOCK27/SES277/SA277S21	SES180	-1.89927	-9.97817	-8.0789
BLOCK27/SES277/SA277S21	SES189	-0.219865	-8.29877	-8.0789
BLOCK27/SES277/SA277S21	SES292	-3.98747	-12.0664	-8.0789
BLOCK27/SES277/SA277S24	SES144	-1.34752	-9.76255	-8.41503
BLOCK27/SES277/SA277S24	SES177	-1.91783	-10.3329	-8.41503
BLOCK27/SES277/SA277S24	SES180	-3.36478	-11.7798	-8.41503
BLOCK27/SES277/SA277S24	SES189	-0.436498	-8.85153	-8.41503
BLOCK27/SES277/SA277S29	SES177	-1.68265	-7.54038	-5.85774
BLOCK27/SES277/SA277S29	SES180	-1.44121	-7.29894	-5.85774
BLOCK27/SES277/SA277S29	SES202	-1.2058	-7.06354	-5.85774
BLOCK27/SES277/SA277S29	SES292	-1.96864	-7.82637	-5.85774
BLOCK27/SES279/SA279S09	SES120	-1.4887	-7.61483	-6.12613
BLOCK27/SES279/SA279S09	SES146	-1.81882	-7.94495	-6.12613
BLOCK27/SES279/SA279S09	SES206	-1.48777	-7.6139	-6.12613
BLOCK27/SES279/SA279S09	SES226	-2.06828	-8.19441	-6.12613
BLOCK27/SES279/SA279S10	SES099	-1.66307	-8.46797	-6.8049
BLOCK27/SES279/SA279S10	SES206	-2.31532	-9.12022	-6.8049
BLOCK27/SES279/SA279S10	SES226	-3.06257	-9.86747	-6.8049
BLOCK27/SES279/SA279S10	SES292	-0.930738	-7.73564	-6.8049
BLOCK27/SES279/SA279S20	SES099	-2.57855	-9.64306	-7.06451
BLOCK27/SES279/SA279S20	SES206	-1.11301	-8.17751	-7.06451
BLOCK27/SES279/SA279S20	SES226	-3.26334	-10.3279	-7.06451
BLOCK27/SES279/SA279S20	SES292	-1.15264	-8.21714	-7.06451
BLOCK27/SES279/SA279S26	SES099	-1.54026	-8.98702	-7.44676
BLOCK27/SES279/SA279S26	SES206	-1.74556	-9.19232	-7.44676
BLOCK27/SES279/SA279S26	SES226	-2.9118	-10.3586	-7.44676
BLOCK27/SES279/SA279S26	SES292	-0.138311	-7.58507	-7.44676
BLOCK27/SES279/SA279S28	SES099	-1.21059	-7.2076	-5.99701
BLOCK27/SES279/SA279S28	SES120	-1.24821	-7.24522	-5.99701
BLOCK27/SES279/SA279S28	SES177	-2.65857	-8.65558	-5.99701
BLOCK27/SES279/SA279S28	SES206	-1.70915	-7.70616	-5.99701
BLOCK29/SES290/SA290S12	SES162	-0.63955	-5.94759	-5.30804
BLOCK29/SES290/SA290S12	SES177	-0.895157	-6.2032	-5.30804
BLOCK29/SES290/SA290S12	SES180	-1.23024	-6.53829	-5.30804
BLOCK29/SES290/SA290S12	SES292	-1.73725	-7.04529	-5.30804
BLOCK29/SES290/SA290S13	SES007	-0.844419	-6.60574	-5.76132
BLOCK29/SES290/SA290S13	SES162	-2.02669	-7.78801	-5.76132
BLOCK29/SES290/SA290S13	SES177	-1.75754	-7.51886	-5.76132
BLOCK29/SES290/SA290S13	SES180	-1.15533	-6.91665	-5.76132
BLOCK29/SES290/SA290S22	SES177	-1.38266	-7.5376	-6.15494
BLOCK29/SES290/SA290S22	SES180	-1.14162	-7.29657	-6.15494
BLOCK29/SES290/SA290S22	SES202	-1.24379	-7.39873	-6.15494
BLOCK29/SES290/SA290S22	SES292	-1.04563	-7.20057	-6.15494
BLOCK29/SES290/SA290S25	SES162	-1.24234	-7.08199	-5.83965
BLOCK29/SES290/SA290S25	SES177	-1.56808	-7.40773	-5.83965
BLOCK29/SES290/SA290S25	SES180	-1.44854	-7.28819	-5.83965
BLOCK29/SES290/SA290S25	SES292	-1.30693	-7.14657	-5.83965
BLOCK29/SES290/SA290S29	SES177	-1.17698	-6.9683	-5.79132
BLOCK29/SES290/SA290S29	SES180	-0.484649	-6.27597	-5.79132
BLOCK29/SES290/SA290S29	SES275	-1.13674	-6.92806	-5.79132
BLOCK29/SES290/SA290S29	SES292	-0.965413	-6.75673	-5.79132
BLOCK29/SES291/SA291S11	SES105	-2.71106	-10.1606	-7.44958
BLOCK29/SES291/SA291S11	SES125	-2.15548	-9.60507	-7.44958
BLOCK29/SES291/SA291S11	SES158	-0.991201	-8.44079	-7.44958
BLOCK29/SES291/SA291S11	SES275	-1.59374	-9.04333	-7.44958
BLOCK29/SES291/SA291S12	SES158	-0.0533137	-6.74891	-6.6956
BLOCK29/SES291/SA291S12	SES226	-1.58768	-8.28327	-6.6956
BLOCK29/SES291/SA291S12	SES270	-1.47787	-8.17347	-6.6956
BLOCK29/SES291/SA291S12	SES275	-2.93438	-9.62998	-6.6956
BLOCK29/SES291/SA291S22	SES082	-1.49655	-8.60572	-7.10917
BLOCK29/SES291/SA291S22	SES158	-0.928844	-8.03801	-7.10917
BLOCK29/SES291/SA291S22	SES259	-1.75737	-8.86654	-7.10917
BLOCK29/SES291/SA291S22	SES275	-2.28697	-9.39614	-7.10917
BLOCK29/SES291/SA291S24	SES104	-0.253994	-6.9266	-6.6726
BLOCK29/SES291/SA291S24	SES125	-1.05528	-7.72788	-6.6726
BLOCK29/SES291/SA291S24	SES158	-0.560884	-7.23349	-6.6726
BLOCK29/SES291/SA291S24	SES275	-2.03485	-8.70745	-6.6726
BLOCK29/SES291/SA291S27	SES158	-0.424545	-6.98755	-6.563
BLOCK29/SES291/SA291S27	SES172	-2.7041	-9.26711	-6.563
BLOCK29/SES291/SA291S27	SES275	-2.30162	-8.86463	-6.563
BLOCK29/SES291/SA291S27	SES292	-0.910454	-7.47346	-6.563
