BLOCK00/SES002/SA002S12	SES002	0.0908852	15.9142	15.8233
BLOCK00/SES002/SA002S13	SES002	0.29094	15.5119	15.221
BLOCK00/SES002/SA002S23	SES002	-0.0172186	15.8286	15.8458
BLOCK00/SES002/SA002S26	SES002	0.12195	16.9933	16.8713
BLOCK00/SES002/SA002S28	SES002	-0.728617	14.1013	14.8299
BLOCK00/SES007/SA007S14	SES007	0.819183	18.1348	17.3156
BLOCK00/SES007/SA007S15	SES007	-0.358157	15.5606	15.9188
BLOCK00/SES007/SA007S24	SES007	-0.177577	15.3799	15.5575
BLOCK00/SES007/SA007S27	SES007	-0.0842466	14.96	15.0443
BLOCK00/SES007/SA007S29	SES007	-0.060215	16.2002	16.2605
BLOCK00/SES008/SA008S11	SES008	0.401301	15.8249	15.4236
BLOCK00/SES008/SA008S12	SES008	-0.93955	14.1478	15.0874
BLOCK00/SES008/SA008S19	SES008	0.919828	17.2932	16.3734
BLOCK00/SES008/SA008S22	SES008	-1.02881	14.0878	15.1166
BLOCK00/SES008/SA008S29	SES008	0.241985	16.5436	16.3017
BLOCK01/SES014/SA014S10	SES014	1.35989	16.8234	15.4635
BLOCK01/SES014/SA014S12	SES014	2.51855	20.0068	17.4882
BLOCK01/SES014/SA014S24	SES014	0.405987	16.9785	16.5725
BLOCK01/SES014/SA014S26	SES014	1.68801	20.3393	18.6513
BLOCK01/SES014/SA014S28	SES014	3.3181	21.198	17.8799
BLOCK01/SES016/SA016S12	SES016	-0.941068	12.8321	13.7731
BLOCK01/SES016/SA016S13	SES016	0.37725	16.0002	15.6229
BLOCK01/SES016/SA016S22	SES016	-0.356883	15.4584	15.8152
BLOCK01/SES016/SA016S25	SES016	1.13542	18.3734	17.238
BLOCK01/SES016/SA016S27	SES016	0.417744	18.0928	17.675
BLOCK01/SES019/SA019S13	SES019	1.5189	14.8529	13.334
BLOCK01/SES019/SA019S14	SES019	1.0802	15.1284	14.0482
BLOCK01/SES019/SA019S22	SES019	1.71273	15.1609	13.4482
BLOCK01/SES019/SA019S25	SES019	1.67611	15.5364	13.8603
BLOCK01/SES019/SA019S29	SES019	2.31478	16.3181	14.0033
BLOCK02/SES029/SA029S11	SES029	0.392635	16.3704	15.9777
BLOCK02/SES029/SA029S12	SES029	-0.890784	15.8943	16.7851
BLOCK02/SES029/SA029S20	SES029	0.0130301	15.8465	15.8334
BLOCK02/SES029/SA029S25	SES029	0.178026	17.1825	17.0044
BLOCK02/SES029/SA029S28	SES029	-1.1076	15.5497	16.6573
BLOCK04/SES042/SA042S12	SES042	1.0462	16.9624	15.9162
BLOCK04/SES042/SA042S15	SES042	1.58505	17.4319	15.8469
BLOCK04/SES042/SA042S22	SES042	1.8241	19.7261	17.902
BLOCK04/SES042/SA042S25	SES042	0.328378	15.375	15.0466
BLOCK04/SES042/SA042S27	SES042	1.06217	17.5716	16.5094
BLOCK04/SES048/SA048S11	SES048	1.0011	17.2437	16.2426
BLOCK04/SES048/SA048S12	SES048	-0.257729	16.6728	16.9305
BLOCK04/SES048/SA048S20	SES048	-0.793129	16.1553	16.9484
BLOCK04/SES048/SA048S23	SES048	0.091629	15.2331	15.1415
BLOCK04/SES048/SA048S27	SES048	-0.1327	17.8996	18.0323
BLOCK06/SES060/SA060S11	SES060	0.297937	17.2632	16.9652
BLOCK06/SES060/SA060S12	SES060	-2.78432	13.0844	15.8687
BLOCK06/SES060/SA060S22	SES060	-1.72679	12.8029	14.5297
BLOCK06/SES060/SA060S24	SES060	-0.32251	16.2853	16.6078
BLOCK06/SES060/SA060S28	SES060	0.164049	18.9301	18.7661
BLOCK06/SES062/SA062S10	SES062	-0.0834179	16.5875	16.6709
BLOCK06/SES062/SA062S11	SES062	-0.0445843	16.3501	16.3947
BLOCK06/SES062/SA062S21	SES062	0.524921	19.5247	18.9998
BLOCK06/SES062/SA062S26	SES062	-0.113747	17.7239	17.8377
BLOCK06/SES062/SA062S29	SES062	0.819065	19.3333	18.5142
BLOCK06/SES068/SA068S14	SES068	-0.908892	16.0992	17.0081
BLOCK06/SES068/SA068S15	SES068	0.0742149	18.0719	17.9977
BLOCK06/SES068/SA068S23	SES068	-0.845708	15.1068	15.9525
BLOCK06/SES068/SA068S27	SES068	0.752533	18.7934	18.0409
BLOCK06/SES068/SA068S29	SES068	-0.569641	16.1551	16.7247
BLOCK08/SES082/SA082S12	SES082	-1.62548	13.3754	15.0009
BLOCK08/SES082/SA082S14	SES082	-1.17224	13.7715	14.9438
BLOCK08/SES082/SA082S21	SES082	-1.02609	14.1555	15.1816
BLOCK08/SES082/SA082S24	SES082	-1.16767	15.3077	16.4753
BLOCK08/SES082/SA082S28	SES082	-0.947066	14.4728	15.4199
BLOCK08/SES083/SA083S14	SES083	-2.10983	14.2143	16.3241
BLOCK08/SES083/SA083S15	SES083	-0.854361	16.1572	17.0115
BLOCK08/SES083/SA083S24	SES083	-0.874359	15.7649	16.6392
BLOCK08/SES083/SA083S26	SES083	-0.377048	15.4539	15.8309
BLOCK08/SES083/SA083S29	SES083	-1.13468	16.2335	17.3682
BLOCK08/SES085/SA085S10	SES085	-1.07139	16.0226	17.094
BLOCK08/SES085/SA085S13	SES085	-1.85092	14.4604	16.3113
BLOCK08/SES085/SA085S22	SES085	-1.44501	16.9768	18.4218
BLOCK08/SES085/SA085S26	SES085	-1.47145	15.8894	17.3609
BLOCK08/SES085/SA085S28	SES085	0.196386	16.811	16.6146
BLOCK08/SES087/SA087S15	SES087	0.319194	15.6258	15.3066
BLOCK08/SES087/SA087S16	SES087	1.07764	16.0557	14.9781
BLOCK08/SES087/SA087S24	SES087	0.650517	16.1568	15.5063
BLOCK08/SES087/SA087S26	SES087	-0.0141945	16.3763	16.3905
BLOCK08/SES087/SA087S29	SES087	0.489491	15.5482	15.0587
BLOCK09/SES099/SA099S15	SES099	0.782142	15.9546	15.1725
BLOCK09/SES099/SA099S16	SES099	0.909835	15.9516	15.0418
BLOCK09/SES099/SA099S24	SES099	0.622454	16.2055	15.5831
BLOCK09/SES099/SA099S26	SES099	0.981584	16.467	15.4854
BLOCK09/SES099/SA099S29	SES099	1.3858	17.4268	16.041
BLOCK10/SES101/SA101S11	SES101	-1.1443	15.4345	16.5788
BLOCK10/SES101/SA101S13	SES101	0.511328	18.1243	17.613
BLOCK10/SES101/SA101S22	SES101	-0.00426102	16.1424	16.1467
BLOCK10/SES101/SA101S24	SES101	-0.575768	15.5075	16.0832
BLOCK10/SES101/SA101S28	SES101	-0.925456	14.905	15.8305
BLOCK10/SES104/SA104S11	SES104	0.39798	18.1258	17.7278
BLOCK10/SES104/SA104S12	SES104	0.699337	16.7071	16.0077
BLOCK10/SES104/SA104S21	SES104	0.265845	16.0515	15.7857
BLOCK10/SES104/SA104S24	SES104	-0.612289	15.3724	15.9847
BLOCK10/SES104/SA104S28	SES104	-0.178556	16.5196	16.6982
BLOCK10/SES105/SA105S12	SES105	0.085763	14.456	14.3702
BLOCK10/SES105/SA105S13	SES105	0.603042	15.3362	14.7332
BLOCK10/SES105/SA105S22	SES105	-0.629552	13.2203	13.8498
BLOCK10/SES105/SA105S26	SES105	0.837208	15.3919	14.5547
BLOCK10/SES105/SA105S29	SES105	0.526912	15.9648	15.4379
BLOCK10/SES106/SA106S09	SES106	-0.159354	13.7411	13.9005
BLOCK10/SES106/SA106S11	SES106	0.744928	16.4646	15.7197
BLOCK10/SES106/SA106S22	SES106	1.70727	16.9745	15.2673
BLOCK10/SES106/SA106S27	SES106	0.22839	15.0271	14.7987
BLOCK10/SES106/SA106S29	SES106	0.319095	15.0352	14.7161
BLOCK11/SES117/SA117S12	SES117	0.219715	15.5327	15.3129
BLOCK11/SES117/SA117S13	SES117	-0.703921	15.5295	16.2334
BLOCK11/SES117/SA117S23	SES117	0.767531	14.3886	13.6211
BLOCK11/SES117/SA117S25	SES117	-0.299483	14.2494	14.5489
BLOCK11/SES117/SA117S28	SES117	-0.0151281	13.9995	14.0146
BLOCK12/SES120/SA120S08	SES120	0.146195	13.071	12.9248
BLOCK12/SES120/SA120S11	SES120	-0.522589	10.9616	11.4842
BLOCK12/SES120/SA120S22	SES120	-1.259	14.478	15.737
BLOCK12/SES120/SA120S24	SES120	-0.15788	14.0437	14.2016
BLOCK12/SES120/SA120S28	SES120	-1.57588	10.8945	12.4703
BLOCK12/SES125/SA125S13	SES125	0.79516	15.9971	15.202
BLOCK12/SES125/SA125S14	SES125	-0.0528469	14.8135	14.8664
BLOCK12/SES125/SA125S25	SES125	0.969013	17.1168	16.1478
BLOCK12/SES125/SA125S27	SES125	0.0874557	17.2606	17.1732
BLOCK12/SES125/SA125S29	SES125	1.01707	16.2946	15.2775
BLOCK12/SES127/SA127S11	SES127	-0.371501	15.0639	15.4354
BLOCK12/SES127/SA127S12	SES127	-0.997533	15.4979	16.4955
BLOCK12/SES127/SA127S23	SES127	-0.40577	15.9273	16.3331
BLOCK12/SES127/SA127S25	SES127	-1.55484	14.3611	15.9159
BLOCK12/SES127/SA127S27	SES127	-0.15834	16.199	16.3573
BLOCK12/SES129/SA129S11	SES129	0.927336	17.7931	16.8658
BLOCK12/SES129/SA129S12	SES129	0.36841	17.2253	16.8569
BLOCK12/SES129/SA129S22	SES129	-0.186456	15.4361	15.6226
BLOCK12/SES129/SA129S27	SES129	0.653736	16.9783	16.3246
BLOCK12/SES129/SA129S29	SES129	0.350962	17.0107	16.6597
BLOCK14/SES142/SA142S11	SES142	1.11771	15.6816	14.5638
BLOCK14/SES142/SA142S12	SES142	-0.49236	14.0655	14.5579
BLOCK14/SES142/SA142S24	SES142	0.46047	15.4834	15.023
BLOCK14/SES142/SA142S27	SES142	1.27393	16.6127	15.3388
BLOCK14/SES142/SA142S29	SES142	1.08647	15.4099	14.3235
BLOCK14/SES143/SA143S12	SES143	0.0797653	14.9861	14.9064
BLOCK14/SES143/SA143S13	SES143	-0.222422	14.5478	14.7702
BLOCK14/SES143/SA143S23	SES143	0.24517	14.848	14.6028
BLOCK14/SES143/SA143S25	SES143	0.269427	15.3993	15.1299
BLOCK14/SES143/SA143S28	SES143	0.00150013	14.5712	14.5697
BLOCK14/SES144/SA144S09	SES144	-0.036623	15.8679	15.9045
BLOCK14/SES144/SA144S11	SES144	0.162762	15.2448	15.0821
BLOCK14/SES144/SA144S21	SES144	-1.44438	14.0774	15.5217
BLOCK14/SES144/SA144S25	SES144	-0.855486	13.5293	14.3848
BLOCK14/SES144/SA144S29	SES144	-0.693132	15.3411	16.0343
BLOCK14/SES146/SA146S14	SES146	-0.629664	14.1482	14.7779
BLOCK14/SES146/SA146S15	SES146	-0.814244	13.9455	14.7597
BLOCK14/SES146/SA146S24	SES146	0.0421648	14.9118	14.8697
BLOCK14/SES146/SA146S26	SES146	0.252819	14.9506	14.6977
BLOCK14/SES146/SA146S29	SES146	-0.408813	13.803	14.2119
BLOCK14/SES147/SA147S11	SES147	0.613644	15.3365	14.7229
BLOCK14/SES147/SA147S13	SES147	0.785643	15.7363	14.9507
BLOCK14/SES147/SA147S23	SES147	-0.351995	14.9661	15.3181
BLOCK14/SES147/SA147S26	SES147	-0.0783339	15.0455	15.1238
BLOCK14/SES147/SA147S28	SES147	0.491383	15.2898	14.7984
BLOCK14/SES148/SA148S10	SES148	0.614002	15.2062	14.5922
BLOCK14/SES148/SA148S12	SES148	-0.316585	13.5809	13.8975
BLOCK14/SES148/SA148S22	SES148	1.51129	16.952	15.4407
BLOCK14/SES148/SA148S26	SES148	-1.12094	15.1907	16.3116
BLOCK14/SES148/SA148S29	SES148	-0.212092	14.8365	15.0486
BLOCK14/SES149/SA149S13	SES149	-1.65598	14.2929	15.9489
BLOCK14/SES149/SA149S14	SES149	-0.612791	16.0046	16.6174
BLOCK14/SES149/SA149S24	SES149	0.213142	16.8192	16.6061
BLOCK14/SES149/SA149S26	SES149	1.14141	18.2345	17.0931
BLOCK14/SES149/SA149S28	SES149	0.954062	19.2157	18.2616
BLOCK15/SES158/SA158S13	SES158	0.181037	13.9741	13.793
BLOCK15/SES158/SA158S14	SES158	2.21207	15.7661	13.554
BLOCK15/SES158/SA158S23	SES158	0.195585	14.6197	14.4242
BLOCK15/SES158/SA158S26	SES158	1.62042	15.0172	13.3968
BLOCK15/SES158/SA158S28	SES158	0.12159	14.0459	13.9243
BLOCK16/SES162/SA162S10	SES162	-0.438766	12.8701	13.3089
BLOCK16/SES162/SA162S11	SES162	0.195808	16.3461	16.1503
BLOCK16/SES162/SA162S21	SES162	0.662944	16.3731	15.7102
BLOCK16/SES162/SA162S24	SES162	-0.0081234	15.295	15.3031
BLOCK16/SES162/SA162S27	SES162	0.0873308	14.9108	14.8235
BLOCK16/SES167/SA167S14	SES167	-0.290014	17.0944	17.3844
BLOCK16/SES167/SA167S15	SES167	-0.36662	15.5329	15.8995
BLOCK16/SES167/SA167S21	SES167	0.838723	16.8377	15.9989
BLOCK16/SES167/SA167S25	SES167	0.541115	15.4628	14.9217
BLOCK16/SES167/SA167S29	SES167	1.2443	17.9657	16.7214
BLOCK17/SES172/SA172S12	SES172	0.479504	16.7449	16.2654
BLOCK17/SES172/SA172S13	SES172	0.64497	16.3767	15.7317
BLOCK17/SES172/SA172S23	SES172	0.338276	17.7229	17.3846
BLOCK17/SES172/SA172S27	SES172	0.371853	16.7218	16.3499
BLOCK17/SES172/SA172S29	SES172	0.805271	17.1104	16.3051
BLOCK17/SES175/SA175S11	SES175	-0.645129	15.416	16.0611
BLOCK17/SES175/SA175S13	SES175	0.293805	15.9139	15.6201
BLOCK17/SES175/SA175S23	SES175	0.242039	15.8998	15.6578
BLOCK17/SES175/SA175S25	SES175	-0.447663	13.7912	14.2389
BLOCK17/SES175/SA175S28	SES175	-0.189753	16.3579	16.5476
BLOCK17/SES177/SA177S15	SES177	-0.485641	15.5763	16.0619
BLOCK17/SES177/SA177S17	SES177	-1.08573	15.3469	16.4326
BLOCK17/SES177/SA177S23	SES177	-1.57859	14.2026	15.7812
BLOCK17/SES177/SA177S26	SES177	-0.470034	17.3219	17.7919
BLOCK17/SES177/SA177S28	SES177	-0.154699	16.4321	16.5868
BLOCK18/SES180/SA180S13	SES180	-1.34844	14.4776	15.826
BLOCK18/SES180/SA180S15	SES180	-0.874062	14.8594	15.7334
BLOCK18/SES180/SA180S24	SES180	-0.769905	16.6926	17.4625
BLOCK18/SES180/SA180S26	SES180	-0.26523	16.0159	16.2812
BLOCK18/SES180/SA180S29	SES180	0.0957108	15.619	15.5233
BLOCK18/SES183/SA183S13	SES183	0.325982	14.4667	14.1408
BLOCK18/SES183/SA183S14	SES183	-1.17393	13.3179	14.4919
BLOCK18/SES183/SA183S24	SES183	0.751407	13.8986	13.1472
BLOCK18/SES183/SA183S27	SES183	0.216166	14.3009	14.0847
BLOCK18/SES183/SA183S29	SES183	-0.0612812	15.3989	15.4602
BLOCK18/SES187/SA187S13	SES187	-0.526442	15.313	15.8394
BLOCK18/SES187/SA187S14	SES187	-0.565075	14.3777	14.9428
BLOCK18/SES187/SA187S24	SES187	1.08746	14.9483	13.8608
BLOCK18/SES187/SA187S27	SES187	0.00233078	14.9314	14.929
BLOCK18/SES187/SA187S29	SES187	0.135872	15.9626	15.8267
BLOCK18/SES189/SA189S10	SES189	1.26438	15.0365	13.7722
BLOCK18/SES189/SA189S13	SES189	1.38028	14.7218	13.3415
BLOCK18/SES189/SA189S24	SES189	2.13128	15.2155	13.0842
BLOCK18/SES189/SA189S26	SES189	0.722735	15.3593	14.6366
BLOCK18/SES189/SA189S29	SES189	1.48593	15.4713	13.9854
BLOCK20/SES202/SA202S12	SES202	-0.784744	11.6689	12.4536
BLOCK20/SES202/SA202S14	SES202	1.56121	15.4602	13.899
BLOCK20/SES202/SA202S24	SES202	0.117257	14.9515	14.8342
BLOCK20/SES202/SA202S27	SES202	0.59589	17.0755	16.4796
BLOCK20/SES202/SA202S29	SES202	1.01981	16.3447	15.3249
BLOCK20/SES206/SA206S15	SES206	-1.67631	14.9308	16.6071
BLOCK20/SES206/SA206S17	SES206	0.181946	17.517	17.3351
BLOCK20/SES206/SA206S24	SES206	0.300249	17.806	17.5058
BLOCK20/SES206/SA206S27	SES206	0.675816	16.6399	15.9641
BLOCK20/SES206/SA206S29	SES206	0.436266	18.1763	17.74
BLOCK22/SES226/SA226S12	SES226	0.792534	15.7721	14.9795
BLOCK22/SES226/SA226S13	SES226	-2.01052	12.6988	14.7093
BLOCK22/SES226/SA226S20	SES226	0.329226	15.2803	14.951
BLOCK22/SES226/SA226S23	SES226	-0.0410032	15.523	15.564
BLOCK22/SES226/SA226S28	SES226	0.842811	16.2349	15.3921
BLOCK25/SES259/SA259S13	SES259	2.61032	18.0112	15.4009
BLOCK25/SES259/SA259S14	SES259	1.28351	16.4183	15.1348
BLOCK25/SES259/SA259S22	SES259	1.04752	16.1436	15.0961
BLOCK25/SES259/SA259S24	SES259	1.33774	17.9302	16.5925
BLOCK25/SES259/SA259S28	SES259	1.31095	16.9764	15.6654
BLOCK27/SES270/SA270S14	SES270	1.47147	14.8356	13.3641
BLOCK27/SES270/SA270S16	SES270	-0.839658	14.0171	14.8568
BLOCK27/SES270/SA270S22	SES270	1.19441	15.7241	14.5297
BLOCK27/SES270/SA270S26	SES270	0.0207891	13.063	13.0422
BLOCK27/SES270/SA270S28	SES270	0.407736	15.4209	15.0131
BLOCK27/SES275/SA275S17	SES275	0.768151	15.8023	15.0342
BLOCK27/SES275/SA275S18	SES275	0.0426254	15.8986	15.8559
BLOCK27/SES275/SA275S24	SES275	0.107756	14.2267	14.1189
BLOCK27/SES275/SA275S26	SES275	0.666285	15.9332	15.2669
BLOCK27/SES275/SA275S28	SES275	-0.353605	15.522	15.8756
BLOCK29/SES292/SA292S10	SES292	-0.390891	14.8675	15.2584
BLOCK29/SES292/SA292S12	SES292	-0.953148	14.9773	15.9305
BLOCK29/SES292/SA292S22	SES292	-0.490581	15.976	16.4666
BLOCK29/SES292/SA292S24	SES292	-0.579949	15.5021	16.082
BLOCK29/SES292/SA292S27	SES292	-1.04725	15.7356	16.7828
BLOCK00/SES001/SA001S14	SES062	-3.7887	9.57942	13.3681
BLOCK00/SES001/SA001S14	SES082	-5.20721	8.16091	13.3681
BLOCK00/SES001/SA001S14	SES106	-3.89386	9.47426	13.3681
BLOCK00/SES001/SA001S14	SES206	-4.03056	9.33756	13.3681
BLOCK00/SES001/SA001S15	SES062	-3.86344	11.1434	15.0069
BLOCK00/SES001/SA001S15	SES104	-5.69668	9.31017	15.0069
BLOCK00/SES001/SA001S15	SES106	-4.1816	10.8253	15.0069
BLOCK00/SES001/SA001S15	SES206	-3.74365	11.2632	15.0069
BLOCK00/SES001/SA001S24	SES062	-5.60049	7.61768	13.2182
BLOCK00/SES001/SA001S24	SES082	-5.64107	7.57709	13.2182
BLOCK00/SES001/SA001S24	SES087	-3.8842	9.33397	13.2182
BLOCK00/SES001/SA001S24	SES206	-4.52023	8.69794	13.2182
BLOCK00/SES001/SA001S27	SES062	-3.16215	12.1878	15.3499
BLOCK00/SES001/SA001S27	SES082	-4.54011	10.8098	15.3499
BLOCK00/SES001/SA001S27	SES087	-3.412	11.9379	15.3499
BLOCK00/SES001/SA001S27	SES206	-3.54206	11.8079	15.3499
BLOCK00/SES001/SA001S29	SES062	-5.75361	8.20572	13.9593
BLOCK00/SES001/SA001S29	SES082	-3.89329	10.066	13.9593
BLOCK00/SES001/SA001S29	SES158	-3.67099	10.2883	13.9593
BLOCK00/SES001/SA001S29	SES206	-5.33072	8.6286	13.9593
BLOCK00/SES003/SA003S11	SES002	-2.81436	12.1662	14.9806
BLOCK00/SES003/SA003S11	SES019	-3.74659	11.234	14.9806
BLOCK00/SES003/SA003S11	SES082	-2.79402	12.1866	14.9806
BLOCK00/SES003/SA003S11	SES125	-3.6569	11.3237	14.9806
BLOCK00/SES003/SA003S15	SES016	-4.66111	11.4874	16.1485
BLOCK00/SES003/SA003S15	SES019	-4.43821	11.7103	16.1485
BLOCK00/SES003/SA003S15	SES062	-3.86154	12.2869	16.1485
BLOCK00/SES003/SA003S15	SES206	-3.78361	12.3649	16.1485
BLOCK00/SES003/SA003S22	SES002	-4.7897	10.8625	15.6522
BLOCK00/SES003/SA003S22	SES062	-3.40951	12.2427	15.6522
BLOCK00/SES003/SA003S22	SES082	-4.56	11.0922	15.6522
BLOCK00/SES003/SA003S22	SES087	-4.41173	11.2405	15.6522
BLOCK00/SES003/SA003S25	SES062	-5.39668	9.18316	14.5798
BLOCK00/SES003/SA003S25	SES082	-3.88203	10.6978	14.5798
BLOCK00/SES003/SA003S25	SES087	-4.15679	10.423	14.5798
BLOCK00/SES003/SA003S25	SES206	-3.88658	10.6933	14.5798
BLOCK00/SES003/SA003S29	SES002	-3.95261	10.5898	14.5424
BLOCK00/SES003/SA003S29	SES062	-4.37942	10.163	14.5424
BLOCK00/SES003/SA003S29	SES082	-3.47686	11.0656	14.5424
BLOCK00/SES003/SA003S29	SES087	-4.64346	9.89899	14.5424
BLOCK00/SES004/SA004S12	SES083	-4.94863	9.85181	14.8004
BLOCK00/SES004/SA004S12	SES148	-3.85145	10.949	14.8004
BLOCK00/SES004/SA004S12	SES172	-3.08155	11.7189	14.8004
BLOCK00/SES004/SA004S12	SES292	-3.22803	11.5724	14.8004
BLOCK00/SES004/SA004S17	SES083	-4.81102	9.83619	14.6472
BLOCK00/SES004/SA004S17	SES162	-3.79654	10.8507	14.6472
BLOCK00/SES004/SA004S17	SES172	-3.35972	11.2875	14.6472
BLOCK00/SES004/SA004S17	SES292	-3.9987	10.6485	14.6472
BLOCK00/SES004/SA004S24	SES083	-4.66492	10.3919	15.0568
BLOCK00/SES004/SA004S24	SES148	-4.36599	10.6908	15.0568
BLOCK00/SES004/SA004S24	SES172	-2.92118	12.1356	15.0568
BLOCK00/SES004/SA004S24	SES292	-3.43576	11.621	15.0568
BLOCK00/SES004/SA004S26	SES083	-4.74965	10.4222	15.1718
BLOCK00/SES004/SA004S26	SES127	-5.00721	10.1646	15.1718
BLOCK00/SES004/SA004S26	SES148	-6.1606	9.01124	15.1718
BLOCK00/SES004/SA004S26	SES292	-4.39946	10.7724	15.1718
BLOCK00/SES004/SA004S28	SES083	-4.43418	12.4365	16.8707
BLOCK00/SES004/SA004S28	SES127	-3.97921	12.8915	16.8707
BLOCK00/SES004/SA004S28	SES187	-2.71131	14.1594	16.8707
BLOCK00/SES004/SA004S28	SES292	-4.45343	12.4173	16.8707
BLOCK00/SES006/SA006S10	SES014	-7.05664	4.45523	11.5119
BLOCK00/SES006/SA006S10	SES158	-5.16003	6.35184	11.5119
BLOCK00/SES006/SA006S10	SES226	-8.01035	3.50152	11.5119
BLOCK00/SES006/SA006S10	SES270	-3.47539	8.03648	11.5119
BLOCK00/SES006/SA006S11	SES158	-3.94175	7.62742	11.5692
BLOCK00/SES006/SA006S11	SES226	-5.84623	5.72294	11.5692
BLOCK00/SES006/SA006S11	SES270	-3.69003	7.87913	11.5692
BLOCK00/SES006/SA006S11	SES275	-4.19797	7.37119	11.5692
BLOCK00/SES006/SA006S23	SES062	-3.26558	10.3754	13.641
BLOCK00/SES006/SA006S23	SES105	-4.52023	9.12076	13.641
BLOCK00/SES006/SA006S23	SES158	-4.09332	9.54768	13.641
BLOCK00/SES006/SA006S23	SES275	-4.32941	9.31158	13.641
BLOCK00/SES006/SA006S26	SES104	-6.40489	6.65308	13.058
BLOCK00/SES006/SA006S26	SES158	-3.19681	9.86116	13.058
BLOCK00/SES006/SA006S26	SES270	-1.96324	11.0947	13.058
BLOCK00/SES006/SA006S26	SES275	-4.42392	8.63405	13.058
BLOCK00/SES006/SA006S28	SES007	-4.90662	7.2716	12.1782
BLOCK00/SES006/SA006S28	SES105	-5.06793	7.1103	12.1782
BLOCK00/SES006/SA006S28	SES158	-4.03547	8.14275	12.1782
BLOCK00/SES006/SA006S28	SES275	-5.27617	6.90206	12.1782
BLOCK00/SES009/SA009S12	SES083	-5.83385	10.4083	16.2421
BLOCK00/SES009/SA009S12	SES148	-4.10844	12.1337	16.2421
BLOCK00/SES009/SA009S12	SES177	-3.45872	12.7834	16.2421
BLOCK00/SES009/SA009S12	SES292	-3.73208	12.5101	16.2421
BLOCK00/SES009/SA009S15	SES007	-1.87373	15.0343	16.9081
BLOCK00/SES009/SA009S15	SES099	-6.6596	10.2485	16.9081
BLOCK00/SES009/SA009S15	SES148	-4.27486	12.6332	16.9081
BLOCK00/SES009/SA009S15	SES172	-3.64225	13.2658	16.9081
BLOCK00/SES009/SA009S24	SES146	-3.29542	13.6454	16.9408
BLOCK00/SES009/SA009S24	SES148	-4.3433	12.5975	16.9408
BLOCK00/SES009/SA009S24	SES177	-2.39383	14.547	16.9408
BLOCK00/SES009/SA009S24	SES292	-3.43726	13.5036	16.9408
BLOCK00/SES009/SA009S26	SES083	-5.34144	10.4647	15.8061
BLOCK00/SES009/SA009S26	SES101	-4.82971	10.9764	15.8061
BLOCK00/SES009/SA009S26	SES120	-3.67878	12.1274	15.8061
BLOCK00/SES009/SA009S26	SES177	-3.24353	12.5626	15.8061
BLOCK00/SES009/SA009S29	SES083	-4.99902	11.7885	16.7875
BLOCK00/SES009/SA009S29	SES101	-4.59471	12.1928	16.7875
BLOCK00/SES009/SA009S29	SES177	-3.30246	13.4851	16.7875
BLOCK00/SES009/SA009S29	SES292	-3.01172	13.7758	16.7875
BLOCK01/SES011/SA011S10	SES019	-3.6619	11.5835	15.2454
BLOCK01/SES011/SA011S10	SES042	-1.95647	13.289	15.2454
BLOCK01/SES011/SA011S10	SES082	-4.99463	10.2508	15.2454
BLOCK01/SES011/SA011S10	SES206	-3.59932	11.6461	15.2454
BLOCK01/SES011/SA011S11	SES019	-4.37421	9.91393	14.2881
BLOCK01/SES011/SA011S11	SES042	-3.1217	11.1664	14.2881
BLOCK01/SES011/SA011S11	SES082	-5.19612	9.09203	14.2881
BLOCK01/SES011/SA011S11	SES206	-4.63513	9.65301	14.2881
BLOCK01/SES011/SA011S22	SES019	-3.28887	10.7837	14.0726
BLOCK01/SES011/SA011S22	SES042	-1.85283	12.2198	14.0726
BLOCK01/SES011/SA011S22	SES082	-4.28265	9.78997	14.0726
BLOCK01/SES011/SA011S22	SES206	-4.32586	9.74676	14.0726
BLOCK01/SES011/SA011S24	SES019	-4.20961	10.7443	14.954
BLOCK01/SES011/SA011S24	SES042	-2.11789	12.8361	14.954
BLOCK01/SES011/SA011S24	SES104	-4.10263	10.8513	14.954
BLOCK01/SES011/SA011S24	SES206	-3.49704	11.4569	14.954
BLOCK01/SES011/SA011S27	SES082	-3.02357	11.579	14.6026
BLOCK01/SES011/SA011S27	SES087	-4.64488	9.95771	14.6026
BLOCK01/SES011/SA011S27	SES125	-3.73014	10.8724	14.6026
BLOCK01/SES011/SA011S27	SES206	-3.34172	11.2609	14.6026
BLOCK01/SES012/SA012S11	SES007	-2.84257	14.7422	17.5848
BLOCK01/SES012/SA012S11	SES082	-4.96221	12.6226	17.5848
BLOCK01/SES012/SA012S11	SES083	-4.51245	13.0723	17.5848
BLOCK01/SES012/SA012S11	SES206	-3.75292	13.8319	17.5848
BLOCK01/SES012/SA012S14	SES082	-3.39302	13.2148	16.6078
BLOCK01/SES012/SA012S14	SES087	-4.83879	11.769	16.6078
BLOCK01/SES012/SA012S14	SES206	-2.87982	13.728	16.6078
BLOCK01/SES012/SA012S14	SES292	-3.62099	12.9868	16.6078
BLOCK01/SES012/SA012S24	SES082	-3.06019	12.8031	15.8633
BLOCK01/SES012/SA012S24	SES087	-5.409	10.4543	15.8633
BLOCK01/SES012/SA012S24	SES120	-4.40198	11.4613	15.8633
BLOCK01/SES012/SA012S24	SES206	-2.84774	13.0155	15.8633
BLOCK01/SES012/SA012S26	SES019	-6.10575	11.1716	17.2773
BLOCK01/SES012/SA012S26	SES082	-5.06302	12.2143	17.2773
BLOCK01/SES012/SA012S26	SES206	-2.17685	15.1005	17.2773
BLOCK01/SES012/SA012S26	SES292	-2.87178	14.4055	17.2773
BLOCK01/SES012/SA012S29	SES062	-4.18499	13.1326	17.3176
BLOCK01/SES012/SA012S29	SES082	-3.9052	13.4124	17.3176
BLOCK01/SES012/SA012S29	SES083	-5.36686	11.9507	17.3176
BLOCK01/SES012/SA012S29	SES206	-3.19522	14.1224	17.3176
BLOCK01/SES013/SA013S16	SES062	-4.95647	9.49239	14.4489
BLOCK01/SES013/SA013S16	SES106	-3.78208	10.6668	14.4489
BLOCK01/SES013/SA013S16	SES206	-3.54622	10.9026	14.4489
BLOCK01/SES013/SA013S16	SES226	-3.07831	11.3706	14.4489
BLOCK01/SES013/SA013S17	SES062	-4.75923	11.7272	16.4864
BLOCK01/SES013/SA013S17	SES106	-4.02335	12.463	16.4864
BLOCK01/SES013/SA013S17	SES206	-2.88395	13.6024	16.4864
BLOCK01/SES013/SA013S17	SES226	-3.60661	12.8798	16.4864
BLOCK01/SES013/SA013S23	SES104	-4.39257	10.856	15.2485
BLOCK01/SES013/SA013S23	SES106	-2.81383	12.4347	15.2485
BLOCK01/SES013/SA013S23	SES206	-2.84095	12.4076	15.2485
BLOCK01/SES013/SA013S23	SES270	-2.78091	12.4676	15.2485
BLOCK01/SES013/SA013S25	SES042	-3.83295	12.8956	16.7286
BLOCK01/SES013/SA013S25	SES104	-3.72732	13.0013	16.7286
BLOCK01/SES013/SA013S25	SES106	-3.34642	13.3822	16.7286
BLOCK01/SES013/SA013S25	SES206	-3.23181	13.4968	16.7286
BLOCK01/SES013/SA013S29	SES062	-5.54402	10.2364	15.7804
BLOCK01/SES013/SA013S29	SES104	-5.24921	10.5312	15.7804
BLOCK01/SES013/SA013S29	SES106	-2.61625	13.1642	15.7804
BLOCK01/SES013/SA013S29	SES206	-4.09609	11.6843	15.7804
BLOCK02/SES021/SA021S13	SES016	-6.3679	10.868	17.2359
BLOCK02/SES021/SA021S13	SES029	-3.94406	13.2919	17.2359
BLOCK02/SES021/SA021S13	SES087	-4.61595	12.62	17.2359
BLOCK02/SES021/SA021S13	SES206	-3.06933	14.1666	17.2359
BLOCK02/SES021/SA021S15	SES087	-3.62578	14.4695	18.0953
BLOCK02/SES021/SA021S15	SES125	-2.72605	15.3693	18.0953
BLOCK02/SES021/SA021S15	SES206	-2.90421	15.1911	18.0953
BLOCK02/SES021/SA021S15	SES226	-4.47288	13.6224	18.0953
BLOCK02/SES021/SA021S23	SES062	-5.14872	10.0649	15.2136
BLOCK02/SES021/SA021S23	SES087	-3.64793	11.5657	15.2136
BLOCK02/SES021/SA021S23	SES206	-3.54537	11.6682	15.2136
BLOCK02/SES021/SA021S23	SES226	-4.4212	10.7924	15.2136
BLOCK02/SES021/SA021S27	SES002	-3.44824	13.5557	17.004
BLOCK02/SES021/SA021S27	SES016	-6.62308	10.3809	17.004
BLOCK02/SES021/SA021S27	SES019	-3.90559	13.0984	17.004
BLOCK02/SES021/SA021S27	SES062	-3.37758	13.6264	17.004
BLOCK02/SES021/SA021S29	SES087	-3.6854	13.5144	17.1998
BLOCK02/SES021/SA021S29	SES125	-2.21308	14.9868	17.1998
BLOCK02/SES021/SA021S29	SES206	-2.3149	14.8849	17.1998
BLOCK02/SES021/SA021S29	SES226	-5.02446	12.1754	17.1998
BLOCK04/SES043/SA043S09	SES083	-4.07772	10.1397	14.2174
BLOCK04/SES043/SA043S09	SES101	-3.3532	10.8642	14.2174
BLOCK04/SES043/SA043S09	SES144	-2.77329	11.4441	14.2174
BLOCK04/SES043/SA043S09	SES172	-3.89596	10.3214	14.2174
BLOCK04/SES043/SA043S11	SES083	-3.41319	12.6348	16.048
BLOCK04/SES043/SA043S11	SES101	-3.22039	12.8276	16.048
BLOCK04/SES043/SA043S11	SES144	-1.99424	14.0538	16.048
BLOCK04/SES043/SA043S11	SES172	-3.43063	12.6174	16.048
BLOCK04/SES043/SA043S23	SES083	-4.13341	11.4795	15.6129
BLOCK04/SES043/SA043S23	SES144	-2.24654	13.3664	15.6129
BLOCK04/SES043/SA043S23	SES177	-4.23047	11.3825	15.6129
BLOCK04/SES043/SA043S23	SES275	-3.17661	12.4363	15.6129
BLOCK04/SES043/SA043S26	SES083	-4.22644	10.2867	14.5131
BLOCK04/SES043/SA043S26	SES101	-3.99958	10.5135	14.5131
BLOCK04/SES043/SA043S26	SES144	-1.89791	12.6152	14.5131
BLOCK04/SES043/SA043S26	SES177	-4.63148	9.88164	14.5131
BLOCK04/SES043/SA043S28	SES016	-4.94609	11.0272	15.9733
BLOCK04/SES043/SA043S28	SES083	-3.02765	12.9456	15.9733
BLOCK04/SES043/SA043S28	SES101	-2.6031	13.3702	15.9733
BLOCK04/SES043/SA043S28	SES144	-2.59905	13.3742	15.9733
BLOCK04/SES044/SA044S10	SES127	-6.53192	5.35103	11.883
BLOCK04/SES044/SA044S10	SES144	-2.60107	9.28188	11.883
BLOCK04/SES044/SA044S10	SES147	-5.07305	6.80991	11.883
BLOCK04/SES044/SA044S10	SES148	-5.81666	6.0663	11.883
BLOCK04/SES044/SA044S11	SES101	-3.18651	10.5421	13.7287
BLOCK04/SES044/SA044S11	SES144	-2.3142	11.4145	13.7287
BLOCK04/SES044/SA044S11	SES147	-5.06284	8.66582	13.7287
BLOCK04/SES044/SA044S11	SES177	-5.8688	7.85985	13.7287
BLOCK04/SES044/SA044S24	SES007	-4.7092	9.80659	14.5158
BLOCK04/SES044/SA044S24	SES101	-3.41611	11.0997	14.5158
BLOCK04/SES044/SA044S24	SES147	-4.68806	9.82772	14.5158
BLOCK04/SES044/SA044S24	SES177	-4.19788	10.3179	14.5158
BLOCK04/SES044/SA044S26	SES007	-3.82986	11.0724	14.9023
BLOCK04/SES044/SA044S26	SES016	-3.88506	11.0172	14.9023
BLOCK04/SES044/SA044S26	SES101	-3.46478	11.4375	14.9023
BLOCK04/SES044/SA044S26	SES147	-3.15206	11.7502	14.9023
BLOCK04/SES044/SA044S29	SES007	-5.49362	9.38585	14.8795
BLOCK04/SES044/SA044S29	SES101	-2.85077	12.0287	14.8795
BLOCK04/SES044/SA044S29	SES147	-4.20473	10.6747	14.8795
BLOCK04/SES044/SA044S29	SES177	-5.35647	9.523	14.8795
BLOCK04/SES046/SA046S13	SES101	-3.16002	11.2696	14.4297
BLOCK04/SES046/SA046S13	SES144	-2.97248	11.4572	14.4297
BLOCK04/SES046/SA046S13	SES147	-4.25558	10.1741	14.4297
BLOCK04/SES046/SA046S13	SES177	-4.13719	10.2925	14.4297
BLOCK04/SES046/SA046S15	SES048	-2.4638	13.6947	16.1585
BLOCK04/SES046/SA046S15	SES083	-3.10388	13.0546	16.1585
BLOCK04/SES046/SA046S15	SES120	-5.41916	10.7394	16.1585
BLOCK04/SES046/SA046S15	SES148	-3.46829	12.6902	16.1585
BLOCK04/SES046/SA046S22	SES101	-3.48431	11.2875	14.7718
BLOCK04/SES046/SA046S22	SES144	-2.9978	11.774	14.7718
BLOCK04/SES046/SA046S22	SES147	-4.81993	9.9519	14.7718
BLOCK04/SES046/SA046S22	SES172	-3.46163	11.3102	14.7718
BLOCK04/SES046/SA046S25	SES083	-3.27954	10.9321	14.2117
BLOCK04/SES046/SA046S25	SES127	-4.25495	9.95671	14.2117
BLOCK04/SES046/SA046S25	SES144	-4.25923	9.95243	14.2117
BLOCK04/SES046/SA046S25	SES148	-3.82444	10.3872	14.2117
BLOCK04/SES046/SA046S28	SES007	-4.63241	9.76965	14.4021
BLOCK04/SES046/SA046S28	SES105	-4.49055	9.91152	14.4021
BLOCK04/SES046/SA046S28	SES147	-3.40955	10.9925	14.4021
BLOCK04/SES046/SA046S28	SES148	-3.36976	11.0323	14.4021
BLOCK04/SES049/SA049S16	SES104	-5.46464	9.19705	14.6617
BLOCK04/SES049/SA049S16	SES106	-4.33116	10.3305	14.6617
BLOCK04/SES049/SA049S16	SES120	-4.79942	9.86227	14.6617
BLOCK04/SES049/SA049S16	SES206	-4.12973	10.5319	14.6617
BLOCK04/SES049/SA049S18	SES099	-3.49429	10.3114	13.8057
BLOCK04/SES049/SA049S18	SES104	-5.87344	7.93228	13.8057
BLOCK04/SES049/SA049S18	SES125	-6.43305	7.37268	13.8057
BLOCK04/SES049/SA049S18	SES206	-4.43946	9.36627	13.8057
BLOCK04/SES049/SA049S25	SES087	-4.06285	10.9115	14.9744
BLOCK04/SES049/SA049S25	SES104	-4.05035	10.924	14.9744
BLOCK04/SES049/SA049S25	SES125	-3.86142	11.1129	14.9744
BLOCK04/SES049/SA049S25	SES206	-2.43008	12.5443	14.9744
BLOCK04/SES049/SA049S27	SES099	-2.43689	12.128	14.5649
BLOCK04/SES049/SA049S27	SES104	-3.18692	11.3779	14.5649
BLOCK04/SES049/SA049S27	SES125	-3.55756	11.0073	14.5649
BLOCK04/SES049/SA049S27	SES206	-3.54633	11.0185	14.5649
BLOCK04/SES049/SA049S29	SES099	-2.04268	14.2308	16.2735
BLOCK04/SES049/SA049S29	SES104	-3.08662	13.1869	16.2735
BLOCK04/SES049/SA049S29	SES125	-3.32843	12.9451	16.2735
BLOCK04/SES049/SA049S29	SES206	-2.48927	13.7842	16.2735
BLOCK06/SES063/SA063S09	SES068	-3.33883	12.9413	16.2801
BLOCK06/SES063/SA063S09	SES083	-2.91182	13.3683	16.2801
BLOCK06/SES063/SA063S09	SES177	-2.85231	13.4278	16.2801
BLOCK06/SES063/SA063S09	SES187	-2.85917	13.4209	16.2801
BLOCK06/SES063/SA063S10	SES068	-4.03587	11.506	15.5419
BLOCK06/SES063/SA063S10	SES083	-3.92715	11.6148	15.5419
BLOCK06/SES063/SA063S10	SES172	-3.10558	12.4363	15.5419
BLOCK06/SES063/SA063S10	SES187	-3.36917	12.1727	15.5419
BLOCK06/SES063/SA063S20	SES068	-5.1422	10.2163	15.3585
BLOCK06/SES063/SA063S20	SES083	-3.70425	11.6542	15.3585
BLOCK06/SES063/SA063S20	SES172	-2.75613	12.6023	15.3585
BLOCK06/SES063/SA063S20	SES187	-3.34505	12.0134	15.3585
BLOCK06/SES063/SA063S24	SES029	-5.47751	10.4753	15.9528
BLOCK06/SES063/SA063S24	SES083	-3.05888	12.8939	15.9528
BLOCK06/SES063/SA063S24	SES177	-3.34217	12.6106	15.9528
BLOCK06/SES063/SA063S24	SES189	-2.59562	13.3572	15.9528
BLOCK06/SES063/SA063S27	SES083	-3.19768	11.8976	15.0953
BLOCK06/SES063/SA063S27	SES172	-3.58789	11.5074	15.0953
BLOCK06/SES063/SA063S27	SES187	-3.55251	11.5428	15.0953
BLOCK06/SES063/SA063S27	SES292	-3.41848	11.6768	15.0953
BLOCK06/SES067/SA067S12	SES083	-4.13779	12.0266	16.1644
BLOCK06/SES067/SA067S12	SES172	-3.72247	12.4419	16.1644
BLOCK06/SES067/SA067S12	SES202	-3.23755	12.9268	16.1644
BLOCK06/SES067/SA067S12	SES292	-3.73806	12.4263	16.1644
BLOCK06/SES067/SA067S14	SES085	-4.14094	12.8637	17.0047
BLOCK06/SES067/SA067S14	SES177	-3.76639	13.2383	17.0047
BLOCK06/SES067/SA067S14	SES183	-1.78597	15.2187	17.0047
BLOCK06/SES067/SA067S14	SES202	-2.89348	14.1112	17.0047
BLOCK06/SES067/SA067S21	SES144	-2.88283	12.8149	15.6978
BLOCK06/SES067/SA067S21	SES177	-4.31403	11.3837	15.6978
BLOCK06/SES067/SA067S21	SES183	-2.43906	13.2587	15.6978
BLOCK06/SES067/SA067S21	SES189	-1.91846	13.7793	15.6978
BLOCK06/SES067/SA067S25	SES085	-3.55305	12.6049	16.158
BLOCK06/SES067/SA067S25	SES177	-4.04633	12.1117	16.158
BLOCK06/SES067/SA067S25	SES183	-2.90866	13.2493	16.158
BLOCK06/SES067/SA067S25	SES202	-2.97972	13.1783	16.158
BLOCK06/SES067/SA067S29	SES085	-4.21625	12.1047	16.3209
BLOCK06/SES067/SA067S29	SES177	-4.04905	12.2719	16.3209
BLOCK06/SES067/SA067S29	SES183	-1.76507	14.5558	16.3209
BLOCK06/SES067/SA067S29	SES202	-2.65649	13.6644	16.3209
BLOCK06/SES069/SA069S12	SES029	-4.77961	11.9554	16.735
BLOCK06/SES069/SA069S12	SES082	-2.50269	14.2323	16.735
BLOCK06/SES069/SA069S12	SES087	-3.98866	12.7463	16.735
BLOCK06/SES069/SA069S12	SES206	-2.75425	13.9807	16.735
BLOCK06/SES069/SA069S13	SES029	-5.09329	11.2008	16.2941
BLOCK06/SES069/SA069S13	SES087	-3.36546	12.9286	16.2941
BLOCK06/SES069/SA069S13	SES206	-3.05017	13.2439	16.2941
BLOCK06/SES069/SA069S13	SES226	-2.46476	13.8293	16.2941
BLOCK06/SES069/SA069S23	SES029	-1.94709	16.2084	18.1555
BLOCK06/SES069/SA069S23	SES087	-2.50084	15.6547	18.1555
BLOCK06/SES069/SA069S23	SES206	-2.90838	15.2471	18.1555
BLOCK06/SES069/SA069S23	SES226	-2.43061	15.7249	18.1555
BLOCK06/SES069/SA069S25	SES087	-3.48131	13.5362	17.0175
BLOCK06/SES069/SA069S25	SES206	-4.75161	12.2659	17.0175
BLOCK06/SES069/SA069S25	SES226	-3.30623	13.7113	17.0175
BLOCK06/SES069/SA069S25	SES270	-3.54939	13.4682	17.0175
BLOCK06/SES069/SA069S27	SES087	-4.59902	12.2007	16.7997
BLOCK06/SES069/SA069S27	SES206	-3.0429	13.7568	16.7997
BLOCK06/SES069/SA069S27	SES226	-2.57756	14.2221	16.7997
BLOCK06/SES069/SA069S27	SES270	-3.26009	13.5396	16.7997
BLOCK08/SES081/SA081S11	SES060	-5.84674	9.13839	14.9851
BLOCK08/SES081/SA081S11	SES062	-4.90927	10.0759	14.9851
BLOCK08/SES081/SA081S11	SES117	-5.07747	9.90765	14.9851
BLOCK08/SES081/SA081S11	SES162	-4.88786	10.0973	14.9851
BLOCK08/SES081/SA081S13	SES016	-4.12032	12.6305	16.7508
BLOCK08/SES081/SA081S13	SES060	-2.39477	14.356	16.7508
BLOCK08/SES081/SA081S13	SES068	-2.74027	14.0105	16.7508
BLOCK08/SES081/SA081S13	SES129	-4.20549	12.5453	16.7508
BLOCK08/SES081/SA081S24	SES060	-3.48135	12.2303	15.7117
BLOCK08/SES081/SA081S24	SES068	-3.34262	12.369	15.7117
BLOCK08/SES081/SA081S24	SES117	-4.32135	11.3903	15.7117
BLOCK08/SES081/SA081S24	SES275	-3.64255	12.0691	15.7117
BLOCK08/SES081/SA081S27	SES007	-3.91349	10.8826	14.7961
BLOCK08/SES081/SA081S27	SES060	-4.89554	9.90056	14.7961
BLOCK08/SES081/SA081S27	SES117	-3.46926	11.3268	14.7961
BLOCK08/SES081/SA081S27	SES275	-3.99583	10.8003	14.7961
BLOCK08/SES081/SA081S29	SES007	-3.68983	12.6686	16.3584
BLOCK08/SES081/SA081S29	SES060	-3.78113	12.5773	16.3584
BLOCK08/SES081/SA081S29	SES117	-4.19768	12.1608	16.3584
BLOCK08/SES081/SA081S29	SES275	-3.88962	12.4688	16.3584
BLOCK08/SES086/SA086S11	SES029	-7.84417	5.89064	13.7348
BLOCK08/SES086/SA086S11	SES082	-4.63162	9.10319	13.7348
BLOCK08/SES086/SA086S11	SES087	-3.52966	10.2051	13.7348
BLOCK08/SES086/SA086S11	SES206	-4.33361	9.4012	13.7348
BLOCK08/SES086/SA086S12	SES029	-5.03183	10.3029	15.3347
BLOCK08/SES086/SA086S12	SES082	-5.30595	10.0288	15.3347
BLOCK08/SES086/SA086S12	SES087	-2.28604	13.0487	15.3347
BLOCK08/SES086/SA086S12	SES206	-3.82691	11.5078	15.3347
BLOCK08/SES086/SA086S20	SES029	-6.07736	10.2779	16.3553
BLOCK08/SES086/SA086S20	SES082	-5.93884	10.4164	16.3553
BLOCK08/SES086/SA086S20	SES087	-1.24118	15.1141	16.3553
BLOCK08/SES086/SA086S20	SES206	-2.55803	13.7972	16.3553
BLOCK08/SES086/SA086S24	SES087	-2.45697	12.6388	15.0958
BLOCK08/SES086/SA086S24	SES104	-4.51926	10.5765	15.0958
BLOCK08/SES086/SA086S24	SES120	-4.21213	10.8836	15.0958
BLOCK08/SES086/SA086S24	SES206	-2.34828	12.7475	15.0958
BLOCK08/SES086/SA086S28	SES029	-5.26695	10.384	15.651
BLOCK08/SES086/SA086S28	SES082	-4.39171	11.2592	15.651
BLOCK08/SES086/SA086S28	SES087	-2.61415	13.0368	15.651
BLOCK08/SES086/SA086S28	SES206	-2.85089	12.8001	15.651
BLOCK08/SES089/SA089S13	SES087	-4.32324	10.4539	14.7772
BLOCK08/SES089/SA089S13	SES206	-4.13542	10.6417	14.7772
BLOCK08/SES089/SA089S13	SES226	-3.69108	11.0861	14.7772
BLOCK08/SES089/SA089S13	SES270	-4.94442	9.83275	14.7772
BLOCK08/SES089/SA089S14	SES062	-4.0043	11.2352	15.2395
BLOCK08/SES089/SA089S14	SES087	-2.94037	12.2991	15.2395
BLOCK08/SES089/SA089S14	SES206	-4.03369	11.2058	15.2395
BLOCK08/SES089/SA089S14	SES226	-3.56027	11.6792	15.2395
BLOCK08/SES089/SA089S23	SES087	-4.35361	9.20393	13.5575
BLOCK08/SES089/SA089S23	SES206	-4.16324	9.3943	13.5575
BLOCK08/SES089/SA089S23	SES226	-3.9814	9.57614	13.5575
BLOCK08/SES089/SA089S23	SES270	-4.51486	9.04268	13.5575
BLOCK08/SES089/SA089S25	SES062	-4.85034	10.5784	15.4287
BLOCK08/SES089/SA089S25	SES087	-3.91411	11.5146	15.4287
BLOCK08/SES089/SA089S25	SES206	-4.86801	10.5607	15.4287
BLOCK08/SES089/SA089S25	SES226	-3.96292	11.4658	15.4287
BLOCK08/SES089/SA089S28	SES062	-3.612	11.6181	15.2301
BLOCK08/SES089/SA089S28	SES087	-2.23625	12.9939	15.2301
BLOCK08/SES089/SA089S28	SES206	-2.78375	12.4464	15.2301
BLOCK08/SES089/SA089S28	SES226	-3.0519	12.1782	15.2301
BLOCK09/SES097/SA097S11	SES099	-1.60426	13.4163	15.0206
BLOCK09/SES097/SA097S11	SES125	-5.08079	9.93979	15.0206
BLOCK09/SES097/SA097S11	SES206	-3.30134	11.7192	15.0206
BLOCK09/SES097/SA097S11	SES226	-3.30124	11.7193	15.0206
BLOCK09/SES097/SA097S14	SES062	-3.26548	11.1131	14.3786
BLOCK09/SES097/SA097S14	SES099	-2.56725	11.8113	14.3786
BLOCK09/SES097/SA097S14	SES104	-4.90721	9.47138	14.3786
BLOCK09/SES097/SA097S14	SES206	-4.16667	10.2119	14.3786
BLOCK09/SES097/SA097S22	SES099	-1.46852	13.715	15.1835
BLOCK09/SES097/SA097S22	SES206	-3.62851	11.555	15.1835
BLOCK09/SES097/SA097S22	SES226	-4.07579	11.1077	15.1835
BLOCK09/SES097/SA097S22	SES270	-2.21482	12.9687	15.1835
BLOCK09/SES097/SA097S26	SES099	-1.92016	13.6914	15.6115
BLOCK09/SES097/SA097S26	SES120	-4.50268	11.1089	15.6115
BLOCK09/SES097/SA097S26	SES206	-3.59613	12.0154	15.6115
BLOCK09/SES097/SA097S26	SES226	-4.51431	11.0972	15.6115
BLOCK09/SES097/SA097S28	SES099	-2.38904	12.4927	14.8818
BLOCK09/SES097/SA097S28	SES120	-3.34513	11.5366	14.8818
BLOCK09/SES097/SA097S28	SES206	-4.80416	10.0776	14.8818
BLOCK09/SES097/SA097S28	SES226	-5.26337	9.6184	14.8818
BLOCK09/SES098/SA098S11	SES127	-5.70897	8.79947	14.5084
BLOCK09/SES098/SA098S11	SES144	-4.0694	10.439	14.5084
BLOCK09/SES098/SA098S11	SES147	-3.19679	11.3116	14.5084
BLOCK09/SES098/SA098S11	SES148	-5.2394	9.26903	14.5084
BLOCK09/SES098/SA098S12	SES127	-7.4503	5.73807	13.1884
BLOCK09/SES098/SA098S12	SES144	-4.58712	8.60125	13.1884
BLOCK09/SES098/SA098S12	SES147	-3.79464	9.39373	13.1884
BLOCK09/SES098/SA098S12	SES189	-3.21938	9.96899	13.1884
BLOCK09/SES098/SA098S20	SES127	-6.76268	7.69443	14.4571
BLOCK09/SES098/SA098S20	SES147	-3.44335	11.0138	14.4571
BLOCK09/SES098/SA098S20	SES148	-5.16109	9.29602	14.4571
BLOCK09/SES098/SA098S20	SES292	-4.03056	10.4265	14.4571
BLOCK09/SES098/SA098S23	SES127	-5.11787	10.2132	15.3311
BLOCK09/SES098/SA098S23	SES147	-2.8097	12.5214	15.3311
BLOCK09/SES098/SA098S23	SES187	-3.5781	11.753	15.3311
BLOCK09/SES098/SA098S23	SES292	-3.42086	11.9102	15.3311
BLOCK09/SES098/SA098S27	SES127	-6.82782	7.19934	14.0272
BLOCK09/SES098/SA098S27	SES147	-4.93189	9.09527	14.0272
BLOCK09/SES098/SA098S27	SES148	-6.25893	7.76823	14.0272
BLOCK09/SES098/SA098S27	SES292	-4.40679	9.62037	14.0272
BLOCK10/SES102/SA102S13	SES101	-3.07519	10.5145	13.5897
BLOCK10/SES102/SA102S13	SES105	-3.39569	10.194	13.5897
BLOCK10/SES102/SA102S13	SES120	-4.82359	8.76609	13.5897
BLOCK10/SES102/SA102S13	SES158	-6.12775	7.46193	13.5897
BLOCK10/SES102/SA102S14	SES007	-2.59713	13.9576	16.5547
BLOCK10/SES102/SA102S14	SES101	-2.30288	14.2518	16.5547
BLOCK10/SES102/SA102S14	SES105	-2.30179	14.2529	16.5547
BLOCK10/SES102/SA102S14	SES147	-5.21415	11.3405	16.5547
BLOCK10/SES102/SA102S22	SES007	-3.70912	11.8593	15.5684
BLOCK10/SES102/SA102S22	SES101	-2.42156	13.1468	15.5684
BLOCK10/SES102/SA102S22	SES105	-2.16078	13.4076	15.5684
BLOCK10/SES102/SA102S22	SES158	-4.84958	10.7188	15.5684
BLOCK10/SES102/SA102S25	SES007	-2.85476	13.3946	16.2493
BLOCK10/SES102/SA102S25	SES101	-2.27069	13.9786	16.2493
BLOCK10/SES102/SA102S25	SES105	-2.98822	13.2611	16.2493
BLOCK10/SES102/SA102S25	SES147	-5.54687	10.7025	16.2493
BLOCK10/SES102/SA102S27	SES007	-3.35203	12.129	15.4811
BLOCK10/SES102/SA102S27	SES101	-2.05395	13.4271	15.4811
BLOCK10/SES102/SA102S27	SES105	-3.10028	12.3808	15.4811
BLOCK10/SES102/SA102S27	SES147	-4.88083	10.6002	15.4811
BLOCK10/SES103/SA103S14	SES105	-4.47292	8.58119	13.0541
BLOCK10/SES103/SA103S14	SES106	-4.04795	9.00616	13.0541
BLOCK10/SES103/SA103S14	SES120	-5.20908	7.84503	13.0541
BLOCK10/SES103/SA103S14	SES206	-4.82357	8.23054	13.0541
BLOCK10/SES103/SA103S15	SES099	-3.79503	8.09708	11.8921
BLOCK10/SES103/SA103S15	SES101	-7.12084	4.77126	11.8921
BLOCK10/SES103/SA103S15	SES104	-5.72621	6.16589	11.8921
BLOCK10/SES103/SA103S15	SES125	-4.02796	7.86414	11.8921
BLOCK10/SES103/SA103S24	SES104	-4.60169	10.129	14.7307
BLOCK10/SES103/SA103S24	SES125	-3.8977	10.833	14.7307
BLOCK10/SES103/SA103S24	SES148	-5.50142	9.22928	14.7307
BLOCK10/SES103/SA103S24	SES158	-3.43453	11.2962	14.7307
BLOCK10/SES103/SA103S26	SES104	-4.91683	7.60291	12.5197
BLOCK10/SES103/SA103S26	SES106	-3.48183	9.0379	12.5197
BLOCK10/SES103/SA103S26	SES125	-4.25493	8.26481	12.5197
BLOCK10/SES103/SA103S26	SES148	-6.98735	5.53238	12.5197
BLOCK10/SES103/SA103S28	SES104	-5.62564	6.28241	11.9081
BLOCK10/SES103/SA103S28	SES106	-3.58418	8.32387	11.9081
BLOCK10/SES103/SA103S28	SES125	-5.41257	6.49548	11.9081
BLOCK10/SES103/SA103S28	SES206	-6.29295	5.6151	11.9081
BLOCK12/SES121/SA121S12	SES042	-5.83346	5.16507	10.9985
BLOCK12/SES121/SA121S12	SES087	-4.5865	6.41203	10.9985
BLOCK12/SES121/SA121S12	SES105	-2.84033	8.15821	10.9985
BLOCK12/SES121/SA121S12	SES206	-4.53084	6.46769	10.9985
BLOCK12/SES121/SA121S14	SES007	-4.7189	6.43406	11.153
BLOCK12/SES121/SA121S14	SES105	-4.02642	7.12655	11.153
BLOCK12/SES121/SA121S14	SES106	-4.40705	6.74592	11.153
BLOCK12/SES121/SA121S14	SES206	-5.19755	5.95542	11.153
BLOCK12/SES121/SA121S23	SES105	-3.77849	7.57429	11.3528
BLOCK12/SES121/SA121S23	SES106	-2.93733	8.41545	11.3528
BLOCK12/SES121/SA121S23	SES120	-3.56523	7.78755	11.3528
BLOCK12/SES121/SA121S23	SES206	-3.39865	7.95413	11.3528
BLOCK12/SES121/SA121S25	SES007	-3.72493	5.38073	9.10566
BLOCK12/SES121/SA121S25	SES105	-4.32822	4.77744	9.10566
BLOCK12/SES121/SA121S25	SES106	-3.68819	5.41747	9.10566
BLOCK12/SES121/SA121S25	SES206	-5.9544	3.15126	9.10566
BLOCK12/SES121/SA121S27	SES087	-3.56242	7.82827	11.3907
BLOCK12/SES121/SA121S27	SES105	-5.26882	6.12186	11.3907
BLOCK12/SES121/SA121S27	SES120	-2.22054	9.17015	11.3907
BLOCK12/SES121/SA121S27	SES206	-4.44339	6.9473	11.3907
BLOCK12/SES124/SA124S16	SES042	-2.77856	11.0981	13.8766
BLOCK12/SES124/SA124S16	SES082	-4.2671	9.60954	13.8766
BLOCK12/SES124/SA124S16	SES183	-3.96346	9.91318	13.8766
BLOCK12/SES124/SA124S16	SES206	-4.12577	9.75087	13.8766
BLOCK12/SES124/SA124S17	SES105	-4.57925	7.59783	12.1771
BLOCK12/SES124/SA124S17	SES149	-6.33131	5.84576	12.1771
BLOCK12/SES124/SA124S17	SES158	-5.96346	6.21362	12.1771
BLOCK12/SES124/SA124S17	SES275	-3.2804	8.89668	12.1771
BLOCK12/SES124/SA124S23	SES105	-4.31323	11.4712	15.7845
BLOCK12/SES124/SA124S23	SES125	-1.85746	13.927	15.7845
BLOCK12/SES124/SA124S23	SES129	-5.82594	9.95852	15.7845
BLOCK12/SES124/SA124S23	SES158	-2.26671	13.5178	15.7845
BLOCK12/SES124/SA124S26	SES105	-5.60532	9.7815	15.3868
BLOCK12/SES124/SA124S26	SES125	-3.85849	11.5283	15.3868
BLOCK12/SES124/SA124S26	SES129	-6.33318	9.05364	15.3868
BLOCK12/SES124/SA124S26	SES158	-4.10138	11.2854	15.3868
BLOCK12/SES124/SA124S28	SES104	-4.12813	10.6464	14.7745
BLOCK12/SES124/SA124S28	SES106	-2.45799	12.3166	14.7745
BLOCK12/SES124/SA124S28	SES125	-2.30244	12.4721	14.7745
BLOCK12/SES124/SA124S28	SES275	-4.35638	10.4182	14.7745
BLOCK12/SES126/SA126S13	SES007	-3.37337	10.9611	14.3345
BLOCK12/SES126/SA126S13	SES162	-3.81721	10.5173	14.3345
BLOCK12/SES126/SA126S13	SES177	-3.54526	10.7892	14.3345
BLOCK12/SES126/SA126S13	SES180	-3.96416	10.3703	14.3345
BLOCK12/SES126/SA126S14	SES144	-3.57036	12.4726	16.043
BLOCK12/SES126/SA126S14	SES148	-3.86212	12.1808	16.043
BLOCK12/SES126/SA126S14	SES177	-3.04672	12.9963	16.043
BLOCK12/SES126/SA126S14	SES180	-4.22338	11.8196	16.043
BLOCK12/SES126/SA126S20	SES007	-3.15418	11.7642	14.9184
BLOCK12/SES126/SA126S20	SES162	-4.09753	10.8208	14.9184
BLOCK12/SES126/SA126S20	SES172	-4.48046	10.4379	14.9184
BLOCK12/SES126/SA126S20	SES180	-3.80048	11.1179	14.9184
BLOCK12/SES126/SA126S24	SES120	-2.64428	13.4303	16.0746
BLOCK12/SES126/SA126S24	SES162	-3.31311	12.7615	16.0746
BLOCK12/SES126/SA126S24	SES177	-3.09756	12.977	16.0746
BLOCK12/SES126/SA126S24	SES180	-2.71627	13.3583	16.0746
BLOCK12/SES126/SA126S26	SES120	-2.92162	12.5363	15.4579
BLOCK12/SES126/SA126S26	SES177	-3.02319	12.4347	15.4579
BLOCK12/SES126/SA126S26	SES180	-3.32747	12.1304	15.4579
BLOCK12/SES126/SA126S26	SES202	-3.79199	11.6659	15.4579
BLOCK12/SES128/SA128S10	SES087	-5.14848	10.4644	15.6129
BLOCK12/SES128/SA128S10	SES206	-3.18122	12.4317	15.6129
BLOCK12/SES128/SA128S10	SES226	-3.07881	12.5341	15.6129
BLOCK12/SES128/SA128S10	SES270	-3.11235	12.5005	15.6129
BLOCK12/SES128/SA128S12	SES120	-3.54145	11.1149	14.6563
BLOCK12/SES128/SA128S12	SES158	-3.98244	10.6739	14.6563
BLOCK12/SES128/SA128S12	SES206	-3.6782	10.9781	14.6563
BLOCK12/SES128/SA128S12	SES226	-4.08742	10.5689	14.6563
BLOCK12/SES128/SA128S21	SES106	-6.91871	7.21481	14.1335
BLOCK12/SES128/SA128S21	SES120	-5.1216	9.01192	14.1335
BLOCK12/SES128/SA128S21	SES206	-4.5947	9.53882	14.1335
BLOCK12/SES128/SA128S21	SES226	-4.71941	9.41411	14.1335
BLOCK12/SES128/SA128S24	SES087	-3.90454	10.4891	14.3937
BLOCK12/SES128/SA128S24	SES120	-3.47733	10.9163	14.3937
BLOCK12/SES128/SA128S24	SES206	-3.28741	11.1062	14.3937
BLOCK12/SES128/SA128S24	SES226	-3.82695	10.5667	14.3937
BLOCK12/SES128/SA128S27	SES099	-2.60622	13.2661	15.8723
BLOCK12/SES128/SA128S27	SES120	-2.86695	13.0054	15.8723
BLOCK12/SES128/SA128S27	SES206	-3.16768	12.7047	15.8723
BLOCK12/SES128/SA128S27	SES226	-3.41737	12.455	15.8723
BLOCK13/SES130/SA130S13	SES143	-3.33433	11.4629	14.7972
BLOCK13/SES130/SA130S13	SES144	-2.60941	12.1878	14.7972
BLOCK13/SES130/SA130S13	SES146	-3.74198	11.0552	14.7972
BLOCK13/SES130/SA130S13	SES275	-4.5738	10.2234	14.7972
BLOCK13/SES130/SA130S15	SES143	-3.65302	12.7619	16.4149
BLOCK13/SES130/SA130S15	SES144	-2.61292	13.802	16.4149
BLOCK13/SES130/SA130S15	SES146	-3.19053	13.2244	16.4149
BLOCK13/SES130/SA130S15	SES275	-3.56433	12.8506	16.4149
BLOCK13/SES130/SA130S23	SES127	-5.06687	9.40477	14.4716
BLOCK13/SES130/SA130S23	SES144	-4.22392	10.2477	14.4716
BLOCK13/SES130/SA130S23	SES146	-3.27976	11.1919	14.4716
BLOCK13/SES130/SA130S23	SES162	-4.31191	10.1597	14.4716
BLOCK13/SES130/SA130S25	SES127	-2.82956	13.3303	16.1598
BLOCK13/SES130/SA130S25	SES144	-2.44924	13.7106	16.1598
BLOCK13/SES130/SA130S25	SES146	-2.57495	13.5849	16.1598
BLOCK13/SES130/SA130S25	SES275	-1.91361	14.2462	16.1598
BLOCK13/SES130/SA130S28	SES127	-3.49697	11.6976	15.1946
BLOCK13/SES130/SA130S28	SES144	-3.13196	12.0626	15.1946
BLOCK13/SES130/SA130S28	SES146	-2.95964	12.2349	15.1946
BLOCK13/SES130/SA130S28	SES275	-2.31574	12.8788	15.1946
BLOCK13/SES131/SA131S13	SES002	-5.16322	6.81835	11.9816
BLOCK13/SES131/SA131S13	SES007	-5.73185	6.24972	11.9816
BLOCK13/SES131/SA131S13	SES099	-4.19749	7.78408	11.9816
BLOCK13/SES131/SA131S13	SES105	-4.61325	7.36832	11.9816
BLOCK13/SES131/SA131S14	SES104	-2.92352	10.7752	13.6987
BLOCK13/SES131/SA131S14	SES106	-3.87507	9.82362	13.6987
BLOCK13/SES131/SA131S14	SES125	-3.62064	10.078	13.6987
BLOCK13/SES131/SA131S14	SES148	-3.31188	10.3868	13.6987
BLOCK13/SES131/SA131S20	SES104	-5.71579	5.78628	11.5021
BLOCK13/SES131/SA131S20	SES106	-4.16888	7.33319	11.5021
BLOCK13/SES131/SA131S20	SES125	-5.41665	6.08541	11.5021
BLOCK13/SES131/SA131S20	SES148	-4.37836	7.12371	11.5021
BLOCK13/SES131/SA131S22	SES099	-4.05638	9.39323	13.4496
BLOCK13/SES131/SA131S22	SES104	-4.94926	8.50035	13.4496
BLOCK13/SES131/SA131S22	SES125	-4.76169	8.68792	13.4496
BLOCK13/SES131/SA131S22	SES206	-4.92066	8.52895	13.4496
BLOCK13/SES131/SA131S29	SES087	-5.51106	6.65338	12.1644
BLOCK13/SES131/SA131S29	SES104	-5.71964	6.4448	12.1644
BLOCK13/SES131/SA131S29	SES125	-5.47263	6.69181	12.1644
BLOCK13/SES131/SA131S29	SES206	-5.11912	7.04532	12.1644
BLOCK13/SES132/SA132S11	SES083	-4.70418	11.1042	15.8083
BLOCK13/SES132/SA132S11	SES120	-2.11191	13.6964	15.8083
BLOCK13/SES132/SA132S11	SES127	-4.36767	11.4407	15.8083
BLOCK13/SES132/SA132S11	SES275	-2.78416	13.0242	15.8083
BLOCK13/SES132/SA132S12	SES083	-4.54478	11.154	15.6987
BLOCK13/SES132/SA132S12	SES143	-3.02704	12.6717	15.6987
BLOCK13/SES132/SA132S12	SES144	-3.31104	12.3877	15.6987
BLOCK13/SES132/SA132S12	SES148	-2.22466	13.4741	15.6987
BLOCK13/SES132/SA132S22	SES062	-2.75114	13.2333	15.9844
BLOCK13/SES132/SA132S22	SES083	-4.09361	11.8908	15.9844
BLOCK13/SES132/SA132S22	SES127	-3.36033	12.6241	15.9844
BLOCK13/SES132/SA132S22	SES275	-2.17437	13.8101	15.9844
BLOCK13/SES132/SA132S24	SES007	-3.65926	13.2431	16.9023
BLOCK13/SES132/SA132S24	SES083	-5.22571	11.6766	16.9023
BLOCK13/SES132/SA132S24	SES127	-4.19783	12.7045	16.9023
BLOCK13/SES132/SA132S24	SES275	-2.66661	14.2357	16.9023
BLOCK13/SES132/SA132S27	SES083	-5.40715	9.88238	15.2895
BLOCK13/SES132/SA132S27	SES120	-1.98228	13.3072	15.2895
BLOCK13/SES132/SA132S27	SES127	-4.8444	10.4451	15.2895
BLOCK13/SES132/SA132S27	SES275	-3.66053	11.629	15.2895
BLOCK14/SES141/SA141S09	SES143	-3.10694	12.6041	15.711
BLOCK14/SES141/SA141S09	SES144	-2.79704	12.914	15.711
BLOCK14/SES141/SA141S09	SES162	-3.53497	12.1761	15.711
BLOCK14/SES141/SA141S09	SES180	-3.60483	12.1062	15.711
BLOCK14/SES141/SA141S15	SES127	-3.83553	11.1022	14.9377
BLOCK14/SES141/SA141S15	SES144	-3.82317	11.1145	14.9377
BLOCK14/SES141/SA141S15	SES162	-4.04435	10.8934	14.9377
BLOCK14/SES141/SA141S15	SES180	-3.13884	11.7989	14.9377
BLOCK14/SES141/SA141S24	SES127	-3.63892	12.1845	15.8234
BLOCK14/SES141/SA141S24	SES144	-4.32374	11.4997	15.8234
BLOCK14/SES141/SA141S24	SES162	-3.91835	11.9051	15.8234
BLOCK14/SES141/SA141S24	SES183	-3.63099	12.1924	15.8234
BLOCK14/SES141/SA141S26	SES142	-3.29219	12.2972	15.5894
BLOCK14/SES141/SA141S26	SES144	-3.94053	11.6489	15.5894
BLOCK14/SES141/SA141S26	SES172	-3.22834	12.3611	15.5894
BLOCK14/SES141/SA141S26	SES180	-3.31631	12.2731	15.5894
BLOCK14/SES141/SA141S29	SES127	-2.80831	13.0326	15.8409
BLOCK14/SES141/SA141S29	SES142	-2.78686	13.054	15.8409
BLOCK14/SES141/SA141S29	SES144	-3.46188	12.379	15.8409
BLOCK14/SES141/SA141S29	SES180	-3.53653	12.3043	15.8409
BLOCK15/SES157/SA157S08	SES083	-5.351	10.0218	15.3728
BLOCK15/SES157/SA157S08	SES127	-4.18777	11.1851	15.3728
BLOCK15/SES157/SA157S08	SES148	-3.52279	11.85	15.3728
BLOCK15/SES157/SA157S08	SES292	-4.20163	11.1712	15.3728
BLOCK15/SES157/SA157S11	SES083	-4.85503	10.8924	15.7474
BLOCK15/SES157/SA157S11	SES127	-4.16492	11.5825	15.7474
BLOCK15/SES157/SA157S11	SES148	-4.04463	11.7028	15.7474
BLOCK15/SES157/SA157S11	SES292	-4.34364	11.4038	15.7474
BLOCK15/SES157/SA157S21	SES127	-3.46375	12.425	15.8887
BLOCK15/SES157/SA157S21	SES148	-2.16662	13.7221	15.8887
BLOCK15/SES157/SA157S21	SES158	-7.26201	8.62672	15.8887
BLOCK15/SES157/SA157S21	SES292	-3.66867	12.2201	15.8887
BLOCK15/SES157/SA157S24	SES127	-3.89001	12.1929	16.0829
BLOCK15/SES157/SA157S24	SES148	-3.38981	12.6931	16.0829
BLOCK15/SES157/SA157S24	SES183	-3.85703	12.2259	16.0829
BLOCK15/SES157/SA157S24	SES292	-4.61553	11.4674	16.0829
BLOCK15/SES157/SA157S26	SES007	-3.07216	12.8087	15.8808
BLOCK15/SES157/SA157S26	SES127	-3.79532	12.0855	15.8808
BLOCK15/SES157/SA157S26	SES147	-4.01386	11.867	15.8808
BLOCK15/SES157/SA157S26	SES148	-3.03773	12.8431	15.8808
BLOCK16/SES161/SA161S10	SES007	-4.33717	8.72863	13.0658
BLOCK16/SES161/SA161S10	SES105	-3.39562	9.67017	13.0658
BLOCK16/SES161/SA161S10	SES158	-4.18618	8.87962	13.0658
BLOCK16/SES161/SA161S10	SES275	-3.13727	9.92853	13.0658
BLOCK16/SES161/SA161S12	SES007	-4.44401	8.70273	13.1467
BLOCK16/SES161/SA161S12	SES105	-4.49645	8.65029	13.1467
BLOCK16/SES161/SA161S12	SES158	-3.34772	9.79902	13.1467
BLOCK16/SES161/SA161S12	SES275	-2.73285	10.4139	13.1467
BLOCK16/SES161/SA161S20	SES007	-4.02574	8.02414	12.0499
BLOCK16/SES161/SA161S20	SES105	-4.3302	7.71969	12.0499
BLOCK16/SES161/SA161S20	SES158	-4.14339	7.9065	12.0499
BLOCK16/SES161/SA161S20	SES275	-3.77379	8.2761	12.0499
BLOCK16/SES161/SA161S23	SES007	-4.89771	8.62129	13.519
BLOCK16/SES161/SA161S23	SES105	-3.59217	9.92684	13.519
BLOCK16/SES161/SA161S23	SES148	-4.19531	9.3237	13.519
BLOCK16/SES161/SA161S23	SES158	-4.79107	8.72793	13.519
BLOCK16/SES161/SA161S28	SES007	-5.05459	9.14397	14.1986
BLOCK16/SES161/SA161S28	SES105	-4.70332	9.49524	14.1986
BLOCK16/SES161/SA161S28	SES158	-3.31388	10.8847	14.1986
BLOCK16/SES161/SA161S28	SES206	-3.90282	10.2957	14.1986
BLOCK16/SES164/SA164S11	SES104	-4.02473	11.2525	15.2773
BLOCK16/SES164/SA164S11	SES125	-3.10378	12.1735	15.2773
BLOCK16/SES164/SA164S11	SES158	-1.84593	13.4313	15.2773
BLOCK16/SES164/SA164S11	SES206	-3.62509	11.6522	15.2773
BLOCK16/SES164/SA164S13	SES099	-3.56763	10.4014	13.9691
BLOCK16/SES164/SA164S13	SES104	-5.31972	8.64935	13.9691
BLOCK16/SES164/SA164S13	SES125	-5.0466	8.92247	13.9691
BLOCK16/SES164/SA164S13	SES206	-4.45478	9.51429	13.9691
BLOCK16/SES164/SA164S24	SES002	-2.50672	12.1258	14.6325
BLOCK16/SES164/SA164S24	SES099	-2.53416	12.0983	14.6325
BLOCK16/SES164/SA164S24	SES125	-4.14065	10.4918	14.6325
BLOCK16/SES164/SA164S24	SES226	-3.30059	11.3319	14.6325
BLOCK16/SES164/SA164S27	SES087	-4.84766	9.51879	14.3665
BLOCK16/SES164/SA164S27	SES125	-4.0346	10.3319	14.3665
BLOCK16/SES164/SA164S27	SES206	-4.17695	10.1895	14.3665
BLOCK16/SES164/SA164S27	SES226	-4.44843	9.91802	14.3665
BLOCK16/SES164/SA164S29	SES002	-2.23149	11.9152	14.1467
BLOCK16/SES164/SA164S29	SES019	-3.60275	10.544	14.1467
BLOCK16/SES164/SA164S29	SES125	-4.13959	10.0071	14.1467
BLOCK16/SES164/SA164S29	SES226	-5.35932	8.7874	14.1467
BLOCK16/SES169/SA169S13	SES117	-3.69132	11.3507	15.0421
BLOCK16/SES169/SA169S13	SES144	-3.71016	11.3319	15.0421
BLOCK16/SES169/SA169S13	SES146	-3.19299	11.8491	15.0421
BLOCK16/SES169/SA169S13	SES162	-3.10003	11.942	15.0421
BLOCK16/SES169/SA169S14	SES144	-3.63967	12.2778	15.9175
BLOCK16/SES169/SA169S14	SES148	-3.26711	12.6504	15.9175
BLOCK16/SES169/SA169S14	SES177	-3.12339	12.7941	15.9175
BLOCK16/SES169/SA169S14	SES180	-4.07568	11.8418	15.9175
BLOCK16/SES169/SA169S24	SES117	-3.83363	10.3975	14.2312
BLOCK16/SES169/SA169S24	SES144	-3.61809	10.6131	14.2312
BLOCK16/SES169/SA169S24	SES146	-2.87273	11.3585	14.2312
BLOCK16/SES169/SA169S24	SES162	-3.54321	10.688	14.2312
BLOCK16/SES169/SA169S27	SES127	-3.43673	11.1078	14.5446
BLOCK16/SES169/SA169S27	SES129	-3.11565	11.4289	14.5446
BLOCK16/SES169/SA169S27	SES144	-4.16778	10.3768	14.5446
BLOCK16/SES169/SA169S27	SES146	-2.23247	12.3121	14.5446
BLOCK16/SES169/SA169S29	SES144	-2.72874	12.7545	15.4833
BLOCK16/SES169/SA169S29	SES162	-2.02609	13.4572	15.4833
BLOCK16/SES169/SA169S29	SES177	-4.28149	11.2018	15.4833
BLOCK16/SES169/SA169S29	SES180	-2.66316	12.8201	15.4833
BLOCK17/SES171/SA171S12	SES083	-4.17011	10.1352	14.3053
BLOCK17/SES171/SA171S12	SES148	-3.89434	10.411	14.3053
BLOCK17/SES171/SA171S12	SES172	-3.2121	11.0932	14.3053
BLOCK17/SES171/SA171S12	SES292	-4.55595	9.7494	14.3053
BLOCK17/SES171/SA171S15	SES148	-3.46617	10.375	13.8412
BLOCK17/SES171/SA171S15	SES177	-3.4564	10.3848	13.8412
BLOCK17/SES171/SA171S15	SES180	-5.05522	8.78599	13.8412
BLOCK17/SES171/SA171S15	SES292	-3.97924	9.86197	13.8412
BLOCK17/SES171/SA171S22	SES007	-3.35643	12.2939	15.6503
BLOCK17/SES171/SA171S22	SES148	-3.22747	12.4228	15.6503
BLOCK17/SES171/SA171S22	SES177	-2.14428	13.506	15.6503
BLOCK17/SES171/SA171S22	SES180	-3.98599	11.6643	15.6503
BLOCK17/SES171/SA171S25	SES101	-4.36839	9.97636	14.3447
BLOCK17/SES171/SA171S25	SES120	-5.92501	8.41973	14.3447
BLOCK17/SES171/SA171S25	SES177	-3.35043	10.9943	14.3447
BLOCK17/SES171/SA171S25	SES180	-4.66271	9.68204	14.3447
BLOCK17/SES171/SA171S27	SES177	-3.13738	11.3062	14.4436
BLOCK17/SES171/SA171S27	SES180	-4.63176	9.81186	14.4436
BLOCK17/SES171/SA171S27	SES189	-2.87882	11.5648	14.4436
BLOCK17/SES171/SA171S27	SES292	-4.21998	10.2236	14.4436
BLOCK17/SES173/SA173S13	SES162	-5.55784	9.03578	14.5936
BLOCK17/SES173/SA173S13	SES177	-4.01234	10.5813	14.5936
BLOCK17/SES173/SA173S13	SES180	-4.7299	9.86371	14.5936
BLOCK17/SES173/SA173S13	SES292	-2.6827	11.9109	14.5936
BLOCK17/SES173/SA173S14	SES007	-4.23583	9.29509	13.5309
BLOCK17/SES173/SA173S14	SES162	-5.29323	8.23769	13.5309
BLOCK17/SES173/SA173S14	SES177	-3.72058	9.81034	13.5309
BLOCK17/SES173/SA173S14	SES180	-4.97817	8.55275	13.5309
BLOCK17/SES173/SA173S24	SES144	-5.11599	8.4758	13.5918
BLOCK17/SES173/SA173S24	SES162	-5.08605	8.50575	13.5918
BLOCK17/SES173/SA173S24	SES177	-3.51786	10.0739	13.5918
BLOCK17/SES173/SA173S24	SES180	-5.26797	8.32382	13.5918
BLOCK17/SES173/SA173S27	SES162	-5.77253	8.71722	14.4897
BLOCK17/SES173/SA173S27	SES177	-4.1598	10.3299	14.4897
BLOCK17/SES173/SA173S27	SES180	-4.69971	9.79004	14.4897
BLOCK17/SES173/SA173S27	SES292	-2.83128	11.6585	14.4897
BLOCK17/SES173/SA173S29	SES162	-4.63407	10.2452	14.8792
BLOCK17/SES173/SA173S29	SES175	-4.05195	10.8273	14.8792
BLOCK17/SES173/SA173S29	SES177	-3.94309	10.9361	14.8792
BLOCK17/SES173/SA173S29	SES292	-4.5174	10.3618	14.8792
BLOCK18/SES182/SA182S10	SES144	-3.29642	11.2388	14.5352
BLOCK18/SES182/SA182S10	SES177	-3.27681	11.2584	14.5352
BLOCK18/SES182/SA182S10	SES180	-4.4264	10.1088	14.5352
BLOCK18/SES182/SA182S10	SES275	-1.84163	12.6936	14.5352
BLOCK18/SES182/SA182S12	SES144	-2.53756	12.1332	14.6708
BLOCK18/SES182/SA182S12	SES177	-2.72698	11.9438	14.6708
BLOCK18/SES182/SA182S12	SES180	-3.59957	11.0712	14.6708
BLOCK18/SES182/SA182S12	SES275	-1.78465	12.8861	14.6708
BLOCK18/SES182/SA182S21	SES117	-3.76581	10.3835	14.1493
BLOCK18/SES182/SA182S21	SES144	-3.45695	10.6923	14.1493
BLOCK18/SES182/SA182S21	SES162	-2.6289	11.5204	14.1493
BLOCK18/SES182/SA182S21	SES180	-4.73736	9.41191	14.1493
BLOCK18/SES182/SA182S23	SES117	-2.85595	11.8476	14.7035
BLOCK18/SES182/SA182S23	SES144	-3.75452	10.949	14.7035
BLOCK18/SES182/SA182S23	SES180	-4.38067	10.3229	14.7035
BLOCK18/SES182/SA182S23	SES275	-1.75859	12.9449	14.7035
BLOCK18/SES182/SA182S25	SES007	-1.83312	12.7986	14.6317
BLOCK18/SES182/SA182S25	SES162	-2.29674	12.335	14.6317
BLOCK18/SES182/SA182S25	SES177	-3.08141	11.5503	14.6317
BLOCK18/SES182/SA182S25	SES180	-3.55792	11.0738	14.6317
BLOCK18/SES184/SA184S12	SES177	-4.10887	11.6918	15.8007
BLOCK18/SES184/SA184S12	SES180	-3.61386	12.1868	15.8007
BLOCK18/SES184/SA184S12	SES189	-4.5988	11.2019	15.8007
BLOCK18/SES184/SA184S12	SES292	-3.57721	12.2235	15.8007
BLOCK18/SES184/SA184S13	SES101	-4.03398	11.2118	15.2457
BLOCK18/SES184/SA184S13	SES177	-4.21449	11.0313	15.2457
BLOCK18/SES184/SA184S13	SES180	-3.51896	11.7268	15.2457
BLOCK18/SES184/SA184S13	SES292	-4.46846	10.7773	15.2457
BLOCK18/SES184/SA184S22	SES177	-3.48226	13.6549	17.1372
BLOCK18/SES184/SA184S22	SES180	-3.81901	13.3182	17.1372
BLOCK18/SES184/SA184S22	SES189	-3.99859	13.1386	17.1372
BLOCK18/SES184/SA184S22	SES292	-4.09555	13.0416	17.1372
BLOCK18/SES184/SA184S25	SES101	-3.35888	13.9095	17.2684
BLOCK18/SES184/SA184S25	SES177	-3.90066	13.3678	17.2684
BLOCK18/SES184/SA184S25	SES180	-3.84818	13.4202	17.2684
BLOCK18/SES184/SA184S25	SES292	-3.63203	13.6364	17.2684
BLOCK18/SES184/SA184S27	SES083	-4.07072	10.8091	14.8798
BLOCK18/SES184/SA184S27	SES177	-3.16874	11.7111	14.8798
BLOCK18/SES184/SA184S27	SES202	-3.43286	11.447	14.8798
BLOCK18/SES184/SA184S27	SES292	-4.02475	10.8551	14.8798
BLOCK20/SES204/SA204S12	SES062	-3.09516	13.4097	16.5049
BLOCK20/SES204/SA204S12	SES083	-5.35122	11.1537	16.5049
BLOCK20/SES204/SA204S12	SES206	-3.81332	12.6916	16.5049
BLOCK20/SES204/SA204S12	SES226	-5.61676	10.8881	16.5049
BLOCK20/SES204/SA204S14	SES068	-2.78063	14.8511	17.6317
BLOCK20/SES204/SA204S14	SES087	-2.47159	15.1601	17.6317
BLOCK20/SES204/SA204S14	SES206	-3.78852	13.8432	17.6317
BLOCK20/SES204/SA204S14	SES226	-5.49103	12.1407	17.6317
BLOCK20/SES204/SA204S22	SES068	-3.01631	13.6172	16.6336
BLOCK20/SES204/SA204S22	SES082	-6.09076	10.5428	16.6336
BLOCK20/SES204/SA204S22	SES083	-6.90756	9.72599	16.6336
BLOCK20/SES204/SA204S22	SES206	-4.57524	12.0583	16.6336
BLOCK20/SES204/SA204S25	SES062	-4.07818	12.6227	16.7009
BLOCK20/SES204/SA204S25	SES083	-5.69834	11.0025	16.7009
BLOCK20/SES204/SA204S25	SES206	-3.66162	13.0392	16.7009
BLOCK20/SES204/SA204S25	SES226	-5.03376	11.6671	16.7009
BLOCK20/SES204/SA204S27	SES068	-3.30458	12.5386	15.8432
BLOCK20/SES204/SA204S27	SES082	-5.81117	10.032	15.8432
BLOCK20/SES204/SA204S27	SES087	-3.45169	12.3915	15.8432
BLOCK20/SES204/SA204S27	SES206	-3.93604	11.9072	15.8432
BLOCK20/SES207/SA207S10	SES127	-3.97136	10.4891	14.4605
BLOCK20/SES207/SA207S10	SES183	-3.29652	11.164	14.4605
BLOCK20/SES207/SA207S10	SES189	-3.41613	11.0444	14.4605
BLOCK20/SES207/SA207S10	SES292	-3.38087	11.0796	14.4605
BLOCK20/SES207/SA207S11	SES127	-4.87651	8.91026	13.7868
BLOCK20/SES207/SA207S11	SES183	-3.48446	10.3023	13.7868
BLOCK20/SES207/SA207S11	SES187	-4.37594	9.41084	13.7868
BLOCK20/SES207/SA207S11	SES292	-3.12262	10.6642	13.7868
BLOCK20/SES207/SA207S25	SES068	-4.46016	10.1489	14.609
BLOCK20/SES207/SA207S25	SES083	-5.20131	9.40773	14.609
BLOCK20/SES207/SA207S25	SES127	-3.91789	10.6911	14.609
BLOCK20/SES207/SA207S25	SES187	-3.82628	10.7828	14.609
BLOCK20/SES207/SA207S27	SES127	-5.01232	8.41692	13.4292
BLOCK20/SES207/SA207S27	SES183	-3.08774	10.3415	13.4292
BLOCK20/SES207/SA207S27	SES187	-4.79911	8.63013	13.4292
BLOCK20/SES207/SA207S27	SES292	-4.93213	8.49712	13.4292
BLOCK20/SES207/SA207S29	SES083	-4.77247	10.5644	15.3369
BLOCK20/SES207/SA207S29	SES085	-4.07289	11.264	15.3369
BLOCK20/SES207/SA207S29	SES172	-3.33697	11.9999	15.3369
BLOCK20/SES207/SA207S29	SES189	-3.79757	11.5393	15.3369
BLOCK22/SES221/SA221S12	SES068	-2.84858	13.1758	16.0244
BLOCK22/SES221/SA221S12	SES143	-3.1599	12.8645	16.0244
BLOCK22/SES221/SA221S12	SES175	-2.67663	13.3478	16.0244
BLOCK22/SES221/SA221S12	SES202	-3.60048	12.4239	16.0244
BLOCK22/SES221/SA221S15	SES085	-3.903	10.6998	14.6028
BLOCK22/SES221/SA221S15	SES143	-3.99989	10.6029	14.6028
BLOCK22/SES221/SA221S15	SES175	-3.20836	11.3944	14.6028
BLOCK22/SES221/SA221S15	SES187	-4.16839	10.4344	14.6028
BLOCK22/SES221/SA221S23	SES068	-3.54319	12.0177	15.5609
BLOCK22/SES221/SA221S23	SES143	-3.81317	11.7477	15.5609
BLOCK22/SES221/SA221S23	SES175	-2.45166	13.1092	15.5609
BLOCK22/SES221/SA221S23	SES189	-2.08454	13.4763	15.5609
BLOCK22/SES221/SA221S27	SES085	-2.70244	13.0877	15.7901
BLOCK22/SES221/SA221S27	SES143	-3.16113	12.629	15.7901
BLOCK22/SES221/SA221S27	SES175	-2.10135	13.6888	15.7901
BLOCK22/SES221/SA221S27	SES189	-1.47619	14.3139	15.7901
BLOCK22/SES221/SA221S29	SES085	-3.71922	11.1131	14.8324
BLOCK22/SES221/SA221S29	SES143	-3.49567	11.3367	14.8324
BLOCK22/SES221/SA221S29	SES175	-2.3587	12.4737	14.8324
BLOCK22/SES221/SA221S29	SES187	-4.10018	10.7322	14.8324
BLOCK22/SES223/SA223S11	SES143	-2.62407	10.3838	13.0078
BLOCK22/SES223/SA223S11	SES144	-5.5467	7.46114	13.0078
BLOCK22/SES223/SA223S11	SES175	-3.10211	9.90573	13.0078
BLOCK22/SES223/SA223S11	SES187	-4.8002	8.20763	13.0078
BLOCK22/SES223/SA223S13	SES068	-3.72548	9.24228	12.9678
BLOCK22/SES223/SA223S13	SES143	-4.45204	8.51572	12.9678
BLOCK22/SES223/SA223S13	SES146	-4.73529	8.23246	12.9678
BLOCK22/SES223/SA223S13	SES202	-5.11308	7.85468	12.9678
BLOCK22/SES223/SA223S22	SES143	-3.60605	10.5364	14.1424
BLOCK22/SES223/SA223S22	SES144	-5.306	8.83645	14.1424
BLOCK22/SES223/SA223S22	SES175	-2.84258	11.2999	14.1424
BLOCK22/SES223/SA223S22	SES187	-3.47795	10.6645	14.1424
BLOCK22/SES223/SA223S25	SES068	-3.24843	11.5554	14.8039
BLOCK22/SES223/SA223S25	SES143	-3.20275	11.6011	14.8039
BLOCK22/SES223/SA223S25	SES175	-2.65753	12.1463	14.8039
BLOCK22/SES223/SA223S25	SES187	-4.50158	10.3023	14.8039
BLOCK22/SES223/SA223S27	SES143	-2.94765	10.452	13.3996
BLOCK22/SES223/SA223S27	SES146	-3.50483	9.89481	13.3996
BLOCK22/SES223/SA223S27	SES187	-4.38896	9.01067	13.3996
BLOCK22/SES223/SA223S27	SES292	-2.94548	10.4542	13.3996
BLOCK27/SES273/SA273S12	SES099	-1.95343	15.8387	17.7921
BLOCK27/SES273/SA273S12	SES104	-3.82048	13.9716	17.7921
BLOCK27/SES273/SA273S12	SES125	-3.85243	13.9397	17.7921
BLOCK27/SES273/SA273S12	SES206	-2.79237	14.9997	17.7921
BLOCK27/SES273/SA273S13	SES099	-2.16082	15.6008	17.7616
BLOCK27/SES273/SA273S13	SES104	-3.62953	14.1321	17.7616
BLOCK27/SES273/SA273S13	SES206	-2.42546	15.3361	17.7616
BLOCK27/SES273/SA273S13	SES292	-3.78669	13.9749	17.7616
BLOCK27/SES273/SA273S21	SES099	-1.94835	15.272	17.2204
BLOCK27/SES273/SA273S21	SES148	-3.95074	13.2696	17.2204
BLOCK27/SES273/SA273S21	SES149	-4.13117	13.0892	17.2204
BLOCK27/SES273/SA273S21	SES177	-3.03549	14.1849	17.2204
BLOCK27/SES273/SA273S25	SES104	-4.72281	12.2868	17.0096
BLOCK27/SES273/SA273S25	SES125	-3.83975	13.1699	17.0096
BLOCK27/SES273/SA273S25	SES158	-2.45056	14.5591	17.0096
BLOCK27/SES273/SA273S25	SES206	-2.15119	14.8584	17.0096
BLOCK27/SES273/SA273S27	SES099	-2.02108	14.5107	16.5318
BLOCK27/SES273/SA273S27	SES104	-3.32331	13.2085	16.5318
BLOCK27/SES273/SA273S27	SES149	-2.8265	13.7053	16.5318
BLOCK27/SES273/SA273S27	SES275	-3.04856	13.4832	16.5318
BLOCK27/SES274/SA274S10	SES105	-3.03461	12.7496	15.7842
BLOCK27/SES274/SA274S10	SES125	-5.32898	10.4552	15.7842
BLOCK27/SES274/SA274S10	SES129	-1.99856	13.7857	15.7842
BLOCK27/SES274/SA274S10	SES158	-5.3661	10.4181	15.7842
BLOCK27/SES274/SA274S11	SES105	-2.41935	13.5081	15.9275
BLOCK27/SES274/SA274S11	SES149	-3.56679	12.3607	15.9275
BLOCK27/SES274/SA274S11	SES158	-4.03109	11.8964	15.9275
BLOCK27/SES274/SA274S11	SES275	-1.82482	14.1026	15.9275
BLOCK27/SES274/SA274S21	SES105	-3.53061	12.3437	15.8743
BLOCK27/SES274/SA274S21	SES129	-2.29542	13.5789	15.8743
BLOCK27/SES274/SA274S21	SES149	-3.51856	12.3557	15.8743
BLOCK27/SES274/SA274S21	SES158	-6.41274	9.46154	15.8743
BLOCK27/SES274/SA274S24	SES105	-2.68321	14.1526	16.8358
BLOCK27/SES274/SA274S24	SES129	-2.21967	14.6162	16.8358
BLOCK27/SES274/SA274S24	SES149	-3.63799	13.1978	16.8358
BLOCK27/SES274/SA274S24	SES158	-6.98566	9.85017	16.8358
BLOCK27/SES274/SA274S29	SES105	-3.61059	12.0143	15.6249
BLOCK27/SES274/SA274S29	SES106	-5.45996	10.165	15.6249
BLOCK27/SES274/SA274S29	SES120	-3.36315	12.2618	15.6249
BLOCK27/SES274/SA274S29	SES275	-2.6313	12.9936	15.6249
BLOCK27/SES276/SA276S16	SES148	-4.05543	11.3575	15.413
BLOCK27/SES276/SA276S16	SES172	-3.5915	11.8215	15.413
BLOCK27/SES276/SA276S16	SES180	-4.41015	11.0028	15.413
BLOCK27/SES276/SA276S16	SES292	-3.77789	11.6351	15.413
BLOCK27/SES276/SA276S17	SES101	-3.52335	12.3419	15.8652
BLOCK27/SES276/SA276S17	SES177	-4.02379	11.8415	15.8652
BLOCK27/SES276/SA276S17	SES180	-3.3572	12.508	15.8652
BLOCK27/SES276/SA276S17	SES292	-3.11107	12.7542	15.8652
BLOCK27/SES276/SA276S24	SES101	-3.03692	13.4267	16.4636
BLOCK27/SES276/SA276S24	SES177	-3.08126	13.3823	16.4636
BLOCK27/SES276/SA276S24	SES180	-3.62668	12.8369	16.4636
BLOCK27/SES276/SA276S24	SES292	-4.3092	12.1544	16.4636
BLOCK27/SES276/SA276S26	SES101	-4.15037	13.1438	17.2942
BLOCK27/SES276/SA276S26	SES177	-2.57005	14.7242	17.2942
BLOCK27/SES276/SA276S26	SES180	-2.15609	15.1381	17.2942
BLOCK27/SES276/SA276S26	SES292	-2.61243	14.6818	17.2942
BLOCK27/SES276/SA276S28	SES101	-3.65594	12.7068	16.3628
BLOCK27/SES276/SA276S28	SES177	-3.93351	12.4293	16.3628
BLOCK27/SES276/SA276S28	SES180	-2.35364	14.0091	16.3628
BLOCK27/SES276/SA276S28	SES292	-3.45739	12.9054	16.3628
BLOCK27/SES277/SA277S12	SES101	-3.14755	10.2372	13.3848
BLOCK27/SES277/SA277S12	SES177	-4.34446	9.04033	13.3848
BLOCK27/SES277/SA277S12	SES180	-4.90031	8.48448	13.3848
BLOCK27/SES277/SA277S12	SES292	-4.90303	8.48177	13.3848
BLOCK27/SES277/SA277S14	SES177	-3.39895	9.94572	13.3447
BLOCK27/SES277/SA277S14	SES180	-4.80393	8.54074	13.3447
BLOCK27/SES277/SA277S14	SES189	-2.05588	11.2888	13.3447
BLOCK27/SES277/SA277S14	SES292	-5.02456	8.32011	13.3447
BLOCK27/SES277/SA277S21	SES177	-2.8167	12.0049	14.8216
BLOCK27/SES277/SA277S21	SES180	-3.86442	10.9572	14.8216
BLOCK27/SES277/SA277S21	SES189	-1.82712	12.9945	14.8216
BLOCK27/SES277/SA277S21	SES292	-4.71698	10.1047	14.8216
BLOCK27/SES277/SA277S24	SES144	-4.18803	8.84724	13.0353
BLOCK27/SES277/SA277S24	SES177	-4.05287	8.98241	13.0353
BLOCK27/SES277/SA277S24	SES180	-5.48295	7.55233	13.0353
BLOCK27/SES277/SA277S24	SES189	-2.92964	10.1056	13.0353
BLOCK27/SES277/SA277S29	SES177	-3.3565	12.6515	16.008
BLOCK27/SES277/SA277S29	SES180	-4.08358	11.9245	16.008
BLOCK27/SES277/SA277S29	SES202	-3.78876	12.2193	16.008
BLOCK27/SES277/SA277S29	SES292	-4.56071	11.4473	16.008
BLOCK27/SES279/SA279S09	SES120	-3.73563	12.2849	16.0205
BLOCK27/SES279/SA279S09	SES146	-3.61201	12.4085	16.0205
BLOCK27/SES279/SA279S09	SES206	-4.18282	11.8377	16.0205
BLOCK27/SES279/SA279S09	SES226	-5.9049	10.1156	16.0205
BLOCK27/SES279/SA279S10	SES099	-2.53474	13.5524	16.0872
BLOCK27/SES279/SA279S10	SES206	-2.73718	13.35	16.0872
BLOCK27/SES279/SA279S10	SES226	-4.93321	11.154	16.0872
BLOCK27/SES279/SA279S10	SES292	-1.98116	14.106	16.0872
BLOCK27/SES279/SA279S20	SES099	-3.96186	11.8637	15.8256
BLOCK27/SES279/SA279S20	SES206	-2.57732	13.2482	15.8256
BLOCK27/SES279/SA279S20	SES226	-5.09368	10.7319	15.8256
BLOCK27/SES279/SA279S20	SES292	-2.41384	13.4117	15.8256
BLOCK27/SES279/SA279S26	SES099	-3.15952	12.6747	15.8342
BLOCK27/SES279/SA279S26	SES206	-2.27319	13.561	15.8342
BLOCK27/SES279/SA279S26	SES226	-4.66852	11.1657	15.8342
BLOCK27/SES279/SA279S26	SES292	-2.36968	13.4645	15.8342
BLOCK27/SES279/SA279S28	SES099	-3.09309	14.6137	17.7068
BLOCK27/SES279/SA279S28	SES120	-2.861	14.8458	17.7068
BLOCK27/SES279/SA279S28	SES177	-3.59607	14.1108	17.7068
BLOCK27/SES279/SA279S28	SES206	-2.74419	14.9626	17.7068
BLOCK29/SES290/SA290S12	SES162	-3.16559	12.1357	15.3013
BLOCK29/SES290/SA290S12	SES177	-3.53126	11.7701	15.3013
BLOCK29/SES290/SA290S12	SES180	-3.42169	11.8796	15.3013
BLOCK29/SES290/SA290S12	SES292	-3.80464	11.4967	15.3013
BLOCK29/SES290/SA290S13	SES007	-3.26254	12.2977	15.5603
BLOCK29/SES290/SA290S13	SES162	-4.09649	11.4638	15.5603
BLOCK29/SES290/SA290S13	SES177	-3.24008	12.3202	15.5603
BLOCK29/SES290/SA290S13	SES180	-3.04214	12.5181	15.5603
BLOCK29/SES290/SA290S22	SES177	-2.98359	11.8432	14.8268
BLOCK29/SES290/SA290S22	SES180	-3.15054	11.6762	14.8268
BLOCK29/SES290/SA290S22	SES202	-3.39176	11.435	14.8268
BLOCK29/SES290/SA290S22	SES292	-3.94826	10.8785	14.8268
BLOCK29/SES290/SA290S25	SES162	-2.9169	13.135	16.0519
BLOCK29/SES290/SA290S25	SES177	-2.72315	13.3288	16.0519
BLOCK29/SES290/SA290S25	SES180	-3.0921	12.9598	16.0519
BLOCK29/SES290/SA290S25	SES292	-2.9779	13.074	16.0519
BLOCK29/SES290/SA290S29	SES177	-2.49805	12.6642	15.1623
BLOCK29/SES290/SA290S29	SES180	-2.91534	12.2469	15.1623
BLOCK29/SES290/SA290S29	SES275	-3.31299	11.8493	15.1623
BLOCK29/SES290/SA290S29	SES292	-3.26468	11.8976	15.1623
BLOCK29/SES291/SA291S11	SES105	-5.32523	9.11291	14.4381
BLOCK29/SES291/SA291S11	SES125	-3.84071	10.5974	14.4381
BLOCK29/SES291/SA291S11	SES158	-3.29597	11.1422	14.4381
BLOCK29/SES291/SA291S11	SES275	-4.46594	9.9722	14.4381
BLOCK29/SES291/SA291S12	SES158	-1.06454	13.4033	14.4678
BLOCK29/SES291/SA291S12	SES226	-4.62969	9.83814	14.4678
BLOCK29/SES291/SA291S12	SES270	-1.05814	13.4097	14.4678
BLOCK29/SES291/SA291S12	SES275	-5.5288	8.93902	14.4678
BLOCK29/SES291/SA291S22	SES082	-3.31531	11.8552	15.1706
BLOCK29/SES291/SA291S22	SES158	-2.80492	12.3656	15.1706
BLOCK29/SES291/SA291S22	SES259	-4.44583	10.7247	15.1706
BLOCK29/SES291/SA291S22	SES275	-4.71233	10.4582	15.1706
BLOCK29/SES291/SA291S24	SES104	-2.1333	14.6441	16.7774
BLOCK29/SES291/SA291S24	SES125	-2.80689	13.9705	16.7774
BLOCK29/SES291/SA291S24	SES158	-2.3686	14.4088	16.7774
BLOCK29/SES291/SA291S24	SES275	-5.35769	11.4197	16.7774
BLOCK29/SES291/SA291S27	SES158	-1.69867	14.2919	15.9906
BLOCK29/SES291/SA291S27	SES172	-6.18489	9.80572	15.9906
BLOCK29/SES291/SA291S27	SES275	-5.51447	10.4761	15.9906
BLOCK29/SES291/SA291S27	SES292	-3.96833	12.0223	15.9906
